Log file open, 04/10/22 17:04:23
LogWindows: Failed to load 'aqProf.dll' (GetLastError=126)
LogWindows: File 'aqProf.dll' does not exist
LogWindows: Failed to load 'VtuneApi.dll' (GetLastError=126)
LogWindows: File 'VtuneApi.dll' does not exist
LogWindows: Failed to load 'VtuneApi32e.dll' (GetLastError=126)
LogWindows: File 'VtuneApi32e.dll' does not exist
LogConsoleResponse: Display: Failed to find resolution value strings in scalability ini. Falling back to default.
LogInit: Display: Running engine for game: SlaneckaDrivingSim
LogPakFile: Registered encryption key '00000000000000000000000000000000': 0 pak files mounted, 0 remain pending
LogPlatformFile: Not using cached read wrapper
LogTaskGraph: Started task graph with 5 named threads and 35 total threads with 3 sets of task threads.
LogStats: Stats thread started at 0.383653
LogD3D11RHI: Loaded GFSDK_Aftermath_Lib.x64.dll
LogICUInternationalization: ICU TimeZone Detection - Raw Offset: +1:00, Platform Override: ''
LogPluginManager: Mounting plugin Paper2D
LogPluginManager: Mounting plugin AISupport
LogPluginManager: Mounting plugin LightPropagationVolume
LogPluginManager: Mounting plugin ActorLayerUtilities
LogPluginManager: Mounting plugin AnimationSharing
LogPluginManager: Mounting plugin CLionSourceCodeAccess
LogPluginManager: Mounting plugin CodeLiteSourceCodeAccess
LogPluginManager: Mounting plugin GitSourceControl
LogPluginManager: Mounting plugin KDevelopSourceCodeAccess
LogPluginManager: Mounting plugin NullSourceCodeAccess
LogPluginManager: Mounting plugin PerforceSourceControl
LogPluginManager: Mounting plugin SubversionSourceControl
LogPluginManager: Mounting plugin UObjectPlugin
LogPluginManager: Mounting plugin VisualStudioCodeSourceCodeAccess
LogPluginManager: Mounting plugin VisualStudioSourceCodeAccess
LogPluginManager: Mounting plugin XCodeSourceCodeAccess
LogPluginManager: Mounting plugin AssetManagerEditor
LogPluginManager: Mounting plugin CryptoKeys
LogPluginManager: Mounting plugin DataValidation
LogPluginManager: Mounting plugin FacialAnimation
LogPluginManager: Mounting plugin GameplayTagsEditor
LogPluginManager: Mounting plugin MacGraphicsSwitching
LogPluginManager: Mounting plugin MaterialAnalyzer
LogPluginManager: Mounting plugin MobileLauncherProfileWizard
LogPluginManager: Mounting plugin PluginBrowser
LogPluginManager: Mounting plugin SpeedTreeImporter
LogPluginManager: Mounting plugin DatasmithContent
LogPluginManager: Mounting plugin VariantManagerContent
LogPluginManager: Mounting plugin AlembicImporter
LogPluginManager: Mounting plugin AppleImageUtils
LogPluginManager: Mounting plugin AppleVision
LogPluginManager: Mounting plugin BackChannel
LogPluginManager: Mounting plugin CharacterAI
LogPluginManager: Mounting plugin GeometryCache
LogPluginManager: Mounting plugin HTML5Networking
LogPluginManager: Mounting plugin ProxyLODPlugin
LogPluginManager: Mounting plugin SkeletalReduction
LogPluginManager: Mounting plugin MagicLeap
LogPluginManager: Mounting plugin MagicLeapMedia
LogPluginManager: Mounting plugin AndroidMedia
LogPluginManager: Mounting plugin AvfMedia
LogPluginManager: Mounting plugin ImgMedia
LogPluginManager: Mounting plugin LinearTimecode
LogPluginManager: Mounting plugin MediaCompositing
LogPluginManager: Mounting plugin MediaPlayerEditor
LogPluginManager: Mounting plugin WebMMedia
LogPluginManager: Mounting plugin WmfMedia
LogPluginManager: Mounting plugin TcpMessaging
LogPluginManager: Mounting plugin UdpMessaging
LogPluginManager: Mounting plugin ActorSequence
LogPluginManager: Mounting plugin LevelSequenceEditor
LogPluginManager: Mounting plugin MatineeToLevelSequence
LogPluginManager: Mounting plugin NetcodeUnitTest
LogPluginManager: Mounting plugin NUTUnrealEngine4
LogPluginManager: Mounting plugin OnlineSubsystemGooglePlay
LogPluginManager: Mounting plugin OnlineSubsystemIOS
LogPluginManager: Mounting plugin OnlineSubsystem
LogPluginManager: Mounting plugin OnlineSubsystemNull
LogPluginManager: Mounting plugin OnlineSubsystemUtils
LogPluginManager: Mounting plugin LauncherChunkInstaller
LogPluginManager: Mounting plugin AndroidDeviceProfileSelector
LogPluginManager: Mounting plugin AndroidMoviePlayer
LogPluginManager: Mounting plugin AndroidPermission
LogPluginManager: Mounting plugin AppleMoviePlayer
LogPluginManager: Mounting plugin ArchVisCharacter
LogPluginManager: Mounting plugin AudioCapture
LogPluginManager: Mounting plugin CableComponent
LogPluginManager: Mounting plugin CustomMeshComponent
LogPluginManager: Mounting plugin EditableMesh
LogPluginManager: Mounting plugin ExampleDeviceProfileSelector
LogPluginManager: Mounting plugin Firebase
LogPluginManager: Mounting plugin GoogleCloudMessaging
LogPluginManager: Mounting plugin IOSDeviceProfileSelector
LogPluginManager: Mounting plugin LinuxDeviceProfileSelector
LogPluginManager: Mounting plugin LocationServicesBPLibrary
LogPluginManager: Mounting plugin MobilePatchingUtils
LogPluginManager: Mounting plugin OculusVR
LogPluginManager: Mounting plugin PhysXVehicles
LogPluginManager: Mounting plugin ProceduralMeshComponent
LogPluginManager: Mounting plugin RuntimePhysXCooking
LogPluginManager: Mounting plugin SignificanceManager
LogPluginManager: Mounting plugin WebMMoviePlayer
LogPluginManager: Mounting plugin WindowsMoviePlayer
LogInit: Using libcurl 7.55.1-DEV
LogInit:  - built for x86_64-pc-win32
LogInit:  - supports SSL with OpenSSL/1.1.1
LogInit:  - supports HTTP deflate (compression) using libz 1.2.8
LogInit:  - other features:
LogInit:      CURL_VERSION_SSL
LogInit:      CURL_VERSION_LIBZ
LogInit:      CURL_VERSION_IPV6
LogInit:      CURL_VERSION_ASYNCHDNS
LogInit:      CURL_VERSION_LARGEFILE
LogInit:      CURL_VERSION_IDN
LogInit:  CurlRequestOptions (configurable via config and command line):
LogInit:  - bVerifyPeer = true  - Libcurl will verify peer certificate
LogInit:  - bUseHttpProxy = false  - Libcurl will NOT use HTTP proxy
LogInit:  - bDontReuseConnections = false  - Libcurl will reuse connections
LogInit:  - MaxHostConnections = 16  - Libcurl will limit the number of connections to a host
LogInit:  - LocalHostAddr = Default
LogInit:  - BufferSize = 65536
LogInit: WinSock: version 1.1 (2.2), MaxSocks=32767, MaxUdp=65467
LogHMD: Failed initializing OVRPlugin 1.32.0
LogInit: Build: ++UE4+Release-4.22-CL-7053642
LogInit: Engine Version: 4.22.3-7053642+++UE4+Release-4.22
LogInit: Compatible Engine Version: 4.22.0-5660361+++UE4+Release-4.22
LogInit: Net CL: 5660361
LogInit: OS: Windows 10 (Release 2009) (), CPU: Intel(R) Core(TM) i7-8700K CPU @ 3.70GHz, GPU: NVIDIA GeForce GTX 1070
LogInit: Compiled (64-bit): Jun 18 2019 03:09:11
LogInit: Compiled with Visual C++: 19.16.27025.01
LogInit: Build Configuration: Development
LogInit: Branch Name: ++UE4+Release-4.22
LogInit: Command Line:  /Game/StarterContent/Maps/Minimal_Default -game -PIEVIACONSOLE -ResX=1280 -ResY=720 -Multiprocess -messaging -SessionName="Play in Standalone Game" -windowed
LogInit: Base Directory: D:/UnrealEngine/UE_4.22/Engine/Binaries/Win64/
LogInit: Installed Engine Build: 1
LogDevObjectVersion: Number of dev versions registered: 23
LogDevObjectVersion:   Dev-Blueprints (B0D832E4-1F89-4F0D-ACCF-7EB736FD4AA2): 10
LogDevObjectVersion:   Dev-Build (E1C64328-A22C-4D53-A36C-8E866417BD8C): 0
LogDevObjectVersion:   Dev-Core (375EC13C-06E4-48FB-B500-84F0262A717E): 3
LogDevObjectVersion:   Dev-Editor (E4B068ED-F494-42E9-A231-DA0B2E46BB41): 30
LogDevObjectVersion:   Dev-Framework (CFFC743F-43B0-4480-9391-14DF171D2073): 35
LogDevObjectVersion:   Dev-Mobile (B02B49B5-BB20-44E9-A304-32B752E40360): 2
LogDevObjectVersion:   Dev-Networking (A4E4105C-59A1-49B5-A7C5-40C4547EDFEE): 0
LogDevObjectVersion:   Dev-Online (39C831C9-5AE6-47DC-9A44-9C173E1C8E7C): 0
LogDevObjectVersion:   Dev-Physics (78F01B33-EBEA-4F98-B9B4-84EACCB95AA2): 0
LogDevObjectVersion:   Dev-Platform (6631380F-2D4D-43E0-8009-CF276956A95A): 0
LogDevObjectVersion:   Dev-Rendering (12F88B9F-8875-4AFC-A67C-D90C383ABD29): 28
LogDevObjectVersion:   Dev-Sequencer (7B5AE74C-D270-4C10-A958-57980B212A5A): 11
LogDevObjectVersion:   Dev-VR (D7296918-1DD6-4BDD-9DE2-64A83CC13884): 2
LogDevObjectVersion:   Dev-LoadTimes (C2A15278-BFE7-4AFE-6C17-90FF531DF755): 1
LogDevObjectVersion:   Private-Geometry (6EACA3D4-40EC-4CC1-B786-8BED09428FC5): 3
LogDevObjectVersion:   Dev-AnimPhys (29E575DD-E0A3-4627-9D10-D276232CDCEA): 17
LogDevObjectVersion:   Dev-Anim (AF43A65D-7FD3-4947-9873-3E8ED9C1BB05): 2
LogDevObjectVersion:   Dev-ReflectionCapture (6B266CEC-1EC7-4B8F-A30B-E4D90942FC07): 1
LogDevObjectVersion:   Dev-Automation (0DF73D61-A23F-47EA-B727-89E90C41499A): 1
LogDevObjectVersion:   FortniteMain (601D1886-AC64-4F84-AA16-D3DE0DEAC7D6): 25
LogDevObjectVersion:   Dev-Enterprise (9DFFBCD6-494F-0158-E221-12823C92A888): 6
LogDevObjectVersion:   Dev-Niagara (F2AED0AC-9AFE-416F-8664-AA7FFA26D6FC): 1
LogDevObjectVersion:   Dev-Destruction (174F1F0B-B4C6-45A5-B13F-2EE8D0FB917D): 2
LogInit: Presizing for max 16777216 objects, including 0 objects not considered by GC, pre-allocating 0 bytes for permanent pool.
LogInit: Object subsystem initialized
LogConfig: Setting CVar [[con.DebugEarlyDefault:1]]
LogConfig: Setting CVar [[r.setres:1280x720]]
[2022.04.10-15.04.24:153][  0]LogConfig: Setting CVar [[con.DebugEarlyDefault:1]]
[2022.04.10-15.04.24:153][  0]LogConfig: Setting CVar [[r.setres:1280x720]]
[2022.04.10-15.04.24:153][  0]LogConfig: Applying CVar settings from Section [/Script/Engine.RendererSettings] File [D:/Desktop/Githubdesktop/SlaneckaDrivingSimulator/Saved/Config/Windows/Engine.ini]
[2022.04.10-15.04.24:153][  0]LogConfig: Setting CVar [[r.GPUCrashDebugging:0]]
[2022.04.10-15.04.24:153][  0]LogConfig: Setting CVar [[r.DefaultFeature.AutoExposure.ExtendDefaultLuminanceRange:1]]
[2022.04.10-15.04.24:153][  0]LogConfig: Setting CVar [[r.DefaultFeature.MotionBlur:0]]
[2022.04.10-15.04.24:153][  0]LogConfig: Applying CVar settings from Section [/Script/Engine.RendererOverrideSettings] File [D:/Desktop/Githubdesktop/SlaneckaDrivingSimulator/Saved/Config/Windows/Engine.ini]
[2022.04.10-15.04.24:153][  0]LogConfig: Applying CVar settings from Section [/Script/Engine.StreamingSettings] File [D:/Desktop/Githubdesktop/SlaneckaDrivingSimulator/Saved/Config/Windows/Engine.ini]
[2022.04.10-15.04.24:153][  0]LogConfig: Setting CVar [[s.MinBulkDataSizeForAsyncLoading:131072]]
[2022.04.10-15.04.24:153][  0]LogConfig: Setting CVar [[s.AsyncLoadingThreadEnabled:0]]
[2022.04.10-15.04.24:153][  0]LogConfig: Setting CVar [[s.EventDrivenLoaderEnabled:1]]
[2022.04.10-15.04.24:153][  0]LogConfig: Setting CVar [[s.WarnIfTimeLimitExceeded:0]]
[2022.04.10-15.04.24:153][  0]LogConfig: Setting CVar [[s.TimeLimitExceededMultiplier:1.5]]
[2022.04.10-15.04.24:153][  0]LogConfig: Setting CVar [[s.TimeLimitExceededMinTime:0.005]]
[2022.04.10-15.04.24:153][  0]LogConfig: Setting CVar [[s.UseBackgroundLevelStreaming:1]]
[2022.04.10-15.04.24:153][  0]LogConfig: Setting CVar [[s.PriorityAsyncLoadingExtraTime:15.0]]
[2022.04.10-15.04.24:153][  0]LogConfig: Setting CVar [[s.LevelStreamingActorsUpdateTimeLimit:5.0]]
[2022.04.10-15.04.24:154][  0]LogConfig: Setting CVar [[s.PriorityLevelStreamingActorsUpdateExtraTime:5.0]]
[2022.04.10-15.04.24:154][  0]LogConfig: Setting CVar [[s.LevelStreamingComponentsRegistrationGranularity:10]]
[2022.04.10-15.04.24:154][  0]LogConfig: Setting CVar [[s.UnregisterComponentsTimeLimit:1.0]]
[2022.04.10-15.04.24:154][  0]LogConfig: Setting CVar [[s.LevelStreamingComponentsUnregistrationGranularity:5]]
[2022.04.10-15.04.24:154][  0]LogConfig: Applying CVar settings from Section [/Script/Engine.GarbageCollectionSettings] File [D:/Desktop/Githubdesktop/SlaneckaDrivingSimulator/Saved/Config/Windows/Engine.ini]
[2022.04.10-15.04.24:154][  0]LogConfig: Setting CVar [[gc.MaxObjectsNotConsideredByGC:1]]
[2022.04.10-15.04.24:154][  0]LogConfig: Setting CVar [[gc.SizeOfPermanentObjectPool:0]]
[2022.04.10-15.04.24:154][  0]LogConfig: Setting CVar [[gc.FlushStreamingOnGC:0]]
[2022.04.10-15.04.24:154][  0]LogConfig: Setting CVar [[gc.NumRetriesBeforeForcingGC:10]]
[2022.04.10-15.04.24:154][  0]LogConfig: Setting CVar [[gc.AllowParallelGC:1]]
[2022.04.10-15.04.24:154][  0]LogConfig: Setting CVar [[gc.TimeBetweenPurgingPendingKillObjects:61.1]]
[2022.04.10-15.04.24:154][  0]LogConfig: Setting CVar [[gc.MaxObjectsInEditor:16777216]]
[2022.04.10-15.04.24:154][  0]LogConfig: Setting CVar [[gc.IncrementalBeginDestroyEnabled:1]]
[2022.04.10-15.04.24:154][  0]LogConfig: Setting CVar [[gc.CreateGCClusters:1]]
[2022.04.10-15.04.24:154][  0]LogConfig: Setting CVar [[gc.MinGCClusterSize:5]]
[2022.04.10-15.04.24:154][  0]LogConfig: Setting CVar [[gc.ActorClusteringEnabled:0]]
[2022.04.10-15.04.24:154][  0]LogConfig: Setting CVar [[gc.BlueprintClusteringEnabled:0]]
[2022.04.10-15.04.24:154][  0]LogConfig: Setting CVar [[gc.UseDisregardForGCOnDedicatedServers:0]]
[2022.04.10-15.04.24:154][  0]LogConfig: Applying CVar settings from Section [/Script/Engine.NetworkSettings] File [D:/Desktop/Githubdesktop/SlaneckaDrivingSimulator/Saved/Config/Windows/Engine.ini]
[2022.04.10-15.04.24:154][  0]LogConfig: Applying CVar settings from Section [/Script/UnrealEd.CookerSettings] File [D:/Desktop/Githubdesktop/SlaneckaDrivingSimulator/Saved/Config/Windows/Engine.ini]
[2022.04.10-15.04.24:159][  0]LogConfig: Applying CVar settings from Section [ViewDistanceQuality@3] File [D:/Desktop/Githubdesktop/SlaneckaDrivingSimulator/Saved/Config/Windows/Scalability.ini]
[2022.04.10-15.04.24:159][  0]LogConfig: Setting CVar [[r.SkeletalMeshLODBias:0]]
[2022.04.10-15.04.24:159][  0]LogConfig: Setting CVar [[r.ViewDistanceScale:1.0]]
[2022.04.10-15.04.24:159][  0]LogConfig: Applying CVar settings from Section [AntiAliasingQuality@3] File [D:/Desktop/Githubdesktop/SlaneckaDrivingSimulator/Saved/Config/Windows/Scalability.ini]
[2022.04.10-15.04.24:159][  0]LogConfig: Setting CVar [[r.PostProcessAAQuality:4]]
[2022.04.10-15.04.24:159][  0]LogConfig: Applying CVar settings from Section [ShadowQuality@3] File [D:/Desktop/Githubdesktop/SlaneckaDrivingSimulator/Saved/Config/Windows/Scalability.ini]
[2022.04.10-15.04.24:159][  0]LogConfig: Setting CVar [[r.LightFunctionQuality:1]]
[2022.04.10-15.04.24:159][  0]LogConfig: Setting CVar [[r.ShadowQuality:5]]
[2022.04.10-15.04.24:159][  0]LogConfig: Setting CVar [[r.Shadow.CSM.MaxCascades:10]]
[2022.04.10-15.04.24:159][  0]LogConfig: Setting CVar [[r.Shadow.MaxResolution:2048]]
[2022.04.10-15.04.24:159][  0]LogConfig: Setting CVar [[r.Shadow.MaxCSMResolution:2048]]
[2022.04.10-15.04.24:159][  0]LogConfig: Setting CVar [[r.Shadow.RadiusThreshold:0.01]]
[2022.04.10-15.04.24:159][  0]LogConfig: Setting CVar [[r.Shadow.DistanceScale:1.0]]
[2022.04.10-15.04.24:159][  0]LogConfig: Setting CVar [[r.Shadow.CSM.TransitionScale:1.0]]
[2022.04.10-15.04.24:159][  0]LogConfig: Setting CVar [[r.Shadow.PreShadowResolutionFactor:1.0]]
[2022.04.10-15.04.24:159][  0]LogConfig: Setting CVar [[r.DistanceFieldShadowing:1]]
[2022.04.10-15.04.24:159][  0]LogConfig: Setting CVar [[r.DistanceFieldAO:1]]
[2022.04.10-15.04.24:159][  0]LogConfig: Setting CVar [[r.AOQuality:2]]
[2022.04.10-15.04.24:159][  0]LogConfig: Setting CVar [[r.VolumetricFog:1]]
[2022.04.10-15.04.24:159][  0]LogConfig: Setting CVar [[r.VolumetricFog.GridPixelSize:8]]
[2022.04.10-15.04.24:159][  0]LogConfig: Setting CVar [[r.VolumetricFog.GridSizeZ:128]]
[2022.04.10-15.04.24:159][  0]LogConfig: Setting CVar [[r.VolumetricFog.HistoryMissSupersampleCount:4]]
[2022.04.10-15.04.24:159][  0]LogConfig: Setting CVar [[r.LightMaxDrawDistanceScale:1]]
[2022.04.10-15.04.24:159][  0]LogConfig: Setting CVar [[r.CapsuleShadows:1]]
[2022.04.10-15.04.24:159][  0]LogConfig: Applying CVar settings from Section [PostProcessQuality@3] File [D:/Desktop/Githubdesktop/SlaneckaDrivingSimulator/Saved/Config/Windows/Scalability.ini]
[2022.04.10-15.04.24:159][  0]LogConfig: Setting CVar [[r.MotionBlurQuality:4]]
[2022.04.10-15.04.24:159][  0]LogConfig: Setting CVar [[r.AmbientOcclusionMipLevelFactor:0.4]]
[2022.04.10-15.04.24:159][  0]LogConfig: Setting CVar [[r.AmbientOcclusionMaxQuality:100]]
[2022.04.10-15.04.24:159][  0]LogConfig: Setting CVar [[r.AmbientOcclusionLevels:-1]]
[2022.04.10-15.04.24:159][  0]LogConfig: Setting CVar [[r.AmbientOcclusionRadiusScale:1.0]]
[2022.04.10-15.04.24:159][  0]LogConfig: Setting CVar [[r.DepthOfFieldQuality:2]]
[2022.04.10-15.04.24:159][  0]LogConfig: Setting CVar [[r.RenderTargetPoolMin:400]]
[2022.04.10-15.04.24:159][  0]LogConfig: Setting CVar [[r.LensFlareQuality:2]]
[2022.04.10-15.04.24:159][  0]LogConfig: Setting CVar [[r.SceneColorFringeQuality:1]]
[2022.04.10-15.04.24:159][  0]LogConfig: Setting CVar [[r.EyeAdaptationQuality:2]]
[2022.04.10-15.04.24:159][  0]LogConfig: Setting CVar [[r.BloomQuality:5]]
[2022.04.10-15.04.24:159][  0]LogConfig: Setting CVar [[r.FastBlurThreshold:100]]
[2022.04.10-15.04.24:159][  0]LogConfig: Setting CVar [[r.Upscale.Quality:3]]
[2022.04.10-15.04.24:159][  0]LogConfig: Setting CVar [[r.Tonemapper.GrainQuantization:1]]
[2022.04.10-15.04.24:159][  0]LogConfig: Setting CVar [[r.LightShaftQuality:1]]
[2022.04.10-15.04.24:159][  0]LogConfig: Setting CVar [[r.Filter.SizeScale:1]]
[2022.04.10-15.04.24:159][  0]LogConfig: Setting CVar [[r.Tonemapper.Quality:5]]
[2022.04.10-15.04.24:159][  0]LogConfig: Setting CVar [[r.DOF.Gather.AccumulatorQuality:1        ; higher gathering accumulator quality]]
[2022.04.10-15.04.24:159][  0]LogConfig: Setting CVar [[r.DOF.Gather.PostfilterMethod:1          ; Median3x3 postfilering method]]
[2022.04.10-15.04.24:159][  0]LogConfig: Setting CVar [[r.DOF.Gather.EnableBokehSettings:0       ; no bokeh simulation when gathering]]
[2022.04.10-15.04.24:159][  0]LogConfig: Setting CVar [[r.DOF.Gather.RingCount:4                 ; medium number of samples when gathering]]
[2022.04.10-15.04.24:159][  0]LogConfig: Setting CVar [[r.DOF.Scatter.ForegroundCompositing:1    ; additive foreground scattering]]
[2022.04.10-15.04.24:159][  0]LogConfig: Setting CVar [[r.DOF.Scatter.BackgroundCompositing:2    ; additive background scattering]]
[2022.04.10-15.04.24:159][  0]LogConfig: Setting CVar [[r.DOF.Scatter.EnableBokehSettings:1      ; bokeh simulation when scattering]]
[2022.04.10-15.04.24:159][  0]LogConfig: Setting CVar [[r.DOF.Scatter.MaxSpriteRatio:0.1         ; only a maximum of 10% of scattered bokeh]]
[2022.04.10-15.04.24:159][  0]LogConfig: Setting CVar [[r.DOF.Recombine.Quality:1                ; cheap slight out of focus]]
[2022.04.10-15.04.24:159][  0]LogConfig: Setting CVar [[r.DOF.Recombine.EnableBokehSettings:0    ; no bokeh simulation on slight out of focus]]
[2022.04.10-15.04.24:159][  0]LogConfig: Setting CVar [[r.DOF.TemporalAAQuality:1                ; more stable temporal accumulation]]
[2022.04.10-15.04.24:160][  0]LogConfig: Setting CVar [[r.DOF.Kernel.MaxForegroundRadius:0.025]]
[2022.04.10-15.04.24:160][  0]LogConfig: Setting CVar [[r.DOF.Kernel.MaxBackgroundRadius:0.025]]
[2022.04.10-15.04.24:160][  0]LogConfig: Applying CVar settings from Section [TextureQuality@3] File [D:/Desktop/Githubdesktop/SlaneckaDrivingSimulator/Saved/Config/Windows/Scalability.ini]
[2022.04.10-15.04.24:160][  0]LogConfig: Setting CVar [[r.Streaming.MipBias:0]]
[2022.04.10-15.04.24:160][  0]LogConfig: Setting CVar [[r.Streaming.AmortizeCPUToGPUCopy:0]]
[2022.04.10-15.04.24:160][  0]LogConfig: Setting CVar [[r.Streaming.MaxNumTexturesToStreamPerFrame:0]]
[2022.04.10-15.04.24:160][  0]LogConfig: Setting CVar [[r.Streaming.Boost:1]]
[2022.04.10-15.04.24:160][  0]LogConfig: Setting CVar [[r.MaxAnisotropy:8]]
[2022.04.10-15.04.24:160][  0]LogConfig: Setting CVar [[r.Streaming.LimitPoolSizeToVRAM:0]]
[2022.04.10-15.04.24:160][  0]LogConfig: Setting CVar [[r.Streaming.PoolSize:1000]]
[2022.04.10-15.04.24:160][  0]LogConfig: Setting CVar [[r.Streaming.MaxEffectiveScreenSize:0]]
[2022.04.10-15.04.24:160][  0]LogConfig: Applying CVar settings from Section [EffectsQuality@3] File [D:/Desktop/Githubdesktop/SlaneckaDrivingSimulator/Saved/Config/Windows/Scalability.ini]
[2022.04.10-15.04.24:160][  0]LogConfig: Setting CVar [[r.TranslucencyLightingVolumeDim:64]]
[2022.04.10-15.04.24:160][  0]LogConfig: Setting CVar [[r.RefractionQuality:2]]
[2022.04.10-15.04.24:160][  0]LogConfig: Setting CVar [[r.SSR.Quality:3]]
[2022.04.10-15.04.24:160][  0]LogConfig: Setting CVar [[r.SceneColorFormat:4]]
[2022.04.10-15.04.24:160][  0]LogConfig: Setting CVar [[r.DetailMode:2]]
[2022.04.10-15.04.24:160][  0]LogConfig: Setting CVar [[r.TranslucencyVolumeBlur:1]]
[2022.04.10-15.04.24:160][  0]LogConfig: Setting CVar [[r.MaterialQualityLevel:1 ; High quality]]
[2022.04.10-15.04.24:160][  0]LogConfig: Setting CVar [[r.SSS.Scale:1]]
[2022.04.10-15.04.24:160][  0]LogConfig: Setting CVar [[r.SSS.SampleSet:2]]
[2022.04.10-15.04.24:160][  0]LogConfig: Setting CVar [[r.SSS.Quality:1]]
[2022.04.10-15.04.24:160][  0]LogConfig: Setting CVar [[r.SSS.HalfRes:1]]
[2022.04.10-15.04.24:160][  0]LogConfig: Setting CVar [[r.EmitterSpawnRateScale:1.0]]
[2022.04.10-15.04.24:160][  0]LogConfig: Setting CVar [[r.ParticleLightQuality:2]]
[2022.04.10-15.04.24:160][  0]LogConfig: Applying CVar settings from Section [FoliageQuality@3] File [D:/Desktop/Githubdesktop/SlaneckaDrivingSimulator/Saved/Config/Windows/Scalability.ini]
[2022.04.10-15.04.24:160][  0]LogConfig: Setting CVar [[foliage.DensityScale:1.0]]
[2022.04.10-15.04.24:160][  0]LogConfig: Setting CVar [[grass.DensityScale:1.0]]
[2022.04.10-15.04.24:160][  0]LogInit: Selected Device Profile: [Windows]
[2022.04.10-15.04.24:160][  0]LogInit: Applying CVar settings loaded from the selected device profile: [Windows]
[2022.04.10-15.04.24:163][  0]LogHAL: Display: Platform has ~ 16 GB [17114173440 / 17179869184 / 16], which maps to Larger [LargestMinGB=32, LargerMinGB=12, DefaultMinGB=8, SmallerMinGB=6, SmallestMinGB=0)
[2022.04.10-15.04.24:163][  0]LogConfig: Setting CVar [[r.Vulkan.UseRealUBs:0		; Required until we fix HLR fall-out]]
[2022.04.10-15.04.24:163][  0]LogInit: Going up to parent DeviceProfile []
[2022.04.10-15.04.24:163][  0]LogConfig: Applying CVar settings from Section [ViewDistanceQuality@3] File [D:/Desktop/Githubdesktop/SlaneckaDrivingSimulator/Saved/Config/Windows/Scalability.ini]
[2022.04.10-15.04.24:164][  0]LogConfig: Setting CVar [[r.SkeletalMeshLODBias:0]]
[2022.04.10-15.04.24:164][  0]LogConfig: Setting CVar [[r.ViewDistanceScale:1.0]]
[2022.04.10-15.04.24:164][  0]LogConfig: Applying CVar settings from Section [AntiAliasingQuality@3] File [D:/Desktop/Githubdesktop/SlaneckaDrivingSimulator/Saved/Config/Windows/Scalability.ini]
[2022.04.10-15.04.24:164][  0]LogConfig: Setting CVar [[r.PostProcessAAQuality:4]]
[2022.04.10-15.04.24:164][  0]LogConfig: Applying CVar settings from Section [ShadowQuality@3] File [D:/Desktop/Githubdesktop/SlaneckaDrivingSimulator/Saved/Config/Windows/Scalability.ini]
[2022.04.10-15.04.24:164][  0]LogConfig: Setting CVar [[r.LightFunctionQuality:1]]
[2022.04.10-15.04.24:164][  0]LogConfig: Setting CVar [[r.ShadowQuality:5]]
[2022.04.10-15.04.24:164][  0]LogConfig: Setting CVar [[r.Shadow.CSM.MaxCascades:10]]
[2022.04.10-15.04.24:164][  0]LogConfig: Setting CVar [[r.Shadow.MaxResolution:2048]]
[2022.04.10-15.04.24:164][  0]LogConfig: Setting CVar [[r.Shadow.MaxCSMResolution:2048]]
[2022.04.10-15.04.24:164][  0]LogConfig: Setting CVar [[r.Shadow.RadiusThreshold:0.01]]
[2022.04.10-15.04.24:164][  0]LogConfig: Setting CVar [[r.Shadow.DistanceScale:1.0]]
[2022.04.10-15.04.24:164][  0]LogConfig: Setting CVar [[r.Shadow.CSM.TransitionScale:1.0]]
[2022.04.10-15.04.24:164][  0]LogConfig: Setting CVar [[r.Shadow.PreShadowResolutionFactor:1.0]]
[2022.04.10-15.04.24:164][  0]LogConfig: Setting CVar [[r.DistanceFieldShadowing:1]]
[2022.04.10-15.04.24:164][  0]LogConfig: Setting CVar [[r.DistanceFieldAO:1]]
[2022.04.10-15.04.24:164][  0]LogConfig: Setting CVar [[r.AOQuality:2]]
[2022.04.10-15.04.24:164][  0]LogConfig: Setting CVar [[r.VolumetricFog:1]]
[2022.04.10-15.04.24:164][  0]LogConfig: Setting CVar [[r.VolumetricFog.GridPixelSize:8]]
[2022.04.10-15.04.24:164][  0]LogConfig: Setting CVar [[r.VolumetricFog.GridSizeZ:128]]
[2022.04.10-15.04.24:164][  0]LogConfig: Setting CVar [[r.VolumetricFog.HistoryMissSupersampleCount:4]]
[2022.04.10-15.04.24:164][  0]LogConfig: Setting CVar [[r.LightMaxDrawDistanceScale:1]]
[2022.04.10-15.04.24:164][  0]LogConfig: Setting CVar [[r.CapsuleShadows:1]]
[2022.04.10-15.04.24:164][  0]LogConfig: Applying CVar settings from Section [PostProcessQuality@3] File [D:/Desktop/Githubdesktop/SlaneckaDrivingSimulator/Saved/Config/Windows/Scalability.ini]
[2022.04.10-15.04.24:164][  0]LogConfig: Setting CVar [[r.MotionBlurQuality:4]]
[2022.04.10-15.04.24:164][  0]LogConfig: Setting CVar [[r.AmbientOcclusionMipLevelFactor:0.4]]
[2022.04.10-15.04.24:164][  0]LogConfig: Setting CVar [[r.AmbientOcclusionMaxQuality:100]]
[2022.04.10-15.04.24:164][  0]LogConfig: Setting CVar [[r.AmbientOcclusionLevels:-1]]
[2022.04.10-15.04.24:164][  0]LogConfig: Setting CVar [[r.AmbientOcclusionRadiusScale:1.0]]
[2022.04.10-15.04.24:164][  0]LogConfig: Setting CVar [[r.DepthOfFieldQuality:2]]
[2022.04.10-15.04.24:164][  0]LogConfig: Setting CVar [[r.RenderTargetPoolMin:400]]
[2022.04.10-15.04.24:164][  0]LogConfig: Setting CVar [[r.LensFlareQuality:2]]
[2022.04.10-15.04.24:164][  0]LogConfig: Setting CVar [[r.SceneColorFringeQuality:1]]
[2022.04.10-15.04.24:164][  0]LogConfig: Setting CVar [[r.EyeAdaptationQuality:2]]
[2022.04.10-15.04.24:164][  0]LogConfig: Setting CVar [[r.BloomQuality:5]]
[2022.04.10-15.04.24:164][  0]LogConfig: Setting CVar [[r.FastBlurThreshold:100]]
[2022.04.10-15.04.24:164][  0]LogConfig: Setting CVar [[r.Upscale.Quality:3]]
[2022.04.10-15.04.24:164][  0]LogConfig: Setting CVar [[r.Tonemapper.GrainQuantization:1]]
[2022.04.10-15.04.24:164][  0]LogConfig: Setting CVar [[r.LightShaftQuality:1]]
[2022.04.10-15.04.24:164][  0]LogConfig: Setting CVar [[r.Filter.SizeScale:1]]
[2022.04.10-15.04.24:164][  0]LogConfig: Setting CVar [[r.Tonemapper.Quality:5]]
[2022.04.10-15.04.24:164][  0]LogConfig: Setting CVar [[r.DOF.Gather.AccumulatorQuality:1        ; higher gathering accumulator quality]]
[2022.04.10-15.04.24:164][  0]LogConfig: Setting CVar [[r.DOF.Gather.PostfilterMethod:1          ; Median3x3 postfilering method]]
[2022.04.10-15.04.24:164][  0]LogConfig: Setting CVar [[r.DOF.Gather.EnableBokehSettings:0       ; no bokeh simulation when gathering]]
[2022.04.10-15.04.24:164][  0]LogConfig: Setting CVar [[r.DOF.Gather.RingCount:4                 ; medium number of samples when gathering]]
[2022.04.10-15.04.24:164][  0]LogConfig: Setting CVar [[r.DOF.Scatter.ForegroundCompositing:1    ; additive foreground scattering]]
[2022.04.10-15.04.24:164][  0]LogConfig: Setting CVar [[r.DOF.Scatter.BackgroundCompositing:2    ; additive background scattering]]
[2022.04.10-15.04.24:164][  0]LogConfig: Setting CVar [[r.DOF.Scatter.EnableBokehSettings:1      ; bokeh simulation when scattering]]
[2022.04.10-15.04.24:164][  0]LogConfig: Setting CVar [[r.DOF.Scatter.MaxSpriteRatio:0.1         ; only a maximum of 10% of scattered bokeh]]
[2022.04.10-15.04.24:164][  0]LogConfig: Setting CVar [[r.DOF.Recombine.Quality:1                ; cheap slight out of focus]]
[2022.04.10-15.04.24:164][  0]LogConfig: Setting CVar [[r.DOF.Recombine.EnableBokehSettings:0    ; no bokeh simulation on slight out of focus]]
[2022.04.10-15.04.24:164][  0]LogConfig: Setting CVar [[r.DOF.TemporalAAQuality:1                ; more stable temporal accumulation]]
[2022.04.10-15.04.24:164][  0]LogConfig: Setting CVar [[r.DOF.Kernel.MaxForegroundRadius:0.025]]
[2022.04.10-15.04.24:164][  0]LogConfig: Setting CVar [[r.DOF.Kernel.MaxBackgroundRadius:0.025]]
[2022.04.10-15.04.24:164][  0]LogConfig: Applying CVar settings from Section [TextureQuality@3] File [D:/Desktop/Githubdesktop/SlaneckaDrivingSimulator/Saved/Config/Windows/Scalability.ini]
[2022.04.10-15.04.24:164][  0]LogConfig: Setting CVar [[r.Streaming.MipBias:0]]
[2022.04.10-15.04.24:164][  0]LogConfig: Setting CVar [[r.Streaming.AmortizeCPUToGPUCopy:0]]
[2022.04.10-15.04.24:164][  0]LogConfig: Setting CVar [[r.Streaming.MaxNumTexturesToStreamPerFrame:0]]
[2022.04.10-15.04.24:164][  0]LogConfig: Setting CVar [[r.Streaming.Boost:1]]
[2022.04.10-15.04.24:164][  0]LogConfig: Setting CVar [[r.MaxAnisotropy:8]]
[2022.04.10-15.04.24:164][  0]LogConfig: Setting CVar [[r.Streaming.LimitPoolSizeToVRAM:0]]
[2022.04.10-15.04.24:164][  0]LogConfig: Setting CVar [[r.Streaming.PoolSize:1000]]
[2022.04.10-15.04.24:164][  0]LogConfig: Setting CVar [[r.Streaming.MaxEffectiveScreenSize:0]]
[2022.04.10-15.04.24:164][  0]LogConfig: Applying CVar settings from Section [EffectsQuality@3] File [D:/Desktop/Githubdesktop/SlaneckaDrivingSimulator/Saved/Config/Windows/Scalability.ini]
[2022.04.10-15.04.24:164][  0]LogConfig: Setting CVar [[r.TranslucencyLightingVolumeDim:64]]
[2022.04.10-15.04.24:164][  0]LogConfig: Setting CVar [[r.RefractionQuality:2]]
[2022.04.10-15.04.24:164][  0]LogConfig: Setting CVar [[r.SSR.Quality:3]]
[2022.04.10-15.04.24:164][  0]LogConfig: Setting CVar [[r.SceneColorFormat:4]]
[2022.04.10-15.04.24:164][  0]LogConfig: Setting CVar [[r.DetailMode:2]]
[2022.04.10-15.04.24:164][  0]LogConfig: Setting CVar [[r.TranslucencyVolumeBlur:1]]
[2022.04.10-15.04.24:164][  0]LogConfig: Setting CVar [[r.MaterialQualityLevel:1 ; High quality]]
[2022.04.10-15.04.24:164][  0]LogConfig: Setting CVar [[r.SSS.Scale:1]]
[2022.04.10-15.04.24:164][  0]LogConfig: Setting CVar [[r.SSS.SampleSet:2]]
[2022.04.10-15.04.24:164][  0]LogConfig: Setting CVar [[r.SSS.Quality:1]]
[2022.04.10-15.04.24:164][  0]LogConfig: Setting CVar [[r.SSS.HalfRes:1]]
[2022.04.10-15.04.24:164][  0]LogConfig: Setting CVar [[r.EmitterSpawnRateScale:1.0]]
[2022.04.10-15.04.24:164][  0]LogConfig: Setting CVar [[r.ParticleLightQuality:2]]
[2022.04.10-15.04.24:164][  0]LogConfig: Applying CVar settings from Section [FoliageQuality@3] File [D:/Desktop/Githubdesktop/SlaneckaDrivingSimulator/Saved/Config/Windows/Scalability.ini]
[2022.04.10-15.04.24:164][  0]LogConfig: Setting CVar [[foliage.DensityScale:1.0]]
[2022.04.10-15.04.24:164][  0]LogConfig: Setting CVar [[grass.DensityScale:1.0]]
[2022.04.10-15.04.24:164][  0]LogConfig: Applying CVar settings from Section [Startup] File [../../../Engine/Config/ConsoleVariables.ini]
[2022.04.10-15.04.24:165][  0]LogConfig: Setting CVar [[net.UseAdaptiveNetUpdateFrequency:0]]
[2022.04.10-15.04.24:165][  0]LogConfig: Setting CVar [[p.chaos.AllowCreatePhysxBodies:1]]
[2022.04.10-15.04.24:165][  0]LogConfig: Applying CVar settings from Section [ConsoleVariables] File [D:/Desktop/Githubdesktop/SlaneckaDrivingSimulator/Saved/Config/Windows/Engine.ini]
[2022.04.10-15.04.24:165][  0]LogInit: Computer: DESKTOP-2ASON05
[2022.04.10-15.04.24:165][  0]LogInit: User: Pc
[2022.04.10-15.04.24:165][  0]LogInit: CPU Page size=4096, Cores=6
[2022.04.10-15.04.24:165][  0]LogInit: High frequency timer resolution =10.000000 MHz
[2022.04.10-15.04.24:165][  0]LogMemory: Memory total: Physical=15.9GB (16GB approx)
[2022.04.10-15.04.24:165][  0]LogMemory: Platform Memory Stats for Windows
[2022.04.10-15.04.24:165][  0]LogMemory: Process Physical Memory: 103.17 MB used, 103.18 MB peak
[2022.04.10-15.04.24:165][  0]LogMemory: Process Virtual Memory: 94.51 MB used, 94.51 MB peak
[2022.04.10-15.04.24:165][  0]LogMemory: Physical Memory: 8637.20 MB used,  7684.15 MB free, 16321.35 MB total
[2022.04.10-15.04.24:165][  0]LogMemory: Virtual Memory: 4681.79 MB used,  134213048.00 MB free, 134217728.00 MB total
[2022.04.10-15.04.24:199][  0]LogInit: Using OS detected language (en-US).
[2022.04.10-15.04.24:199][  0]LogInit: Using OS detected locale (en-150).
[2022.04.10-15.04.24:199][  0]LogTextLocalizationManager: No specific localization for 'en-US' exists, so the 'en' localization will be used.
[2022.04.10-15.04.24:369][  0]LogSlate: New Slate User Created.  User Index 0, Is Virtual User: 0
[2022.04.10-15.04.24:369][  0]LogSlate: Slate User Registered.  User Index 0, Is Virtual User: 0
[2022.04.10-15.04.24:386][  0]LogD3D11RHI: D3D11 adapters:
[2022.04.10-15.04.24:470][  0]LogD3D11RHI:    0. 'NVIDIA GeForce GTX 1070' (Feature Level 11_0)
[2022.04.10-15.04.24:470][  0]LogD3D11RHI:       8088/0/8160 MB DedicatedVideo/DedicatedSystem/SharedSystem, Outputs:2, VendorId:0x10de
[2022.04.10-15.04.24:472][  0]LogD3D11RHI:    1. 'Microsoft Basic Render Driver' (Feature Level 11_0)
[2022.04.10-15.04.24:472][  0]LogD3D11RHI:       0/0/8160 MB DedicatedVideo/DedicatedSystem/SharedSystem, Outputs:0, VendorId:0x1414
[2022.04.10-15.04.24:472][  0]LogD3D11RHI: Chosen D3D11 Adapter: 0
[2022.04.10-15.04.24:479][  0]LogD3D11RHI: Creating new Direct3DDevice
[2022.04.10-15.04.24:479][  0]LogD3D11RHI:     GPU DeviceId: 0x1b81 (for the marketing name, search the web for "GPU Device Id")
[2022.04.10-15.04.24:479][  0]LogWindows: EnumDisplayDevices:
[2022.04.10-15.04.24:479][  0]LogWindows:    0. 'NVIDIA GeForce GTX 1070' (P:1 D:1)
[2022.04.10-15.04.24:479][  0]LogWindows:    1. 'NVIDIA GeForce GTX 1070' (P:0 D:1)
[2022.04.10-15.04.24:479][  0]LogWindows:    2. 'NVIDIA GeForce GTX 1070' (P:0 D:0)
[2022.04.10-15.04.24:479][  0]LogWindows:    3. 'NVIDIA GeForce GTX 1070' (P:0 D:0)
[2022.04.10-15.04.24:480][  0]LogWindows: DebugString: FoundDriverCount:4 
[2022.04.10-15.04.24:480][  0]LogD3D11RHI:     Adapter Name: NVIDIA GeForce GTX 1070
[2022.04.10-15.04.24:480][  0]LogD3D11RHI:   Driver Version: 512.15 (internal:30.0.15.1215, unified:512.15)
[2022.04.10-15.04.24:480][  0]LogD3D11RHI:      Driver Date: 3-17-2022
[2022.04.10-15.04.24:480][  0]LogRHI: Texture pool is 5661 MB (70% of 8088 MB)
[2022.04.10-15.04.24:539][  0]LogD3D11RHI: Async texture creation enabled
[2022.04.10-15.04.24:542][  0]LogRendererCore: FGlobalReadBuffer::InitRHI
[2022.04.10-15.04.24:542][  0]LogRendererCore: FGlobalReadBuffer::InitRHI
[2022.04.10-15.04.24:542][  0]LogRendererCore: FGlobalReadBuffer::InitRHI
[2022.04.10-15.04.24:549][  0]LogD3D11RHI: GPU Timing Frequency: 1000.000000 (Debug: 2 1)
[2022.04.10-15.04.24:810][  0]LogTemp: Display: Module 'WindowsClientTargetPlatform' loaded TargetPlatform 'WindowsClient'
[2022.04.10-15.04.24:820][  0]LogTemp: Display: Module 'WindowsNoEditorTargetPlatform' loaded TargetPlatform 'WindowsNoEditor'
[2022.04.10-15.04.24:831][  0]LogTemp: Display: Module 'WindowsServerTargetPlatform' loaded TargetPlatform 'WindowsServer'
[2022.04.10-15.04.24:835][  0]LogTemp: Display: Module 'WindowsTargetPlatform' loaded TargetPlatform 'Windows'
[2022.04.10-15.04.24:835][  0]LogTargetPlatformManager: Display: Building Assets For Windows
[2022.04.10-15.04.24:841][  0]LogAudioDebug: Display: Lib vorbis DLL was dynamically loaded.
[2022.04.10-15.04.24:871][  0]LogShaderCompilers: Guid format shader working directory is -19 characters bigger than the processId version (../../../../../Desktop/Githubdesktop/SlaneckaDrivingSimulator/Intermediate/Shaders/WorkingDirectory/16656/).
[2022.04.10-15.04.24:872][  0]LogShaderCompilers: Cleaned the shader compiler working directory 'C:/Users/Pc/AppData/Local/Temp/UnrealShaderWorkingDir/392F367A4DD4E329A38A2C84C45E9919/'.
[2022.04.10-15.04.24:873][  0]LogXGEController: Cannot use XGE Controller as Incredibuild is not installed on this machine.
[2022.04.10-15.04.24:873][  0]LogShaderCompilers: Cannot use XGE Shader Compiler as Incredibuild is not installed on this machine.
[2022.04.10-15.04.24:873][  0]LogShaderCompilers: Display: Using Local Shader Compiler.
[2022.04.10-15.04.25:337][  0]LogDerivedDataCache: Display: Max Cache Size: 512 MB
[2022.04.10-15.04.25:379][  0]LogDerivedDataCache: Loaded boot cache 0.04s 71MB C:/Users/Pc/AppData/Local/UnrealEngine/4.22/DerivedDataCache/Boot.ddc.
[2022.04.10-15.04.25:379][  0]LogDerivedDataCache: Display: Loaded Boot cache: C:/Users/Pc/AppData/Local/UnrealEngine/4.22/DerivedDataCache/Boot.ddc
[2022.04.10-15.04.25:379][  0]LogDerivedDataCache: FDerivedDataBackendGraph:  Pak pak cache file ../../../../../Desktop/Githubdesktop/SlaneckaDrivingSimulator/DerivedDataCache/DDC.ddp not found, will not use a pak cache.
[2022.04.10-15.04.25:379][  0]LogDerivedDataCache: Unable to find inner node Pak for hierarchical cache Hierarchy.
[2022.04.10-15.04.25:380][  0]LogDerivedDataCache: FDerivedDataBackendGraph:  CompressedPak pak cache file ../../../../../Desktop/Githubdesktop/SlaneckaDrivingSimulator/DerivedDataCache/Compressed.ddp not found, will not use a pak cache.
[2022.04.10-15.04.25:380][  0]LogDerivedDataCache: Unable to find inner node CompressedPak for hierarchical cache Hierarchy.
[2022.04.10-15.04.25:390][  0]LogDerivedDataCache: Display: Pak cache opened for reading ../../../Engine/DerivedDataCache/Compressed.ddp.
[2022.04.10-15.04.25:390][  0]LogDerivedDataCache: FDerivedDataBackendGraph:  EnterprisePak pak cache file ../../../Enterprise/DerivedDataCache/Compressed.ddp not found, will not use a pak cache.
[2022.04.10-15.04.25:390][  0]LogDerivedDataCache: Unable to find inner node EnterprisePak for hierarchical cache Hierarchy.
[2022.04.10-15.04.25:401][  0]LogDerivedDataCache: Using Local data cache path C:/Users/Pc/AppData/Local/UnrealEngine/Common/DerivedDataCache: Writable
[2022.04.10-15.04.25:401][  0]LogDerivedDataCache: Shared data cache path not found in *engine.ini, will not use an Shared cache.
[2022.04.10-15.04.25:401][  0]LogDerivedDataCache: Unable to find inner node Shared for hierarchical cache Hierarchy.
[2022.04.10-15.04.25:419][  0]LogMaterial: Verifying Global Shaders for PCD3D_SM5
[2022.04.10-15.04.25:420][  0]LogSlate: Using FreeType 2.6.0
[2022.04.10-15.04.25:420][  0]LogSlate: SlateFontServices - WITH_FREETYPE: 1, WITH_HARFBUZZ: 1
[2022.04.10-15.04.25:516][  0]LogInit: Using OS detected language (en-US).
[2022.04.10-15.04.25:516][  0]LogInit: Using OS detected locale (en-150).
[2022.04.10-15.04.25:516][  0]LogTextLocalizationManager: No localization for 'en-US' exists, so 'en' will be used for the language.
[2022.04.10-15.04.25:516][  0]LogTextLocalizationManager: No localization for 'en-150' exists, so 'en' will be used for the locale.
[2022.04.10-15.04.25:517][  0]LogSlate: FontCache flush requested. Reason: Culture for localization was changed
[2022.04.10-15.04.25:517][  0]LogSlate: FontCache flush requested. Reason: Culture for localization was changed
[2022.04.10-15.04.25:517][  0]LogTextLocalizationManager: Compacting localization data took   0.00ms
[2022.04.10-15.04.25:522][  0]LogAssetRegistry: FAssetRegistry took 0.0033 seconds to start up
[2022.04.10-15.04.25:670][  0]LogPackageLocalizationCache: Processed 9 localized package path(s) for 1 prioritized culture(s) in 0.000516 seconds
[2022.04.10-15.04.25:771][  0]LogInit: Selected Device Profile: [Windows]
[2022.04.10-15.04.25:808][  0]LogMeshReduction: Using QuadricMeshReduction for automatic static mesh reduction
[2022.04.10-15.04.25:808][  0]LogMeshReduction: Using SimplygonMeshReduction for automatic skeletal mesh reduction
[2022.04.10-15.04.25:808][  0]LogMeshReduction: Using ProxyLODMeshReduction for automatic mesh merging
[2022.04.10-15.04.25:808][  0]LogMeshReduction: No distributed automatic mesh merging module available
[2022.04.10-15.04.25:808][  0]LogMeshMerging: No distributed automatic mesh merging module available
[2022.04.10-15.04.25:877][  0]LogNetVersion: SlaneckaDrivingSim 1.0.0, NetCL: 5660361, EngineNetVer: 10, GameNetVer: 0 (Checksum: 4187192398)
[2022.04.10-15.04.26:282][  0]LogMoviePlayer: Initializing movie player
[2022.04.10-15.04.26:386][  0]LogTcpMessaging: Initializing TcpMessaging bridge
[2022.04.10-15.04.26:399][  0]LogUdpMessaging: Initializing bridge on interface 0.0.0.0:0 to multicast group 230.0.0.1:6666.
[2022.04.10-15.04.26:478][  0]SourceControl: Source control is disabled
[2022.04.10-15.04.26:478][  0]SourceControl: Source control is disabled
[2022.04.10-15.04.26:479][  0]SourceControl: Source control is disabled
[2022.04.10-15.04.26:513][  0]LogAndroidPermission: UAndroidPermissionCallbackProxy::GetInstance
[2022.04.10-15.04.26:917][  0]LogOcInput: OculusInput pre-init called
[2022.04.10-15.04.26:926][  0]LogUObjectArray: 46421 objects as part of root set at end of initial load.
[2022.04.10-15.04.26:926][  0]LogUObjectAllocator: 8152336 out of 0 bytes used by permanent object pool.
[2022.04.10-15.04.26:926][  0]LogUObjectArray: CloseDisregardForGC: 0/0 objects in disregard for GC pool
[2022.04.10-15.04.27:048][  0]LogEngine: Initializing Engine...
[2022.04.10-15.04.27:060][  0]LogStats: UGameplayTagsManager::InitializeManager -  0.000 s
[2022.04.10-15.04.27:187][  0]LogInit: Initializing FReadOnlyCVARCache
[2022.04.10-15.04.27:315][  0]LogInit: XAudio2 using 'Speakers (THX Spatial - Synapse)' : 6 channels at 48 kHz using 16 bits per sample (channel mask 0x3f)
[2022.04.10-15.04.27:343][  0]LogInit: FAudioDevice initialized.
[2022.04.10-15.04.27:354][  0]LogNetVersion: Set ProjectVersion to 1.0.0.0. Version Checksum will be recalculated on next use.
[2022.04.10-15.04.27:359][  0]LogInit: Texture streaming: Enabled
[2022.04.10-15.04.27:461][  0]LogSlate: Updating window title bar state: overlay mode, drag disabled, window buttons hidden, title bar hidden
[2022.04.10-15.04.27:461][  0]LogInit: Display: Game Engine Initialized.
[2022.04.10-15.04.27:499][  0]LogInit: Display: Starting Game.
[2022.04.10-15.04.27:499][  0]LogNet: Browse: /Game/StarterContent/Maps/Minimal_Default?Name=Player
[2022.04.10-15.04.27:499][  0]LogLoad: LoadMap: /Game/StarterContent/Maps/Minimal_Default?Name=Player
[2022.04.10-15.04.27:524][  0]LogUObjectHash: Compacting FUObjectHashTables data took   1.20ms
[2022.04.10-15.04.27:638][  0]LogAIModule: Creating AISystem for world Minimal_Default
[2022.04.10-15.04.27:639][  0]LogLoad: Game class is 'GameModeBase'
[2022.04.10-15.04.27:641][  0]LogWorld: Bringing World /Game/StarterContent/Maps/Minimal_Default.Minimal_Default up for play (max tick rate 0) at 2022.04.10-17.04.27
[2022.04.10-15.04.27:642][  0]LogWorld: Bringing up level for play took: 0.002537
[2022.04.10-15.04.27:644][  0]LogLoad: Took 0.144079 seconds to LoadMap(/Game/StarterContent/Maps/Minimal_Default)
[2022.04.10-15.04.27:688][  0]LogRenderer: Reallocating scene render targets to support 1280x720 Format 10 NumSamples 1 (Frame:1).
[2022.04.10-15.04.27:688][  0]LogLoad: (Engine Initialization) Total time: 6.03 seconds
[2022.04.10-15.04.27:688][  0]LogLoad: (Engine Initialization) Total Blueprint compile time: 0.00 seconds
[2022.04.10-15.04.27:714][  0]LogContentStreaming: Texture pool size now 1000 MB
[2022.04.10-15.04.27:717][  0]LogRenderer: Reallocating scene render targets to support 128x128 Format 10 NumSamples 1 (Frame:1).
[2022.04.10-15.04.27:736][  0]LogRenderer: Reallocating scene render targets to support 1280x720 Format 10 NumSamples 1 (Frame:2).
[2022.04.10-15.04.50:961][440]LogWindowsDesktop: Alt-F4 pressed!
[2022.04.10-15.04.50:991][440]LogSlate: Window 'Slanecka Driving Simulator (64-bit Development PCD3D_SM5) ' being destroyed
[2022.04.10-15.04.50:991][440]LogWindowsTextInputMethodSystem: Display: IME system now deactivated.
[2022.04.10-15.04.50:995][440]LogWindowsTextInputMethodSystem: Display: IME system now deactivated.
[2022.04.10-15.04.50:996][440]LogSlate: Updating window title bar state: overlay mode, drag disabled, window buttons hidden, title bar hidden
[2022.04.10-15.04.50:996][440]LogEngine: All Windows Closed
[2022.04.10-15.04.50:997][440]LogWindows: FPlatformMisc::RequestExit(0)
[2022.04.10-15.04.51:066][441]LogExit: Preparing to exit.
[2022.04.10-15.04.51:066][441]LogMoviePlayer: Shutting down movie player
[2022.04.10-15.04.51:421][441]LogSlate: Updating window title bar state: overlay mode, drag disabled, window buttons hidden, title bar hidden
[2022.04.10-15.04.51:426][441]LogExit: Game engine shut down
[2022.04.10-15.04.51:463][441]LogExit: Object subsystem successfully closed.
[2022.04.10-15.04.51:484][441]LogShaderCompilers: Display: Shaders left to compile 0
[2022.04.10-15.04.51:486][441]LogD3D11RHI: Shutdown
[2022.04.10-15.04.51:486][441]LogD3D11RHI: CleanupD3DDevice
[2022.04.10-15.04.51:486][441]LogRendererCore: FGlobalReadBuffer::ReleaseRHI
[2022.04.10-15.04.51:486][441]LogRendererCore: FGlobalDynamicReadBuffer::Cleanup()
[2022.04.10-15.04.51:486][441]LogRendererCore: FGlobalReadBuffer::ReleaseRHI
[2022.04.10-15.04.51:486][441]LogRendererCore: FGlobalDynamicReadBuffer::Cleanup()
[2022.04.10-15.04.51:486][441]LogRendererCore: FGlobalReadBuffer::ReleaseRHI
[2022.04.10-15.04.51:486][441]LogRendererCore: FGlobalDynamicReadBuffer::Cleanup()
[2022.04.10-15.04.51:517][441]LogD3D11RHI: ~FD3D11DynamicRHI
[2022.04.10-15.04.51:523][441]LogModuleManager: Shutting down and abandoning module SequenceRecorderSections (394)
[2022.04.10-15.04.51:523][441]LogModuleManager: Shutting down and abandoning module SequenceRecorder (392)
[2022.04.10-15.04.51:523][441]LogModuleManager: Shutting down and abandoning module AutomationController (390)
[2022.04.10-15.04.51:523][441]LogModuleManager: Shutting down and abandoning module AutomationWorker (388)
[2022.04.10-15.04.51:523][441]LogModuleManager: Shutting down and abandoning module Voice (386)
[2022.04.10-15.04.51:523][441]LogModuleManager: Shutting down and abandoning module AIModule (384)
[2022.04.10-15.04.51:523][441]LogModuleManager: Shutting down and abandoning module GameplayDebugger (383)
[2022.04.10-15.04.51:523][441]LogModuleManager: Shutting down and abandoning module AITestSuite (381)
[2022.04.10-15.04.51:523][441]LogModuleManager: Shutting down and abandoning module NavigationSystem (379)
[2022.04.10-15.04.51:523][441]LogModuleManager: Shutting down and abandoning module OculusMR (376)
[2022.04.10-15.04.51:523][441]LogModuleManager: Shutting down and abandoning module WmfMediaFactory (374)
[2022.04.10-15.04.51:523][441]LogModuleManager: Shutting down and abandoning module WebMMediaFactory (372)
[2022.04.10-15.04.51:523][441]LogModuleManager: Shutting down and abandoning module WebMMedia (370)
[2022.04.10-15.04.51:523][441]LogModuleManager: Shutting down and abandoning module OpenExrWrapper (368)
[2022.04.10-15.04.51:523][441]LogModuleManager: Shutting down and abandoning module ImgMediaFactory (366)
[2022.04.10-15.04.51:523][441]LogModuleManager: Shutting down and abandoning module AvfMediaFactory (364)
[2022.04.10-15.04.51:523][441]LogModuleManager: Shutting down and abandoning module MagicLeapCameraPreviewFactory (362)
[2022.04.10-15.04.51:523][441]LogModuleManager: Shutting down and abandoning module MagicLeapMediaCodecFactory (360)
[2022.04.10-15.04.51:523][441]LogModuleManager: Shutting down and abandoning module MagicLeapMediaFactory (358)
[2022.04.10-15.04.51:523][441]LogModuleManager: Shutting down and abandoning module CharacterAI (356)
[2022.04.10-15.04.51:523][441]LogModuleManager: Shutting down and abandoning module SessionServices (354)
[2022.04.10-15.04.51:523][441]LogModuleManager: Shutting down and abandoning module MovieSceneCapture (352)
[2022.04.10-15.04.51:523][441]LogModuleManager: Shutting down and abandoning module LiveCoding (350)
[2022.04.10-15.04.51:523][441]LogModuleManager: Shutting down and abandoning module LevelSequence (348)
[2022.04.10-15.04.51:523][441]LogModuleManager: Shutting down and abandoning module MovieSceneTracks (346)
[2022.04.10-15.04.51:523][441]LogModuleManager: Shutting down and abandoning module MovieScene (344)
[2022.04.10-15.04.51:523][441]LogModuleManager: Shutting down and abandoning module StreamingPauseRendering (342)
[2022.04.10-15.04.51:523][441]LogModuleManager: Shutting down and abandoning module PortalServices (340)
[2022.04.10-15.04.51:523][441]LogModuleManager: Shutting down and abandoning module PortalRpc (338)
[2022.04.10-15.04.51:523][441]LogModuleManager: Shutting down and abandoning module MessagingRpc (336)
[2022.04.10-15.04.51:523][441]LogModuleManager: Shutting down and abandoning module ImageWriteQueue (334)
[2022.04.10-15.04.51:525][441]LogModuleManager: Shutting down and abandoning module ProfilerService (332)
[2022.04.10-15.04.51:730][441]LogModuleManager: Shutting down and abandoning module TaskGraph (330)
[2022.04.10-15.04.51:730][441]LogModuleManager: Shutting down and abandoning module ProceduralMeshComponent (328)
[2022.04.10-15.04.51:730][441]LogModuleManager: Shutting down and abandoning module OculusInput (326)
[2022.04.10-15.04.51:730][441]LogModuleManager: Shutting down and abandoning module MobilePatchingUtils (324)
[2022.04.10-15.04.51:730][441]LogModuleManager: Shutting down and abandoning module EditableMesh (322)
[2022.04.10-15.04.51:730][441]LogModuleManager: Shutting down and abandoning module CustomMeshComponent (320)
[2022.04.10-15.04.51:730][441]LogModuleManager: Shutting down and abandoning module CableComponent (318)
[2022.04.10-15.04.51:730][441]LogModuleManager: Shutting down and abandoning module AudioCapture (316)
[2022.04.10-15.04.51:730][441]LogModuleManager: Shutting down and abandoning module ArchVisCharacter (314)
[2022.04.10-15.04.51:730][441]LogModuleManager: Shutting down and abandoning module AndroidPermission (312)
[2022.04.10-15.04.51:730][441]LogModuleManager: Shutting down and abandoning module NUTUnrealEngine4 (310)
[2022.04.10-15.04.51:730][441]LogModuleManager: Shutting down and abandoning module NetcodeUnitTest (308)
[2022.04.10-15.04.51:730][441]LogModuleManager: Shutting down and abandoning module MediaCompositing (306)
[2022.04.10-15.04.51:730][441]LogModuleManager: Shutting down and abandoning module LinearTimecode (304)
[2022.04.10-15.04.51:730][441]LogModuleManager: Shutting down and abandoning module ImgMedia (302)
[2022.04.10-15.04.51:730][441]LogModuleManager: Shutting down and abandoning module MagicLeapHelperVulkan (300)
[2022.04.10-15.04.51:730][441]LogModuleManager: Shutting down and abandoning module MagicLeapHelperOpenGL (298)
[2022.04.10-15.04.51:730][441]LogModuleManager: Shutting down and abandoning module MagicLeapAudio (296)
[2022.04.10-15.04.51:730][441]LogModuleManager: Shutting down and abandoning module HTML5Networking (294)
[2022.04.10-15.04.51:730][441]LogModuleManager: Shutting down and abandoning module GeometryCacheTracks (292)
[2022.04.10-15.04.51:730][441]LogModuleManager: Shutting down and abandoning module GeometryCacheSequencer (291)
[2022.04.10-15.04.51:730][441]LogModuleManager: Shutting down and abandoning module GeometryCache (288)
[2022.04.10-15.04.51:730][441]LogModuleManager: Shutting down and abandoning module GeometryCacheEd (287)
[2022.04.10-15.04.51:730][441]LogModuleManager: Shutting down and abandoning module BackChannel (284)
[2022.04.10-15.04.51:730][441]LogModuleManager: Shutting down and abandoning module AppleVision (282)
[2022.04.10-15.04.51:730][441]LogModuleManager: Shutting down and abandoning module AppleImageUtilsBlueprintSupport (280)
[2022.04.10-15.04.51:730][441]LogModuleManager: Shutting down and abandoning module AppleImageUtils (278)
[2022.04.10-15.04.51:730][441]LogModuleManager: Shutting down and abandoning module VariantManagerContent (276)
[2022.04.10-15.04.51:730][441]LogModuleManager: Shutting down and abandoning module CryptoKeysOpenSSL (274)
[2022.04.10-15.04.51:730][441]LogModuleManager: Shutting down and abandoning module CryptoKeys (272)
[2022.04.10-15.04.51:730][441]LogModuleManager: Shutting down and abandoning module VisualStudioSourceCodeAccess (270)
[2022.04.10-15.04.51:731][441]LogModuleManager: Shutting down and abandoning module HotReload (269)
[2022.04.10-15.04.51:731][441]LogModuleManager: Shutting down and abandoning module DirectoryWatcher (268)
[2022.04.10-15.04.51:731][441]LogModuleManager: Shutting down and abandoning module VisualStudioCodeSourceCodeAccess (264)
[2022.04.10-15.04.51:731][441]LogModuleManager: Shutting down and abandoning module UObjectPlugin (262)
[2022.04.10-15.04.51:731][441]LogModuleManager: Shutting down and abandoning module SubversionSourceControl (260)
[2022.04.10-15.04.51:731][441]LogModuleManager: Shutting down and abandoning module PerforceSourceControl (258)
[2022.04.10-15.04.51:731][441]LogModuleManager: Shutting down and abandoning module SourceControl (257)
[2022.04.10-15.04.51:731][441]LogModuleManager: Shutting down and abandoning module CLionSourceCodeAccess (254)
[2022.04.10-15.04.51:731][441]LogModuleManager: Shutting down and abandoning module ActorLayerUtilities (252)
[2022.04.10-15.04.51:731][441]LogModuleManager: Shutting down and abandoning module SignificanceManager (250)
[2022.04.10-15.04.51:731][441]LogModuleManager: Shutting down and abandoning module RuntimePhysXCooking (248)
[2022.04.10-15.04.51:731][441]LogModuleManager: Shutting down and abandoning module PhysXVehiclesEditor (246)
[2022.04.10-15.04.51:731][441]LogModuleManager: Shutting down and abandoning module PhysXVehicles (244)
[2022.04.10-15.04.51:731][441]LogModuleManager: Shutting down and abandoning module LocationServicesBPLibrary (242)
[2022.04.10-15.04.51:731][441]LogModuleManager: Shutting down and abandoning module ActorSequence (240)
[2022.04.10-15.04.51:731][441]LogModuleManager: Shutting down and abandoning module UdpMessaging (238)
[2022.04.10-15.04.51:831][441]LogModuleManager: Shutting down and abandoning module TcpMessaging (236)
[2022.04.10-15.04.52:405][441]LogModuleManager: Shutting down and abandoning module MagicLeapIdentity (234)
[2022.04.10-15.04.52:405][441]LogModuleManager: Shutting down and abandoning module MagicLeapSecureStorage (232)
[2022.04.10-15.04.52:405][441]LogModuleManager: Shutting down and abandoning module MagicLeapHandTracking (230)
[2022.04.10-15.04.52:405][441]LogModuleManager: Shutting down and abandoning module MagicLeapEyeTracker (228)
[2022.04.10-15.04.52:405][441]LogModuleManager: Shutting down and abandoning module MagicLeapController (226)
[2022.04.10-15.04.52:405][441]LogSlate: Slate User Destroyed.  User Index 0, Is Virtual User: 0
[2022.04.10-15.04.52:405][441]LogModuleManager: Shutting down and abandoning module MagicLeapAR (224)
[2022.04.10-15.04.52:405][441]LogModuleManager: Shutting down and abandoning module AugmentedReality (223)
[2022.04.10-15.04.52:405][441]LogModuleManager: Shutting down and abandoning module GameplayTagsEditor (220)
[2022.04.10-15.04.52:405][441]LogModuleManager: Shutting down and abandoning module FacialAnimation (218)
[2022.04.10-15.04.52:405][441]LogModuleManager: Shutting down and abandoning module DataValidation (216)
[2022.04.10-15.04.52:405][441]LogModuleManager: Shutting down and abandoning module AssetManagerEditor (214)
[2022.04.10-15.04.52:405][441]LogModuleManager: Shutting down and abandoning module TreeMap (213)
[2022.04.10-15.04.52:405][441]LogModuleManager: Shutting down and abandoning module AnimationSharing (210)
[2022.04.10-15.04.52:405][441]LogModuleManager: Shutting down and abandoning module LightPropagationVolumeRuntime (208)
[2022.04.10-15.04.52:405][441]LogModuleManager: Shutting down and abandoning module AISupportModule (206)
[2022.04.10-15.04.52:405][441]LogModuleManager: Shutting down and abandoning module Paper2D (204)
[2022.04.10-15.04.52:405][441]LogModuleManager: Shutting down and abandoning module WindowsMoviePlayer (202)
[2022.04.10-15.04.52:405][441]LogModuleManager: Shutting down and abandoning module WebMMoviePlayer (200)
[2022.04.10-15.04.52:405][441]LogModuleManager: Shutting down and abandoning module PacketHandler (198)
[2022.04.10-15.04.52:405][441]LogModuleManager: Shutting down and abandoning module ClothingSystemEditor (196)
[2022.04.10-15.04.52:405][441]LogModuleManager: Shutting down and abandoning module ClothingSystemRuntime (194)
[2022.04.10-15.04.52:406][441]LogModuleManager: Shutting down and abandoning module MediaAssets (192)
[2022.04.10-15.04.52:406][441]LogModuleManager: Shutting down and abandoning module Overlay (190)
[2022.04.10-15.04.52:406][441]LogModuleManager: Shutting down and abandoning module OverlayEditor (189)
[2022.04.10-15.04.52:406][441]LogModuleManager: Shutting down and abandoning module VREditor (186)
[2022.04.10-15.04.52:406][441]LogModuleManager: Shutting down and abandoning module StringTableEditor (184)
[2022.04.10-15.04.52:406][441]LogModuleManager: Shutting down and abandoning module GameplayTasksEditor (182)
[2022.04.10-15.04.52:406][441]LogModuleManager: Shutting down and abandoning module BehaviorTreeEditor (180)
[2022.04.10-15.04.52:406][441]LogModuleManager: Shutting down and abandoning module FunctionalTesting (178)
[2022.04.10-15.04.52:406][441]LogModuleManager: Shutting down and abandoning module CollisionAnalyzer (176)
[2022.04.10-15.04.52:406][441]LogModuleManager: Shutting down and abandoning module WorkspaceMenuStructure (175)
[2022.04.10-15.04.52:406][441]LogModuleManager: Shutting down and abandoning module UMG (172)
[2022.04.10-15.04.52:406][441]LogModuleManager: Shutting down and abandoning module UMGEditor (171)
[2022.04.10-15.04.52:406][441]LogModuleManager: Shutting down and abandoning module Sequencer (170)
[2022.04.10-15.04.52:406][441]LogModuleManager: Shutting down and abandoning module MessageLog (167)
[2022.04.10-15.04.52:406][441]LogModuleManager: Shutting down and abandoning module SlateReflector (162)
[2022.04.10-15.04.52:406][441]LogModuleManager: Shutting down and abandoning module Slate (160)
[2022.04.10-15.04.52:406][441]LogModuleManager: Shutting down and abandoning module EditorStyle (158)
[2022.04.10-15.04.52:407][441]LogModuleManager: Shutting down and abandoning module UnrealEd (156)
[2022.04.10-15.04.52:407][441]LogModuleManager: Shutting down and abandoning module MRMesh (154)
[2022.04.10-15.04.52:407][441]LogModuleManager: Shutting down and abandoning module Messaging (152)
[2022.04.10-15.04.52:407][441]LogModuleManager: Shutting down and abandoning module SourceCodeAccess (150)
[2022.04.10-15.04.52:407][441]LogModuleManager: Shutting down and abandoning module HeadMountedDisplay (148)
[2022.04.10-15.04.52:407][441]LogModuleManager: Shutting down and abandoning module XAudio2 (146)
[2022.04.10-15.04.52:407][441]LogModuleManager: Shutting down and abandoning module Networking (144)
[2022.04.10-15.04.52:407][441]LogModuleManager: Shutting down and abandoning module Core (142)
[2022.04.10-15.04.52:407][441]LogModuleManager: Shutting down and abandoning module KismetCompiler (140)
[2022.04.10-15.04.52:407][441]LogModuleManager: Shutting down and abandoning module MeshUtilities (138)
[2022.04.10-15.04.52:407][441]LogModuleManager: Shutting down and abandoning module MeshMergeUtilities (137)
[2022.04.10-15.04.52:407][441]LogModuleManager: Shutting down and abandoning module MeshReductionInterface (136)
[2022.04.10-15.04.52:407][441]LogModuleManager: Shutting down and abandoning module SkeletalMeshReduction (135)
[2022.04.10-15.04.52:407][441]LogModuleManager: Shutting down and abandoning module ProxyLODMeshReduction (133)
[2022.04.10-15.04.52:407][441]LogModuleManager: Shutting down and abandoning module QuadricMeshReduction (131)
[2022.04.10-15.04.52:407][441]LogModuleManager: Shutting down and abandoning module MaterialBaking (127)
[2022.04.10-15.04.52:407][441]LogModuleManager: Shutting down and abandoning module PIEPreviewDeviceProfileSelector (122)
[2022.04.10-15.04.52:407][441]LogModuleManager: Shutting down and abandoning module DerivedDataCache (120)
[2022.04.10-15.04.52:421][441]LogDerivedDataCache: Shutdown
[2022.04.10-15.04.52:421][441]LogModuleManager: Shutting down and abandoning module XGEController (118)
[2022.04.10-15.04.52:421][441]LogModuleManager: Shutting down and abandoning module TargetPlatform (116)
[2022.04.10-15.04.52:421][441]LogModuleManager: Shutting down and abandoning module VulkanShaderFormat (115)
[2022.04.10-15.04.52:421][441]LogModuleManager: Shutting down and abandoning module ShaderFormatVectorVM (113)
[2022.04.10-15.04.52:421][441]LogModuleManager: Shutting down and abandoning module ShaderFormatOpenGL (111)
[2022.04.10-15.04.52:421][441]LogModuleManager: Shutting down and abandoning module ShaderFormatD3D (109)
[2022.04.10-15.04.52:421][441]LogModuleManager: Shutting down and abandoning module MetalShaderFormat (107)
[2022.04.10-15.04.52:421][441]LogModuleManager: Shutting down and abandoning module TextureFormatUncompressed (105)
[2022.04.10-15.04.52:421][441]LogModuleManager: Shutting down and abandoning module TextureFormatPVR (103)
[2022.04.10-15.04.52:421][441]LogModuleManager: Shutting down and abandoning module TextureFormatDXT (101)
[2022.04.10-15.04.52:421][441]LogModuleManager: Shutting down and abandoning module TextureFormatIntelISPCTexComp (99)
[2022.04.10-15.04.52:421][441]LogModuleManager: Shutting down and abandoning module TextureFormatASTC (97)
[2022.04.10-15.04.52:421][441]LogModuleManager: Shutting down and abandoning module ImageWrapper (96)
[2022.04.10-15.04.52:421][441]LogModuleManager: Shutting down and abandoning module TextureFormatAndroid (93)
[2022.04.10-15.04.52:421][441]LogModuleManager: Shutting down and abandoning module AudioFormatOpus (91)
[2022.04.10-15.04.52:421][441]LogModuleManager: Shutting down and abandoning module AudioFormatOgg (89)
[2022.04.10-15.04.52:421][441]LogModuleManager: Shutting down and abandoning module AudioFormatADPCM (87)
[2022.04.10-15.04.52:421][441]LogModuleManager: Shutting down and abandoning module WindowsTargetPlatform (85)
[2022.04.10-15.04.52:421][441]LogModuleManager: Shutting down and abandoning module WindowsServerTargetPlatform (83)
[2022.04.10-15.04.52:421][441]LogModuleManager: Shutting down and abandoning module WindowsNoEditorTargetPlatform (81)
[2022.04.10-15.04.52:421][441]LogModuleManager: Shutting down and abandoning module WindowsClientTargetPlatform (79)
[2022.04.10-15.04.52:421][441]LogModuleManager: Shutting down and abandoning module InputCore (76)
[2022.04.10-15.04.52:421][441]LogModuleManager: Shutting down and abandoning module Settings (74)
[2022.04.10-15.04.52:421][441]LogModuleManager: Shutting down and abandoning module PhysXCooking (72)
[2022.04.10-15.04.52:421][441]LogModuleManager: Shutting down and abandoning module OculusHMD (70)
[2022.04.10-15.04.52:421][441]LogModuleManager: Shutting down and abandoning module ExampleDeviceProfileSelector (68)
[2022.04.10-15.04.52:421][441]LogModuleManager: Shutting down and abandoning module LauncherChunkInstaller (66)
[2022.04.10-15.04.52:421][441]LogModuleManager: Shutting down and abandoning module OnlineBlueprintSupport (64)
[2022.04.10-15.04.52:421][441]LogModuleManager: Shutting down and abandoning module OnlineSubsystem (60)
[2022.04.10-15.04.52:421][441]LogModuleManager: Shutting down and abandoning module XMPP (55)
[2022.04.10-15.04.52:421][441]LogModuleManager: Shutting down and abandoning module WebSockets (54)
[2022.04.10-15.04.52:447][441]LogModuleManager: Shutting down and abandoning module HTTP (51)
[2022.04.10-15.04.52:480][441]LogModuleManager: Shutting down and abandoning module SSL (50)
[2022.04.10-15.04.52:481][441]LogModuleManager: Shutting down and abandoning module WmfMedia (46)
[2022.04.10-15.04.52:482][441]LogModuleManager: Shutting down and abandoning module Media (45)
[2022.04.10-15.04.52:488][441]LogModuleManager: Shutting down and abandoning module MagicLeap (42)
[2022.04.10-15.04.52:488][441]LogModuleManager: Shutting down and abandoning module DatasmithContent (40)
[2022.04.10-15.04.52:489][441]LogModuleManager: Shutting down and abandoning module AnimationModifiers (38)
[2022.04.10-15.04.52:489][441]LogModuleManager: Shutting down and abandoning module PropertyEditor (37)
[2022.04.10-15.04.52:489][441]LogModuleManager: Shutting down and abandoning module AudioEditor (34)
[2022.04.10-15.04.52:489][441]LogModuleManager: Shutting down and abandoning module TextureCompressor (32)
[2022.04.10-15.04.52:489][441]LogModuleManager: Shutting down and abandoning module RenderCore (30)
[2022.04.10-15.04.52:489][441]LogModuleManager: Shutting down and abandoning module Landscape (28)
[2022.04.10-15.04.52:489][441]LogModuleManager: Shutting down and abandoning module SlateRHIRenderer (26)
[2022.04.10-15.04.52:489][441]LogModuleManager: Shutting down and abandoning module OpenGLDrv (24)
[2022.04.10-15.04.52:489][441]LogModuleManager: Shutting down and abandoning module D3D11RHI (22)
[2022.04.10-15.04.52:489][441]LogModuleManager: Shutting down and abandoning module AnimGraphRuntime (20)
[2022.04.10-15.04.52:489][441]LogModuleManager: Shutting down and abandoning module Renderer (18)
[2022.04.10-15.04.52:489][441]LogModuleManager: Shutting down and abandoning module Engine (16)
[2022.04.10-15.04.52:489][441]LogModuleManager: Shutting down and abandoning module CoreUObject (14)
[2022.04.10-15.04.52:489][441]LogModuleManager: Shutting down and abandoning module NetworkFile (12)
[2022.04.10-15.04.52:489][441]LogModuleManager: Shutting down and abandoning module CookedIterativeFile (10)
[2022.04.10-15.04.52:489][441]LogModuleManager: Shutting down and abandoning module StreamingFile (8)
[2022.04.10-15.04.52:489][441]LogModuleManager: Shutting down and abandoning module SandboxFile (6)
[2022.04.10-15.04.52:489][441]LogModuleManager: Shutting down and abandoning module PakFile (4)
[2022.04.10-15.04.52:489][441]LogModuleManager: Shutting down and abandoning module RSA (3)
[2022.04.10-15.04.52:498][441]LogExit: Exiting.
[2022.04.10-15.04.52:533][441]Log file closed, 04/10/22 17:04:52
