Log file open, 05/02/22 22:50:56
LogWindows: Failed to load 'aqProf.dll' (GetLastError=126)
LogWindows: File 'aqProf.dll' does not exist
LogWindows: Failed to load 'VtuneApi.dll' (GetLastError=126)
LogWindows: File 'VtuneApi.dll' does not exist
LogWindows: Failed to load 'VtuneApi32e.dll' (GetLastError=126)
LogWindows: File 'VtuneApi32e.dll' does not exist
LogConsoleResponse: Display: Failed to find resolution value strings in scalability ini. Falling back to default.
LogConsoleResponse: Display: Failed to find resolution value strings in scalability ini. Falling back to default.
LogInit: Display: Running engine for game: SlaneckaDrivingSim
LogPlatformFile: Not using cached read wrapper
LogTaskGraph: Started task graph with 5 named threads and 23 total threads with 3 sets of task threads.
LogStats: Stats thread started at 0.425791
LogICUInternationalization: ICU TimeZone Detection - Raw Offset: +1:00, Platform Override: ''
LogInit: Display: Loading text-based GConfig....
LogPluginManager: Mounting plugin MeshPainting
LogPluginManager: Mounting plugin XGEController
LogPluginManager: Mounting plugin Paper2D
LogPluginManager: Mounting plugin LiveLink
LogPluginManager: Mounting plugin CameraShakePreviewer
LogPluginManager: Mounting plugin LightPropagationVolume
LogPluginManager: Mounting plugin AnimationSharing
LogPluginManager: Mounting plugin CLionSourceCodeAccess
LogPluginManager: Mounting plugin CodeLiteSourceCodeAccess
LogPluginManager: Mounting plugin KDevelopSourceCodeAccess
LogPluginManager: Mounting plugin GameplayCameras
LogPluginManager: Mounting plugin GitSourceControl
LogPluginManager: Mounting plugin NullSourceCodeAccess
LogPluginManager: Mounting plugin PixWinPlugin
LogPluginManager: Mounting plugin PlasticSourceControl
LogPluginManager: Mounting plugin PluginUtils
LogPluginManager: Mounting plugin PropertyAccessNode
LogPluginManager: Mounting plugin SubversionSourceControl
LogPluginManager: Mounting plugin RiderSourceCodeAccess
LogPluginManager: Mounting plugin PerforceSourceControl
LogPluginManager: Mounting plugin VisualStudioCodeSourceCodeAccess
LogPluginManager: Mounting plugin VisualStudioSourceCodeAccess
LogPluginManager: Mounting plugin TextureFormatOodle
LogPluginManager: Mounting plugin XCodeSourceCodeAccess
LogPluginManager: Mounting plugin OodleData
LogPluginManager: Mounting plugin OodleNetwork
LogPluginManager: Mounting plugin AssetManagerEditor
LogPluginManager: Mounting plugin CryptoKeys
LogPluginManager: Mounting plugin CurveEditorTools
LogPluginManager: Mounting plugin DataValidation
LogPluginManager: Mounting plugin FacialAnimation
LogPluginManager: Mounting plugin GameplayTagsEditor
LogPluginManager: Mounting plugin GeometryMode
LogPluginManager: Mounting plugin MacGraphicsSwitching
LogPluginManager: Mounting plugin MaterialAnalyzer
LogPluginManager: Mounting plugin MobileLauncherProfileWizard
LogPluginManager: Mounting plugin PluginBrowser
LogPluginManager: Mounting plugin SpeedTreeImporter
LogPluginManager: Mounting plugin DatasmithContent
LogPluginManager: Mounting plugin LuminPlatformFeatures
LogPluginManager: Mounting plugin MagicLeap
LogPluginManager: Mounting plugin MagicLeapLightEstimation
LogPluginManager: Mounting plugin VariantManagerContent
LogPluginManager: Mounting plugin MagicLeapMedia
LogPluginManager: Mounting plugin MagicLeapPassableWorld
LogPluginManager: Mounting plugin MLSDK
LogPluginManager: Mounting plugin Niagara
LogPluginManager: Mounting plugin AlembicImporter
LogPluginManager: Mounting plugin BackChannel
LogPluginManager: Mounting plugin AutomationUtils
LogPluginManager: Mounting plugin ChaosCloth
LogPluginManager: Mounting plugin ChaosEditor
LogPluginManager: Mounting plugin ChaosSolverPlugin
LogPluginManager: Mounting plugin ChaosNiagara
LogPluginManager: Mounting plugin CharacterAI
LogPluginManager: Mounting plugin ChaosClothEditor
LogPluginManager: Mounting plugin GeometryCache
LogPluginManager: Mounting plugin GeometryCollectionPlugin
LogPluginManager: Mounting plugin AndroidMedia
LogPluginManager: Mounting plugin AvfMedia
LogPluginManager: Mounting plugin UObjectPlugin
LogPluginManager: Mounting plugin TcpMessaging
LogPluginManager: Mounting plugin UdpMessaging
LogPluginManager: Mounting plugin MediaCompositing
LogPluginManager: Mounting plugin ImgMedia
LogPluginManager: Mounting plugin MediaPlayerEditor
LogPluginManager: Mounting plugin WebMMedia
LogPluginManager: Mounting plugin WmfMedia
LogPluginManager: Mounting plugin GeometryProcessing
LogPluginManager: Mounting plugin MotoSynth
LogPluginManager: Mounting plugin OpenImageDenoise
LogPluginManager: Mounting plugin PlanarCut
LogPluginManager: Mounting plugin PlatformCrypto
LogPluginManager: Mounting plugin ProxyLODPlugin
LogPluginManager: Mounting plugin PythonScriptPlugin
LogPluginManager: Mounting plugin SkeletalReduction
LogPluginManager: Mounting plugin ActorSequence
LogPluginManager: Mounting plugin LevelSequenceEditor
LogPluginManager: Mounting plugin MatineeToLevelSequence
LogPluginManager: Mounting plugin TemplateSequence
LogPluginManager: Mounting plugin OnlineSubsystem
LogPluginManager: Mounting plugin OnlineSubsystemNull
LogPluginManager: Mounting plugin LauncherChunkInstaller
LogPluginManager: Mounting plugin ActorLayerUtilities
LogPluginManager: Mounting plugin AndroidDeviceProfileSelector
LogPluginManager: Mounting plugin AndroidMoviePlayer
LogPluginManager: Mounting plugin AndroidPermission
LogPluginManager: Mounting plugin OnlineSubsystemUtils
LogPluginManager: Mounting plugin AppleMoviePlayer
LogPluginManager: Mounting plugin AppleImageUtils
LogPluginManager: Mounting plugin ApexDestruction
LogPluginManager: Mounting plugin AssetTags
LogPluginManager: Mounting plugin AudioCapture
LogPluginManager: Mounting plugin ArchVisCharacter
LogPluginManager: Mounting plugin CableComponent
LogPluginManager: Mounting plugin ChunkDownloader
LogPluginManager: Mounting plugin ScreenshotTools
LogPluginManager: Mounting plugin EditableMesh
LogPluginManager: Mounting plugin ExampleDeviceProfileSelector
LogPluginManager: Mounting plugin CustomMeshComponent
LogPluginManager: Mounting plugin GoogleCloudMessaging
LogPluginManager: Mounting plugin AudioSynesthesia
LogPluginManager: Mounting plugin GooglePAD
LogPluginManager: Mounting plugin LinuxDeviceProfileSelector
LogPluginManager: Mounting plugin Takes
LogPluginManager: Mounting plugin LocationServicesBPLibrary
LogPluginManager: Mounting plugin MobilePatchingUtils
LogPluginManager: Mounting plugin OpenXR
LogPluginManager: Mounting plugin OpenXREyeTracker
LogPluginManager: Mounting plugin OpenXRHandTracking
LogPluginManager: Mounting plugin IOSDeviceProfileSelector
LogPluginManager: Mounting plugin PostSplashScreen
LogPluginManager: Mounting plugin ProceduralMeshComponent
LogPluginManager: Mounting plugin PropertyAccessEditor
LogPluginManager: Mounting plugin RuntimePhysXCooking
LogPluginManager: Mounting plugin PhysXVehicles
LogPluginManager: Mounting plugin SoundFields
LogPluginManager: Mounting plugin SignificanceManager
LogPluginManager: Mounting plugin Synthesis
LogPluginManager: Mounting plugin WebMMoviePlayer
LogPluginManager: Mounting plugin WindowsMoviePlayer
LogPluginManager: Mounting plugin AISupport
LogPluginManager: Mounting plugin EnvironmentQueryEditor
LogPluginManager: Mounting plugin ContentBrowserClassDataSource
LogPluginManager: Mounting plugin ContentBrowserAssetDataSource
LogPluginManager: Mounting plugin ContentBrowserFileDataSource
LogPluginManager: Mounting plugin OnlineSubsystemGooglePlay
LogPluginManager: Mounting plugin OnlineSubsystemIOS
LogPluginManager: Mounting plugin OculusVR
PixWinPlugin: PIX capture plugin failed to initialize! Check that the process is launched from PIX.
LogInit: Using libcurl 7.55.1-DEV
LogInit:  - built for x86_64-pc-win32
LogInit:  - supports SSL with OpenSSL/1.1.1
LogInit:  - supports HTTP deflate (compression) using libz 1.2.8
LogInit:  - other features:
LogInit:      CURL_VERSION_SSL
LogInit:      CURL_VERSION_LIBZ
LogInit:      CURL_VERSION_IPV6
LogInit:      CURL_VERSION_ASYNCHDNS
LogInit:      CURL_VERSION_LARGEFILE
LogInit:      CURL_VERSION_IDN
LogInit:  CurlRequestOptions (configurable via config and command line):
LogInit:  - bVerifyPeer = true  - Libcurl will verify peer certificate
LogInit:  - bUseHttpProxy = false  - Libcurl will NOT use HTTP proxy
LogInit:  - bDontReuseConnections = false  - Libcurl will reuse connections
LogInit:  - MaxHostConnections = 16  - Libcurl will limit the number of connections to a host
LogInit:  - LocalHostAddr = Default
LogInit:  - BufferSize = 65536
LogOnline: OSS: Creating online subsystem instance for: NULL
LogInit: WinSock: version 1.1 (2.2), MaxSocks=32767, MaxUdp=65467
LogOnline: OSS: TryLoadSubsystemAndSetDefault: Loaded subsystem for module [NULL]
LogOculusPluginWrapper: OculusPlugin initialized successfully
LogHMD: Failed initializing OVRPlugin 1.59.0
LogInit: Build: ++UE4+Release-4.27-CL-18319896
LogInit: Engine Version: 4.27.2-18319896+++UE4+Release-4.27
LogInit: Compatible Engine Version: 4.27.0-17155196+++UE4+Release-4.27
LogInit: Net CL: 17155196
LogInit: OS: Windows 10 (Release 2009) (), CPU: Intel(R) Core(TM) i7-7700HQ CPU @ 2.80GHz, GPU: Intel(R) HD Graphics 630
LogInit: Compiled (64-bit): Nov 30 2021 07:12:08
LogInit: Compiled with Visual C++: 19.24.28315.00
LogInit: Build Configuration: Development
LogInit: Branch Name: ++UE4+Release-4.27
LogInit: Command Line:  /Game/StarterContent/Maps/Minimal_Default -game -PIEVIACONSOLE -Multiprocess GameUserSettingsINI=C:/Users/matej/Documents/GitHub/SlaneckaDrivingSimulator/Saved/Config/Windows/PIEGameUserSettings0.ini -MultiprocessSaveConfig -forcepassthrough -messaging -SessionName="Play in Standalone Game" -windowed -WinX=315 -WinY=178 SAVEWINPOS=1 -ResX=1280 -ResY=720
LogInit: Base Directory: C:/Program Files/Epic Games/UE_4.27/Engine/Binaries/Win64/
LogInit: Allocator: TBB
LogInit: Installed Engine Build: 1
LogDevObjectVersion: Number of dev versions registered: 29
LogDevObjectVersion:   Dev-Blueprints (B0D832E4-1F89-4F0D-ACCF-7EB736FD4AA2): 10
LogDevObjectVersion:   Dev-Build (E1C64328-A22C-4D53-A36C-8E866417BD8C): 0
LogDevObjectVersion:   Dev-Core (375EC13C-06E4-48FB-B500-84F0262A717E): 4
LogDevObjectVersion:   Dev-Editor (E4B068ED-F494-42E9-A231-DA0B2E46BB41): 40
LogDevObjectVersion:   Dev-Framework (CFFC743F-43B0-4480-9391-14DF171D2073): 37
LogDevObjectVersion:   Dev-Mobile (B02B49B5-BB20-44E9-A304-32B752E40360): 3
LogDevObjectVersion:   Dev-Networking (A4E4105C-59A1-49B5-A7C5-40C4547EDFEE): 0
LogDevObjectVersion:   Dev-Online (39C831C9-5AE6-47DC-9A44-9C173E1C8E7C): 0
LogDevObjectVersion:   Dev-Physics (78F01B33-EBEA-4F98-B9B4-84EACCB95AA2): 14
LogDevObjectVersion:   Dev-Platform (6631380F-2D4D-43E0-8009-CF276956A95A): 0
LogDevObjectVersion:   Dev-Rendering (12F88B9F-8875-4AFC-A67C-D90C383ABD29): 45
LogDevObjectVersion:   Dev-Sequencer (7B5AE74C-D270-4C10-A958-57980B212A5A): 13
LogDevObjectVersion:   Dev-VR (D7296918-1DD6-4BDD-9DE2-64A83CC13884): 3
LogDevObjectVersion:   Dev-LoadTimes (C2A15278-BFE7-4AFE-6C17-90FF531DF755): 1
LogDevObjectVersion:   Private-Geometry (6EACA3D4-40EC-4CC1-B786-8BED09428FC5): 3
LogDevObjectVersion:   Dev-AnimPhys (29E575DD-E0A3-4627-9D10-D276232CDCEA): 17
LogDevObjectVersion:   Dev-Anim (AF43A65D-7FD3-4947-9873-3E8ED9C1BB05): 15
LogDevObjectVersion:   Dev-ReflectionCapture (6B266CEC-1EC7-4B8F-A30B-E4D90942FC07): 1
LogDevObjectVersion:   Dev-Automation (0DF73D61-A23F-47EA-B727-89E90C41499A): 1
LogDevObjectVersion:   FortniteMain (601D1886-AC64-4F84-AA16-D3DE0DEAC7D6): 47
LogDevObjectVersion:   FortniteRelease (E7086368-6B23-4C58-8439-1B7016265E91): 1
LogDevObjectVersion:   Dev-Enterprise (9DFFBCD6-494F-0158-E221-12823C92A888): 10
LogDevObjectVersion:   Dev-Niagara (F2AED0AC-9AFE-416F-8664-AA7FFA26D6FC): 1
LogDevObjectVersion:   Dev-Destruction (174F1F0B-B4C6-45A5-B13F-2EE8D0FB917D): 10
LogDevObjectVersion:   Dev-Physics-Ext (35F94A83-E258-406C-A318-09F59610247C): 41
LogDevObjectVersion:   Dev-PhysicsMaterial-Chaos (B68FC16E-8B1B-42E2-B453-215C058844FE): 1
LogDevObjectVersion:   Dev-CineCamera (B2E18506-4273-CFC2-A54E-F4BB758BBA07): 1
LogDevObjectVersion:   Dev-VirtualProduction (64F58936-FD1B-42BA-BA96-7289D5D0FA4E): 1
LogDevObjectVersion:   Dev-MediaFramework (6F0ED827-A609-4895-9C91-998D90180EA4): 2
LogInit: Presizing for max 25165824 objects, including 0 objects not considered by GC, pre-allocating 0 bytes for permanent pool.
LogConfig: Applying CVar settings from Section [/Script/Engine.StreamingSettings] File [C:/Users/matej/Documents/GitHub/SlaneckaDrivingSimulator/Saved/Config/Windows/Engine.ini]
LogConfig: Setting CVar [[s.MinBulkDataSizeForAsyncLoading:131072]]
LogConfig: Setting CVar [[s.AsyncLoadingThreadEnabled:0]]
LogConfig: Setting CVar [[s.EventDrivenLoaderEnabled:1]]
LogConfig: Setting CVar [[s.WarnIfTimeLimitExceeded:0]]
LogConfig: Setting CVar [[s.TimeLimitExceededMultiplier:1.5]]
LogConfig: Setting CVar [[s.TimeLimitExceededMinTime:0.005]]
LogConfig: Setting CVar [[s.UseBackgroundLevelStreaming:1]]
LogConfig: Setting CVar [[s.PriorityAsyncLoadingExtraTime:15.0]]
LogConfig: Setting CVar [[s.LevelStreamingActorsUpdateTimeLimit:5.0]]
LogConfig: Setting CVar [[s.PriorityLevelStreamingActorsUpdateExtraTime:5.0]]
LogConfig: Setting CVar [[s.LevelStreamingComponentsRegistrationGranularity:10]]
LogConfig: Setting CVar [[s.UnregisterComponentsTimeLimit:1.0]]
LogConfig: Setting CVar [[s.LevelStreamingComponentsUnregistrationGranularity:5]]
LogConfig: Setting CVar [[s.FlushStreamingOnExit:1]]
LogInit: Object subsystem initialized
LogConfig: Setting CVar [[con.DebugEarlyDefault:1]]
LogConfig: Setting CVar [[r.setres:1280x720]]
[2022.05.02-20.50.57:696][  0]LogConfig: Setting CVar [[con.DebugEarlyDefault:1]]
[2022.05.02-20.50.57:696][  0]LogConfig: Setting CVar [[r.setres:1280x720]]
[2022.05.02-20.50.57:696][  0]LogConfig: Applying CVar settings from Section [/Script/Engine.RendererSettings] File [C:/Users/matej/Documents/GitHub/SlaneckaDrivingSimulator/Saved/Config/Windows/Engine.ini]
[2022.05.02-20.50.57:696][  0]LogConfig: Setting CVar [[r.GPUCrashDebugging:0]]
[2022.05.02-20.50.57:696][  0]LogConfig: Setting CVar [[r.DefaultFeature.AutoExposure.ExtendDefaultLuminanceRange:1]]
[2022.05.02-20.50.57:696][  0]LogConfig: Setting CVar [[r.DefaultFeature.MotionBlur:0]]
[2022.05.02-20.50.57:696][  0]LogConfig: Setting CVar [[r.GenerateMeshDistanceFields:1]]
[2022.05.02-20.50.57:696][  0]LogConfig: Applying CVar settings from Section [/Script/Engine.RendererOverrideSettings] File [C:/Users/matej/Documents/GitHub/SlaneckaDrivingSimulator/Saved/Config/Windows/Engine.ini]
[2022.05.02-20.50.57:696][  0]LogConfig: Applying CVar settings from Section [/Script/Engine.StreamingSettings] File [C:/Users/matej/Documents/GitHub/SlaneckaDrivingSimulator/Saved/Config/Windows/Engine.ini]
[2022.05.02-20.50.57:696][  0]LogConfig: Setting CVar [[s.MinBulkDataSizeForAsyncLoading:131072]]
[2022.05.02-20.50.57:696][  0]LogConfig: Setting CVar [[s.AsyncLoadingThreadEnabled:0]]
[2022.05.02-20.50.57:696][  0]LogConfig: Setting CVar [[s.EventDrivenLoaderEnabled:1]]
[2022.05.02-20.50.57:696][  0]LogConfig: Setting CVar [[s.WarnIfTimeLimitExceeded:0]]
[2022.05.02-20.50.57:696][  0]LogConfig: Setting CVar [[s.TimeLimitExceededMultiplier:1.5]]
[2022.05.02-20.50.57:696][  0]LogConfig: Setting CVar [[s.TimeLimitExceededMinTime:0.005]]
[2022.05.02-20.50.57:696][  0]LogConfig: Setting CVar [[s.UseBackgroundLevelStreaming:1]]
[2022.05.02-20.50.57:696][  0]LogConfig: Setting CVar [[s.PriorityAsyncLoadingExtraTime:15.0]]
[2022.05.02-20.50.57:696][  0]LogConfig: Setting CVar [[s.LevelStreamingActorsUpdateTimeLimit:5.0]]
[2022.05.02-20.50.57:696][  0]LogConfig: Setting CVar [[s.PriorityLevelStreamingActorsUpdateExtraTime:5.0]]
[2022.05.02-20.50.57:696][  0]LogConfig: Setting CVar [[s.LevelStreamingComponentsRegistrationGranularity:10]]
[2022.05.02-20.50.57:696][  0]LogConfig: Setting CVar [[s.UnregisterComponentsTimeLimit:1.0]]
[2022.05.02-20.50.57:696][  0]LogConfig: Setting CVar [[s.LevelStreamingComponentsUnregistrationGranularity:5]]
[2022.05.02-20.50.57:696][  0]LogConfig: Setting CVar [[s.FlushStreamingOnExit:1]]
[2022.05.02-20.50.57:696][  0]LogConfig: Applying CVar settings from Section [/Script/Engine.GarbageCollectionSettings] File [C:/Users/matej/Documents/GitHub/SlaneckaDrivingSimulator/Saved/Config/Windows/Engine.ini]
[2022.05.02-20.50.57:696][  0]LogConfig: Setting CVar [[gc.MaxObjectsNotConsideredByGC:1]]
[2022.05.02-20.50.57:696][  0]LogConfig: Setting CVar [[gc.SizeOfPermanentObjectPool:0]]
[2022.05.02-20.50.57:696][  0]LogConfig: Setting CVar [[gc.FlushStreamingOnGC:0]]
[2022.05.02-20.50.57:696][  0]LogConfig: Setting CVar [[gc.NumRetriesBeforeForcingGC:10]]
[2022.05.02-20.50.57:696][  0]LogConfig: Setting CVar [[gc.AllowParallelGC:1]]
[2022.05.02-20.50.57:696][  0]LogConfig: Setting CVar [[gc.TimeBetweenPurgingPendingKillObjects:61.1]]
[2022.05.02-20.50.57:696][  0]LogConfig: Setting CVar [[gc.MaxObjectsInEditor:25165824]]
[2022.05.02-20.50.57:696][  0]LogConfig: Setting CVar [[gc.IncrementalBeginDestroyEnabled:1]]
[2022.05.02-20.50.57:696][  0]LogConfig: Setting CVar [[gc.CreateGCClusters:1]]
[2022.05.02-20.50.57:696][  0]LogConfig: Setting CVar [[gc.MinGCClusterSize:5]]
[2022.05.02-20.50.57:696][  0]LogConfig: Setting CVar [[gc.ActorClusteringEnabled:0]]
[2022.05.02-20.50.57:696][  0]LogConfig: Setting CVar [[gc.BlueprintClusteringEnabled:0]]
[2022.05.02-20.50.57:696][  0]LogConfig: Setting CVar [[gc.UseDisregardForGCOnDedicatedServers:0]]
[2022.05.02-20.50.57:696][  0]LogConfig: Setting CVar [[gc.MultithreadedDestructionEnabled:1]]
[2022.05.02-20.50.57:696][  0]LogConfig: Applying CVar settings from Section [/Script/Engine.NetworkSettings] File [C:/Users/matej/Documents/GitHub/SlaneckaDrivingSimulator/Saved/Config/Windows/Engine.ini]
[2022.05.02-20.50.57:696][  0]LogConfig: Applying CVar settings from Section [/Script/UnrealEd.CookerSettings] File [C:/Users/matej/Documents/GitHub/SlaneckaDrivingSimulator/Saved/Config/Windows/Engine.ini]
[2022.05.02-20.50.57:706][  0]LogConfig: Applying CVar settings from Section [ViewDistanceQuality@3] File [C:/Users/matej/Documents/GitHub/SlaneckaDrivingSimulator/Saved/Config/Windows/Scalability.ini]
[2022.05.02-20.50.57:707][  0]LogConfig: Setting CVar [[r.SkeletalMeshLODBias:0]]
[2022.05.02-20.50.57:707][  0]LogConfig: Setting CVar [[r.ViewDistanceScale:1.0]]
[2022.05.02-20.50.57:707][  0]LogConfig: Applying CVar settings from Section [AntiAliasingQuality@3] File [C:/Users/matej/Documents/GitHub/SlaneckaDrivingSimulator/Saved/Config/Windows/Scalability.ini]
[2022.05.02-20.50.57:707][  0]LogConfig: Setting CVar [[r.PostProcessAAQuality:4]]
[2022.05.02-20.50.57:707][  0]LogConfig: Applying CVar settings from Section [ShadowQuality@3] File [C:/Users/matej/Documents/GitHub/SlaneckaDrivingSimulator/Saved/Config/Windows/Scalability.ini]
[2022.05.02-20.50.57:707][  0]LogConfig: Setting CVar [[r.LightFunctionQuality:1]]
[2022.05.02-20.50.57:707][  0]LogConfig: Setting CVar [[r.ShadowQuality:5]]
[2022.05.02-20.50.57:707][  0]LogConfig: Setting CVar [[r.Shadow.CSM.MaxCascades:10]]
[2022.05.02-20.50.57:707][  0]LogConfig: Setting CVar [[r.Shadow.MaxResolution:2048]]
[2022.05.02-20.50.57:707][  0]LogConfig: Setting CVar [[r.Shadow.MaxCSMResolution:2048]]
[2022.05.02-20.50.57:707][  0]LogConfig: Setting CVar [[r.Shadow.RadiusThreshold:0.01]]
[2022.05.02-20.50.57:707][  0]LogConfig: Setting CVar [[r.Shadow.DistanceScale:1.0]]
[2022.05.02-20.50.57:707][  0]LogConfig: Setting CVar [[r.Shadow.CSM.TransitionScale:1.0]]
[2022.05.02-20.50.57:707][  0]LogConfig: Setting CVar [[r.Shadow.PreShadowResolutionFactor:1.0]]
[2022.05.02-20.50.57:707][  0]LogConfig: Setting CVar [[r.DistanceFieldShadowing:1]]
[2022.05.02-20.50.57:707][  0]LogConfig: Setting CVar [[r.DistanceFieldAO:1]]
[2022.05.02-20.50.57:707][  0]LogConfig: Setting CVar [[r.AOQuality:2]]
[2022.05.02-20.50.57:707][  0]LogConfig: Setting CVar [[r.VolumetricFog:1]]
[2022.05.02-20.50.57:707][  0]LogConfig: Setting CVar [[r.VolumetricFog.GridPixelSize:8]]
[2022.05.02-20.50.57:707][  0]LogConfig: Setting CVar [[r.VolumetricFog.GridSizeZ:128]]
[2022.05.02-20.50.57:707][  0]LogConfig: Setting CVar [[r.VolumetricFog.HistoryMissSupersampleCount:4]]
[2022.05.02-20.50.57:707][  0]LogConfig: Setting CVar [[r.LightMaxDrawDistanceScale:1]]
[2022.05.02-20.50.57:707][  0]LogConfig: Setting CVar [[r.CapsuleShadows:1]]
[2022.05.02-20.50.57:707][  0]LogConfig: Applying CVar settings from Section [PostProcessQuality@3] File [C:/Users/matej/Documents/GitHub/SlaneckaDrivingSimulator/Saved/Config/Windows/Scalability.ini]
[2022.05.02-20.50.57:707][  0]LogConfig: Setting CVar [[r.MotionBlurQuality:4]]
[2022.05.02-20.50.57:707][  0]LogConfig: Setting CVar [[r.AmbientOcclusionMipLevelFactor:0.4]]
[2022.05.02-20.50.57:707][  0]LogConfig: Setting CVar [[r.AmbientOcclusionMaxQuality:100]]
[2022.05.02-20.50.57:707][  0]LogConfig: Setting CVar [[r.AmbientOcclusionLevels:-1]]
[2022.05.02-20.50.57:707][  0]LogConfig: Setting CVar [[r.AmbientOcclusionRadiusScale:1.0]]
[2022.05.02-20.50.57:707][  0]LogConfig: Setting CVar [[r.DepthOfFieldQuality:2]]
[2022.05.02-20.50.57:707][  0]LogConfig: Setting CVar [[r.RenderTargetPoolMin:400]]
[2022.05.02-20.50.57:707][  0]LogConfig: Setting CVar [[r.LensFlareQuality:2]]
[2022.05.02-20.50.57:707][  0]LogConfig: Setting CVar [[r.SceneColorFringeQuality:1]]
[2022.05.02-20.50.57:707][  0]LogConfig: Setting CVar [[r.EyeAdaptationQuality:2]]
[2022.05.02-20.50.57:707][  0]LogConfig: Setting CVar [[r.BloomQuality:5]]
[2022.05.02-20.50.57:707][  0]LogConfig: Setting CVar [[r.FastBlurThreshold:100]]
[2022.05.02-20.50.57:707][  0]LogConfig: Setting CVar [[r.Upscale.Quality:3]]
[2022.05.02-20.50.57:707][  0]LogConfig: Setting CVar [[r.Tonemapper.GrainQuantization:1]]
[2022.05.02-20.50.57:707][  0]LogConfig: Setting CVar [[r.LightShaftQuality:1]]
[2022.05.02-20.50.57:707][  0]LogConfig: Setting CVar [[r.Filter.SizeScale:1]]
[2022.05.02-20.50.57:707][  0]LogConfig: Setting CVar [[r.Tonemapper.Quality:5]]
[2022.05.02-20.50.57:707][  0]LogConfig: Setting CVar [[r.DOF.Gather.AccumulatorQuality:1        ; higher gathering accumulator quality]]
[2022.05.02-20.50.57:707][  0]LogConfig: Setting CVar [[r.DOF.Gather.PostfilterMethod:1          ; Median3x3 postfilering method]]
[2022.05.02-20.50.57:707][  0]LogConfig: Setting CVar [[r.DOF.Gather.EnableBokehSettings:0       ; no bokeh simulation when gathering]]
[2022.05.02-20.50.57:707][  0]LogConfig: Setting CVar [[r.DOF.Gather.RingCount:4                 ; medium number of samples when gathering]]
[2022.05.02-20.50.57:707][  0]LogConfig: Setting CVar [[r.DOF.Scatter.ForegroundCompositing:1    ; additive foreground scattering]]
[2022.05.02-20.50.57:707][  0]LogConfig: Setting CVar [[r.DOF.Scatter.BackgroundCompositing:2    ; additive background scattering]]
[2022.05.02-20.50.57:707][  0]LogConfig: Setting CVar [[r.DOF.Scatter.EnableBokehSettings:1      ; bokeh simulation when scattering]]
[2022.05.02-20.50.57:707][  0]LogConfig: Setting CVar [[r.DOF.Scatter.MaxSpriteRatio:0.1         ; only a maximum of 10% of scattered bokeh]]
[2022.05.02-20.50.57:707][  0]LogConfig: Setting CVar [[r.DOF.Recombine.Quality:1                ; cheap slight out of focus]]
[2022.05.02-20.50.57:707][  0]LogConfig: Setting CVar [[r.DOF.Recombine.EnableBokehSettings:0    ; no bokeh simulation on slight out of focus]]
[2022.05.02-20.50.57:707][  0]LogConfig: Setting CVar [[r.DOF.TemporalAAQuality:1                ; more stable temporal accumulation]]
[2022.05.02-20.50.57:707][  0]LogConfig: Setting CVar [[r.DOF.Kernel.MaxForegroundRadius:0.025]]
[2022.05.02-20.50.57:708][  0]LogConfig: Setting CVar [[r.DOF.Kernel.MaxBackgroundRadius:0.025]]
[2022.05.02-20.50.57:708][  0]LogConfig: Applying CVar settings from Section [TextureQuality@3] File [C:/Users/matej/Documents/GitHub/SlaneckaDrivingSimulator/Saved/Config/Windows/Scalability.ini]
[2022.05.02-20.50.57:708][  0]LogConfig: Setting CVar [[r.Streaming.MipBias:0]]
[2022.05.02-20.50.57:708][  0]LogConfig: Setting CVar [[r.Streaming.AmortizeCPUToGPUCopy:0]]
[2022.05.02-20.50.57:708][  0]LogConfig: Setting CVar [[r.Streaming.MaxNumTexturesToStreamPerFrame:0]]
[2022.05.02-20.50.57:708][  0]LogConfig: Setting CVar [[r.Streaming.Boost:1]]
[2022.05.02-20.50.57:708][  0]LogConfig: Setting CVar [[r.MaxAnisotropy:8]]
[2022.05.02-20.50.57:708][  0]LogConfig: Setting CVar [[r.VT.MaxAnisotropy:8]]
[2022.05.02-20.50.57:708][  0]LogConfig: Setting CVar [[r.Streaming.LimitPoolSizeToVRAM:0]]
[2022.05.02-20.50.57:708][  0]LogConfig: Setting CVar [[r.Streaming.PoolSize:1000]]
[2022.05.02-20.50.57:708][  0]LogConfig: Setting CVar [[r.Streaming.MaxEffectiveScreenSize:0]]
[2022.05.02-20.50.57:708][  0]LogConfig: Applying CVar settings from Section [EffectsQuality@3] File [C:/Users/matej/Documents/GitHub/SlaneckaDrivingSimulator/Saved/Config/Windows/Scalability.ini]
[2022.05.02-20.50.57:708][  0]LogConfig: Setting CVar [[r.TranslucencyLightingVolumeDim:64]]
[2022.05.02-20.50.57:708][  0]LogConfig: Setting CVar [[r.RefractionQuality:2]]
[2022.05.02-20.50.57:708][  0]LogConfig: Setting CVar [[r.SSR.Quality:3]]
[2022.05.02-20.50.57:708][  0]LogConfig: Setting CVar [[r.SSR.HalfResSceneColor:0]]
[2022.05.02-20.50.57:708][  0]LogConfig: Setting CVar [[r.SceneColorFormat:4]]
[2022.05.02-20.50.57:708][  0]LogConfig: Setting CVar [[r.DetailMode:2]]
[2022.05.02-20.50.57:708][  0]LogConfig: Setting CVar [[r.TranslucencyVolumeBlur:1]]
[2022.05.02-20.50.57:708][  0]LogConfig: Setting CVar [[r.MaterialQualityLevel:1 ; High quality]]
[2022.05.02-20.50.57:708][  0]LogConfig: Setting CVar [[r.AnisotropicMaterials:1]]
[2022.05.02-20.50.57:708][  0]LogConfig: Setting CVar [[r.SSS.Scale:1]]
[2022.05.02-20.50.57:708][  0]LogConfig: Setting CVar [[r.SSS.SampleSet:2]]
[2022.05.02-20.50.57:708][  0]LogConfig: Setting CVar [[r.SSS.Quality:1]]
[2022.05.02-20.50.57:708][  0]LogConfig: Setting CVar [[r.SSS.HalfRes:0]]
[2022.05.02-20.50.57:708][  0]LogConfig: Setting CVar [[r.SSGI.Quality:3]]
[2022.05.02-20.50.57:708][  0]LogConfig: Setting CVar [[r.EmitterSpawnRateScale:1.0]]
[2022.05.02-20.50.57:708][  0]LogConfig: Setting CVar [[r.ParticleLightQuality:2]]
[2022.05.02-20.50.57:708][  0]LogConfig: Setting CVar [[r.SkyAtmosphere.AerialPerspectiveLUT.FastApplyOnOpaque:1 ; Always have FastSkyLUT 1 in this case to avoid wrong sky]]
[2022.05.02-20.50.57:708][  0]LogConfig: Setting CVar [[r.SkyAtmosphere.AerialPerspectiveLUT.SampleCountMaxPerSlice:4]]
[2022.05.02-20.50.57:708][  0]LogConfig: Setting CVar [[r.SkyAtmosphere.AerialPerspectiveLUT.DepthResolution:16.0]]
[2022.05.02-20.50.57:708][  0]LogConfig: Setting CVar [[r.SkyAtmosphere.FastSkyLUT:1]]
[2022.05.02-20.50.57:708][  0]LogConfig: Setting CVar [[r.SkyAtmosphere.FastSkyLUT.SampleCountMin:4.0]]
[2022.05.02-20.50.57:708][  0]LogConfig: Setting CVar [[r.SkyAtmosphere.FastSkyLUT.SampleCountMax:128.0]]
[2022.05.02-20.50.57:708][  0]LogConfig: Setting CVar [[r.SkyAtmosphere.SampleCountMin:4.0]]
[2022.05.02-20.50.57:708][  0]LogConfig: Setting CVar [[r.SkyAtmosphere.SampleCountMax:128.0]]
[2022.05.02-20.50.57:708][  0]LogConfig: Setting CVar [[r.SkyAtmosphere.TransmittanceLUT.UseSmallFormat:0]]
[2022.05.02-20.50.57:708][  0]LogConfig: Setting CVar [[r.SkyAtmosphere.TransmittanceLUT.SampleCount:10.0]]
[2022.05.02-20.50.57:708][  0]LogConfig: Setting CVar [[r.SkyAtmosphere.MultiScatteringLUT.SampleCount:15.0]]
[2022.05.02-20.50.57:708][  0]LogConfig: Setting CVar [[r.SkyLight.RealTimeReflectionCapture:1]]
[2022.05.02-20.50.57:708][  0]LogConfig: Applying CVar settings from Section [FoliageQuality@3] File [C:/Users/matej/Documents/GitHub/SlaneckaDrivingSimulator/Saved/Config/Windows/Scalability.ini]
[2022.05.02-20.50.57:708][  0]LogConfig: Setting CVar [[foliage.DensityScale:1.0]]
[2022.05.02-20.50.57:708][  0]LogConfig: Setting CVar [[grass.DensityScale:1.0]]
[2022.05.02-20.50.57:708][  0]LogConfig: Applying CVar settings from Section [ShadingQuality@3] File [C:/Users/matej/Documents/GitHub/SlaneckaDrivingSimulator/Saved/Config/Windows/Scalability.ini]
[2022.05.02-20.50.57:708][  0]LogConfig: Setting CVar [[r.HairStrands.SkyLighting.IntegrationType:2]]
[2022.05.02-20.50.57:708][  0]LogConfig: Setting CVar [[r.HairStrands.SkyAO.SampleCount:4]]
[2022.05.02-20.50.57:708][  0]LogConfig: Setting CVar [[r.HairStrands.Visibility.MSAA.SamplePerPixel:4]]
[2022.05.02-20.50.57:708][  0]LogInit: Selected Device Profile: [Windows]
[2022.05.02-20.50.57:708][  0]LogInit: Applying CVar settings loaded from the selected device profile: [Windows]
[2022.05.02-20.50.57:708][  0]LogHAL: Display: Platform has ~ 16 GB [17057812480 / 17179869184 / 16], which maps to Larger [LargestMinGB=32, LargerMinGB=12, DefaultMinGB=8, SmallerMinGB=6, SmallestMinGB=0)
[2022.05.02-20.50.57:708][  0]LogInit: Going up to parent DeviceProfile []
[2022.05.02-20.50.57:709][  0]LogConfig: Applying CVar settings from Section [ViewDistanceQuality@3] File [C:/Users/matej/Documents/GitHub/SlaneckaDrivingSimulator/Saved/Config/Windows/Scalability.ini]
[2022.05.02-20.50.57:709][  0]LogConfig: Setting CVar [[r.SkeletalMeshLODBias:0]]
[2022.05.02-20.50.57:709][  0]LogConfig: Setting CVar [[r.ViewDistanceScale:1.0]]
[2022.05.02-20.50.57:709][  0]LogConfig: Applying CVar settings from Section [AntiAliasingQuality@3] File [C:/Users/matej/Documents/GitHub/SlaneckaDrivingSimulator/Saved/Config/Windows/Scalability.ini]
[2022.05.02-20.50.57:709][  0]LogConfig: Setting CVar [[r.PostProcessAAQuality:4]]
[2022.05.02-20.50.57:709][  0]LogConfig: Applying CVar settings from Section [ShadowQuality@3] File [C:/Users/matej/Documents/GitHub/SlaneckaDrivingSimulator/Saved/Config/Windows/Scalability.ini]
[2022.05.02-20.50.57:709][  0]LogConfig: Setting CVar [[r.LightFunctionQuality:1]]
[2022.05.02-20.50.57:709][  0]LogConfig: Setting CVar [[r.ShadowQuality:5]]
[2022.05.02-20.50.57:709][  0]LogConfig: Setting CVar [[r.Shadow.CSM.MaxCascades:10]]
[2022.05.02-20.50.57:709][  0]LogConfig: Setting CVar [[r.Shadow.MaxResolution:2048]]
[2022.05.02-20.50.57:709][  0]LogConfig: Setting CVar [[r.Shadow.MaxCSMResolution:2048]]
[2022.05.02-20.50.57:709][  0]LogConfig: Setting CVar [[r.Shadow.RadiusThreshold:0.01]]
[2022.05.02-20.50.57:709][  0]LogConfig: Setting CVar [[r.Shadow.DistanceScale:1.0]]
[2022.05.02-20.50.57:709][  0]LogConfig: Setting CVar [[r.Shadow.CSM.TransitionScale:1.0]]
[2022.05.02-20.50.57:709][  0]LogConfig: Setting CVar [[r.Shadow.PreShadowResolutionFactor:1.0]]
[2022.05.02-20.50.57:709][  0]LogConfig: Setting CVar [[r.DistanceFieldShadowing:1]]
[2022.05.02-20.50.57:709][  0]LogConfig: Setting CVar [[r.DistanceFieldAO:1]]
[2022.05.02-20.50.57:709][  0]LogConfig: Setting CVar [[r.AOQuality:2]]
[2022.05.02-20.50.57:709][  0]LogConfig: Setting CVar [[r.VolumetricFog:1]]
[2022.05.02-20.50.57:709][  0]LogConfig: Setting CVar [[r.VolumetricFog.GridPixelSize:8]]
[2022.05.02-20.50.57:709][  0]LogConfig: Setting CVar [[r.VolumetricFog.GridSizeZ:128]]
[2022.05.02-20.50.57:709][  0]LogConfig: Setting CVar [[r.VolumetricFog.HistoryMissSupersampleCount:4]]
[2022.05.02-20.50.57:709][  0]LogConfig: Setting CVar [[r.LightMaxDrawDistanceScale:1]]
[2022.05.02-20.50.57:709][  0]LogConfig: Setting CVar [[r.CapsuleShadows:1]]
[2022.05.02-20.50.57:709][  0]LogConfig: Applying CVar settings from Section [PostProcessQuality@3] File [C:/Users/matej/Documents/GitHub/SlaneckaDrivingSimulator/Saved/Config/Windows/Scalability.ini]
[2022.05.02-20.50.57:709][  0]LogConfig: Setting CVar [[r.MotionBlurQuality:4]]
[2022.05.02-20.50.57:709][  0]LogConfig: Setting CVar [[r.AmbientOcclusionMipLevelFactor:0.4]]
[2022.05.02-20.50.57:709][  0]LogConfig: Setting CVar [[r.AmbientOcclusionMaxQuality:100]]
[2022.05.02-20.50.57:709][  0]LogConfig: Setting CVar [[r.AmbientOcclusionLevels:-1]]
[2022.05.02-20.50.57:709][  0]LogConfig: Setting CVar [[r.AmbientOcclusionRadiusScale:1.0]]
[2022.05.02-20.50.57:709][  0]LogConfig: Setting CVar [[r.DepthOfFieldQuality:2]]
[2022.05.02-20.50.57:709][  0]LogConfig: Setting CVar [[r.RenderTargetPoolMin:400]]
[2022.05.02-20.50.57:709][  0]LogConfig: Setting CVar [[r.LensFlareQuality:2]]
[2022.05.02-20.50.57:709][  0]LogConfig: Setting CVar [[r.SceneColorFringeQuality:1]]
[2022.05.02-20.50.57:709][  0]LogConfig: Setting CVar [[r.EyeAdaptationQuality:2]]
[2022.05.02-20.50.57:709][  0]LogConfig: Setting CVar [[r.BloomQuality:5]]
[2022.05.02-20.50.57:709][  0]LogConfig: Setting CVar [[r.FastBlurThreshold:100]]
[2022.05.02-20.50.57:709][  0]LogConfig: Setting CVar [[r.Upscale.Quality:3]]
[2022.05.02-20.50.57:709][  0]LogConfig: Setting CVar [[r.Tonemapper.GrainQuantization:1]]
[2022.05.02-20.50.57:709][  0]LogConfig: Setting CVar [[r.LightShaftQuality:1]]
[2022.05.02-20.50.57:709][  0]LogConfig: Setting CVar [[r.Filter.SizeScale:1]]
[2022.05.02-20.50.57:709][  0]LogConfig: Setting CVar [[r.Tonemapper.Quality:5]]
[2022.05.02-20.50.57:709][  0]LogConfig: Setting CVar [[r.DOF.Gather.AccumulatorQuality:1        ; higher gathering accumulator quality]]
[2022.05.02-20.50.57:709][  0]LogConfig: Setting CVar [[r.DOF.Gather.PostfilterMethod:1          ; Median3x3 postfilering method]]
[2022.05.02-20.50.57:709][  0]LogConfig: Setting CVar [[r.DOF.Gather.EnableBokehSettings:0       ; no bokeh simulation when gathering]]
[2022.05.02-20.50.57:709][  0]LogConfig: Setting CVar [[r.DOF.Gather.RingCount:4                 ; medium number of samples when gathering]]
[2022.05.02-20.50.57:709][  0]LogConfig: Setting CVar [[r.DOF.Scatter.ForegroundCompositing:1    ; additive foreground scattering]]
[2022.05.02-20.50.57:709][  0]LogConfig: Setting CVar [[r.DOF.Scatter.BackgroundCompositing:2    ; additive background scattering]]
[2022.05.02-20.50.57:709][  0]LogConfig: Setting CVar [[r.DOF.Scatter.EnableBokehSettings:1      ; bokeh simulation when scattering]]
[2022.05.02-20.50.57:709][  0]LogConfig: Setting CVar [[r.DOF.Scatter.MaxSpriteRatio:0.1         ; only a maximum of 10% of scattered bokeh]]
[2022.05.02-20.50.57:709][  0]LogConfig: Setting CVar [[r.DOF.Recombine.Quality:1                ; cheap slight out of focus]]
[2022.05.02-20.50.57:709][  0]LogConfig: Setting CVar [[r.DOF.Recombine.EnableBokehSettings:0    ; no bokeh simulation on slight out of focus]]
[2022.05.02-20.50.57:709][  0]LogConfig: Setting CVar [[r.DOF.TemporalAAQuality:1                ; more stable temporal accumulation]]
[2022.05.02-20.50.57:709][  0]LogConfig: Setting CVar [[r.DOF.Kernel.MaxForegroundRadius:0.025]]
[2022.05.02-20.50.57:709][  0]LogConfig: Setting CVar [[r.DOF.Kernel.MaxBackgroundRadius:0.025]]
[2022.05.02-20.50.57:709][  0]LogConfig: Applying CVar settings from Section [TextureQuality@3] File [C:/Users/matej/Documents/GitHub/SlaneckaDrivingSimulator/Saved/Config/Windows/Scalability.ini]
[2022.05.02-20.50.57:709][  0]LogConfig: Setting CVar [[r.Streaming.MipBias:0]]
[2022.05.02-20.50.57:709][  0]LogConfig: Setting CVar [[r.Streaming.AmortizeCPUToGPUCopy:0]]
[2022.05.02-20.50.57:709][  0]LogConfig: Setting CVar [[r.Streaming.MaxNumTexturesToStreamPerFrame:0]]
[2022.05.02-20.50.57:709][  0]LogConfig: Setting CVar [[r.Streaming.Boost:1]]
[2022.05.02-20.50.57:709][  0]LogConfig: Setting CVar [[r.MaxAnisotropy:8]]
[2022.05.02-20.50.57:710][  0]LogConfig: Setting CVar [[r.VT.MaxAnisotropy:8]]
[2022.05.02-20.50.57:710][  0]LogConfig: Setting CVar [[r.Streaming.LimitPoolSizeToVRAM:0]]
[2022.05.02-20.50.57:710][  0]LogConfig: Setting CVar [[r.Streaming.PoolSize:1000]]
[2022.05.02-20.50.57:710][  0]LogConfig: Setting CVar [[r.Streaming.MaxEffectiveScreenSize:0]]
[2022.05.02-20.50.57:710][  0]LogConfig: Applying CVar settings from Section [EffectsQuality@3] File [C:/Users/matej/Documents/GitHub/SlaneckaDrivingSimulator/Saved/Config/Windows/Scalability.ini]
[2022.05.02-20.50.57:710][  0]LogConfig: Setting CVar [[r.TranslucencyLightingVolumeDim:64]]
[2022.05.02-20.50.57:710][  0]LogConfig: Setting CVar [[r.RefractionQuality:2]]
[2022.05.02-20.50.57:710][  0]LogConfig: Setting CVar [[r.SSR.Quality:3]]
[2022.05.02-20.50.57:710][  0]LogConfig: Setting CVar [[r.SSR.HalfResSceneColor:0]]
[2022.05.02-20.50.57:710][  0]LogConfig: Setting CVar [[r.SceneColorFormat:4]]
[2022.05.02-20.50.57:710][  0]LogConfig: Setting CVar [[r.DetailMode:2]]
[2022.05.02-20.50.57:710][  0]LogConfig: Setting CVar [[r.TranslucencyVolumeBlur:1]]
[2022.05.02-20.50.57:710][  0]LogConfig: Setting CVar [[r.MaterialQualityLevel:1 ; High quality]]
[2022.05.02-20.50.57:710][  0]LogConfig: Setting CVar [[r.AnisotropicMaterials:1]]
[2022.05.02-20.50.57:710][  0]LogConfig: Setting CVar [[r.SSS.Scale:1]]
[2022.05.02-20.50.57:710][  0]LogConfig: Setting CVar [[r.SSS.SampleSet:2]]
[2022.05.02-20.50.57:710][  0]LogConfig: Setting CVar [[r.SSS.Quality:1]]
[2022.05.02-20.50.57:710][  0]LogConfig: Setting CVar [[r.SSS.HalfRes:0]]
[2022.05.02-20.50.57:710][  0]LogConfig: Setting CVar [[r.SSGI.Quality:3]]
[2022.05.02-20.50.57:710][  0]LogConfig: Setting CVar [[r.EmitterSpawnRateScale:1.0]]
[2022.05.02-20.50.57:710][  0]LogConfig: Setting CVar [[r.ParticleLightQuality:2]]
[2022.05.02-20.50.57:710][  0]LogConfig: Setting CVar [[r.SkyAtmosphere.AerialPerspectiveLUT.FastApplyOnOpaque:1 ; Always have FastSkyLUT 1 in this case to avoid wrong sky]]
[2022.05.02-20.50.57:710][  0]LogConfig: Setting CVar [[r.SkyAtmosphere.AerialPerspectiveLUT.SampleCountMaxPerSlice:4]]
[2022.05.02-20.50.57:710][  0]LogConfig: Setting CVar [[r.SkyAtmosphere.AerialPerspectiveLUT.DepthResolution:16.0]]
[2022.05.02-20.50.57:710][  0]LogConfig: Setting CVar [[r.SkyAtmosphere.FastSkyLUT:1]]
[2022.05.02-20.50.57:710][  0]LogConfig: Setting CVar [[r.SkyAtmosphere.FastSkyLUT.SampleCountMin:4.0]]
[2022.05.02-20.50.57:710][  0]LogConfig: Setting CVar [[r.SkyAtmosphere.FastSkyLUT.SampleCountMax:128.0]]
[2022.05.02-20.50.57:710][  0]LogConfig: Setting CVar [[r.SkyAtmosphere.SampleCountMin:4.0]]
[2022.05.02-20.50.57:710][  0]LogConfig: Setting CVar [[r.SkyAtmosphere.SampleCountMax:128.0]]
[2022.05.02-20.50.57:710][  0]LogConfig: Setting CVar [[r.SkyAtmosphere.TransmittanceLUT.UseSmallFormat:0]]
[2022.05.02-20.50.57:710][  0]LogConfig: Setting CVar [[r.SkyAtmosphere.TransmittanceLUT.SampleCount:10.0]]
[2022.05.02-20.50.57:710][  0]LogConfig: Setting CVar [[r.SkyAtmosphere.MultiScatteringLUT.SampleCount:15.0]]
[2022.05.02-20.50.57:710][  0]LogConfig: Setting CVar [[r.SkyLight.RealTimeReflectionCapture:1]]
[2022.05.02-20.50.57:710][  0]LogConfig: Applying CVar settings from Section [FoliageQuality@3] File [C:/Users/matej/Documents/GitHub/SlaneckaDrivingSimulator/Saved/Config/Windows/Scalability.ini]
[2022.05.02-20.50.57:710][  0]LogConfig: Setting CVar [[foliage.DensityScale:1.0]]
[2022.05.02-20.50.57:710][  0]LogConfig: Setting CVar [[grass.DensityScale:1.0]]
[2022.05.02-20.50.57:710][  0]LogConfig: Applying CVar settings from Section [ShadingQuality@3] File [C:/Users/matej/Documents/GitHub/SlaneckaDrivingSimulator/Saved/Config/Windows/Scalability.ini]
[2022.05.02-20.50.57:710][  0]LogConfig: Setting CVar [[r.HairStrands.SkyLighting.IntegrationType:2]]
[2022.05.02-20.50.57:710][  0]LogConfig: Setting CVar [[r.HairStrands.SkyAO.SampleCount:4]]
[2022.05.02-20.50.57:710][  0]LogConfig: Setting CVar [[r.HairStrands.Visibility.MSAA.SamplePerPixel:4]]
[2022.05.02-20.50.57:710][  0]LogConfig: Applying CVar settings from Section [Startup] File [../../../Engine/Config/ConsoleVariables.ini]
[2022.05.02-20.50.57:711][  0]LogConfig: Setting CVar [[net.UseAdaptiveNetUpdateFrequency:0]]
[2022.05.02-20.50.57:711][  0]LogConfig: Setting CVar [[p.chaos.AllowCreatePhysxBodies:1]]
[2022.05.02-20.50.57:711][  0]LogConfig: Setting CVar [[fx.SkipVectorVMBackendOptimizations:1]]
[2022.05.02-20.50.57:711][  0]LogConfig: Applying CVar settings from Section [ConsoleVariables] File [C:/Users/matej/Documents/GitHub/SlaneckaDrivingSimulator/Saved/Config/Windows/Engine.ini]
[2022.05.02-20.50.57:711][  0]LogConfig: Applying CVar settings from Section [ConsoleVariables] File [C:/Users/matej/Documents/GitHub/SlaneckaDrivingSimulator/Saved/Config/Windows/Editor.ini]
[2022.05.02-20.50.57:711][  0]LogInit: Computer: DESKTOP-P9K8NQ2
[2022.05.02-20.50.57:711][  0]LogInit: User: matej
[2022.05.02-20.50.57:711][  0]LogInit: CPU Page size=4096, Cores=4
[2022.05.02-20.50.57:711][  0]LogInit: High frequency timer resolution =10.000000 MHz
[2022.05.02-20.50.57:711][  0]LogMemory: Memory total: Physical=15.9GB (16GB approx)
[2022.05.02-20.50.57:711][  0]LogMemory: Platform Memory Stats for Windows
[2022.05.02-20.50.57:711][  0]LogMemory: Process Physical Memory: 145.36 MB used, 145.37 MB peak
[2022.05.02-20.50.57:711][  0]LogMemory: Process Virtual Memory: 122.43 MB used, 122.43 MB peak
[2022.05.02-20.50.57:711][  0]LogMemory: Physical Memory: 7311.66 MB used,  8955.94 MB free, 16267.60 MB total
[2022.05.02-20.50.57:711][  0]LogMemory: Virtual Memory: 134208872.00 MB used,  8854.76 MB free, 134217728.00 MB total
[2022.05.02-20.50.57:718][  0]LogWindows: WindowsPlatformFeatures enabled
[2022.05.02-20.50.57:750][  0]LogInit: Physics initialised using underlying interface: PhysX
[2022.05.02-20.50.57:750][  0]LogInit: Using OS detected language (en-US).
[2022.05.02-20.50.57:751][  0]LogInit: Using OS detected locale (en-US).
[2022.05.02-20.50.57:755][  0]LogTextLocalizationManager: No specific localization for 'en-US' exists, so the 'en' localization will be used.
[2022.05.02-20.50.58:091][  0]LogWindowsTextInputMethodSystem: Display: IME system deactivated.
[2022.05.02-20.50.58:116][  0]LogSlate: New Slate User Created.  User Index 0, Is Virtual User: 0
[2022.05.02-20.50.58:116][  0]LogSlate: Slate User Registered.  User Index 0, Is Virtual User: 0
[2022.05.02-20.50.58:135][  0]LogD3D11RHI: Loaded GFSDK_Aftermath_Lib.x64.dll
[2022.05.02-20.50.58:184][  0]LogHMD: Failed to enumerate extensions. Please check that you have a valid OpenXR runtime installed.
[2022.05.02-20.50.58:184][  0]LogD3D11RHI: D3D11 min allowed feature level: 11_0
[2022.05.02-20.50.58:184][  0]LogD3D11RHI: D3D11 max allowed feature level: 11_0
[2022.05.02-20.50.58:184][  0]LogD3D11RHI: D3D11 adapters:
[2022.05.02-20.50.58:304][  0]LogD3D11RHI:    0. 'NVIDIA GeForce GTX 1050 Ti' (Feature Level 11_0)
[2022.05.02-20.50.58:304][  0]LogD3D11RHI:       4018/0/8133 MB DedicatedVideo/DedicatedSystem/SharedSystem, Outputs:1, VendorId:0x10de
[2022.05.02-20.50.58:322][  0]LogD3D11RHI:    1. 'Intel(R) HD Graphics 630' (Feature Level 11_0)
[2022.05.02-20.50.58:322][  0]LogD3D11RHI:       128/0/8133 MB DedicatedVideo/DedicatedSystem/SharedSystem, Outputs:0, VendorId:0x8086
[2022.05.02-20.50.58:324][  0]LogD3D11RHI:    2. 'Microsoft Basic Render Driver' (Feature Level 11_0)
[2022.05.02-20.50.58:324][  0]LogD3D11RHI:       0/0/8133 MB DedicatedVideo/DedicatedSystem/SharedSystem, Outputs:0, VendorId:0x1414
[2022.05.02-20.50.58:324][  0]LogD3D11RHI: Chosen D3D11 Adapter:
[2022.05.02-20.50.58:324][  0]LogD3D11RHI:     Description : NVIDIA GeForce GTX 1050 Ti
[2022.05.02-20.50.58:324][  0]LogD3D11RHI:     VendorId    : 10de
[2022.05.02-20.50.58:324][  0]LogD3D11RHI:     DeviceId    : 1c8c
[2022.05.02-20.50.58:324][  0]LogD3D11RHI:     SubSysId    : 118b1025
[2022.05.02-20.50.58:324][  0]LogD3D11RHI:     Revision    : 00a1
[2022.05.02-20.50.58:324][  0]LogD3D11RHI:     DedicatedVideoMemory : 4213178368 bytes
[2022.05.02-20.50.58:324][  0]LogD3D11RHI:     DedicatedSystemMemory : 0 bytes
[2022.05.02-20.50.58:324][  0]LogD3D11RHI:     SharedSystemMemory : 8528906240 bytes
[2022.05.02-20.50.58:324][  0]LogD3D11RHI:     AdapterLuid : 0 41313630
[2022.05.02-20.50.58:328][  0]LogD3D11RHI: Creating new Direct3DDevice
[2022.05.02-20.50.58:328][  0]LogD3D11RHI:     GPU DeviceId: 0x1c8c (for the marketing name, search the web for "GPU Device Id")
[2022.05.02-20.50.58:328][  0]LogWindows: EnumDisplayDevices:
[2022.05.02-20.50.58:329][  0]LogWindows:    0. 'Intel(R) HD Graphics 630' (P:1 D:1)
[2022.05.02-20.50.58:329][  0]LogWindows:    1. 'Intel(R) HD Graphics 630' (P:0 D:0)
[2022.05.02-20.50.58:329][  0]LogWindows:    2. 'Intel(R) HD Graphics 630' (P:0 D:0)
[2022.05.02-20.50.58:329][  0]LogWindows:    3. 'NVIDIA GeForce GTX 1050 Ti' (P:0 D:0)
[2022.05.02-20.50.58:330][  0]LogWindows: DebugString: PrimaryIsNotTheChoosenAdapter PrimaryIsNotTheChoosenAdapter PrimaryIsNotTheChoosenAdapter 
[2022.05.02-20.50.58:330][  0]LogD3D11RHI:     Adapter Name: NVIDIA GeForce GTX 1050 Ti
[2022.05.02-20.50.58:330][  0]LogD3D11RHI:   Driver Version: 512.59 (internal:30.0.15.1259, unified:512.59)
[2022.05.02-20.50.58:330][  0]LogD3D11RHI:      Driver Date: 4-20-2022
[2022.05.02-20.50.58:330][  0]LogRHI: Texture pool is 2812 MB (70% of 4018 MB)
[2022.05.02-20.50.58:330][  0]LogD3D11RHI: Creating D3DDevice using adapter:
[2022.05.02-20.50.58:330][  0]LogD3D11RHI:     Description : NVIDIA GeForce GTX 1050 Ti
[2022.05.02-20.50.58:330][  0]LogD3D11RHI:     VendorId    : 10de
[2022.05.02-20.50.58:330][  0]LogD3D11RHI:     DeviceId    : 1c8c
[2022.05.02-20.50.58:330][  0]LogD3D11RHI:     SubSysId    : 118b1025
[2022.05.02-20.50.58:330][  0]LogD3D11RHI:     Revision    : 00a1
[2022.05.02-20.50.58:330][  0]LogD3D11RHI:     DedicatedVideoMemory : 4213178368 bytes
[2022.05.02-20.50.58:330][  0]LogD3D11RHI:     DedicatedSystemMemory : 0 bytes
[2022.05.02-20.50.58:330][  0]LogD3D11RHI:     SharedSystemMemory : 8528906240 bytes
[2022.05.02-20.50.58:330][  0]LogD3D11RHI:     AdapterLuid : 0 41313630
[2022.05.02-20.50.58:399][  0]LogD3D11RHI: RHI has support for 64 bit atomics
[2022.05.02-20.50.58:399][  0]LogD3D11RHI: Async texture creation enabled
[2022.05.02-20.50.58:399][  0]LogD3D11RHI: Array index from any shader is supported
[2022.05.02-20.50.58:424][  0]LogD3D11RHI: GPU Timing Frequency: 1000.000000 (Debug: 2 1)
[2022.05.02-20.50.58:468][  0]LogRHI: GeForceNow SDK initialized: 1
[2022.05.02-20.50.58:811][  0]LogTargetPlatformManager: Display: Loaded TargetPlatform 'WindowsNoEditor'
[2022.05.02-20.50.58:816][  0]LogTargetPlatformManager: Display: Loaded TargetPlatform 'Windows'
[2022.05.02-20.50.58:821][  0]LogTargetPlatformManager: Display: Loaded TargetPlatform 'WindowsClient'
[2022.05.02-20.50.58:827][  0]LogTargetPlatformManager: Display: Loaded TargetPlatform 'WindowsServer'
[2022.05.02-20.50.58:827][  0]LogTargetPlatformManager: Display: Building Assets For Windows
[2022.05.02-20.50.58:834][  0]LogAudioDebug: Display: Lib vorbis DLL was dynamically loaded.
[2022.05.02-20.50.58:865][  0]LogTextureFormatOodle: Display: Oodle Texture 2.9.0 init RDO Off
[2022.05.02-20.50.58:895][  0]LogRendererCore: Ray tracing is disabled. Reason: r.RayTracing=0.
[2022.05.02-20.50.58:895][  0]LogShaderCompilers: Guid format shader working directory is -26 characters bigger than the processId version (../../../../../../Users/matej/Documents/GitHub/SlaneckaDrivingSimulator/Intermediate/Shaders/WorkingDirectory/10872/).
[2022.05.02-20.50.58:895][  0]LogShaderCompilers: Cleaned the shader compiler working directory 'C:/Users/matej/AppData/Local/Temp/UnrealShaderWorkingDir/404BD3984F8A6E729CD7E59C83E7F56D/'.
[2022.05.02-20.50.58:895][  0]LogXGEController: Cannot use XGE Controller as Incredibuild is not installed on this machine.
[2022.05.02-20.50.58:896][  0]LogShaderCompilers: Cannot use XGE Shader Compiler as Incredibuild is not installed on this machine.
[2022.05.02-20.50.58:896][  0]LogShaderCompilers: Display: Using Local Shader Compiler.
[2022.05.02-20.50.59:753][  0]LogDerivedDataCache: Display: Max Cache Size: 512 MB
[2022.05.02-20.50.59:822][  0]LogDerivedDataCache: Loaded boot cache 0.07s 97MB C:/Users/matej/AppData/Local/UnrealEngine/4.27/DerivedDataCache/Boot.ddc.
[2022.05.02-20.50.59:822][  0]LogDerivedDataCache: Display: Loaded Boot cache: C:/Users/matej/AppData/Local/UnrealEngine/4.27/DerivedDataCache/Boot.ddc
[2022.05.02-20.50.59:822][  0]LogDerivedDataCache: FDerivedDataBackendGraph:  Pak pak cache file ../../../../../../Users/matej/Documents/GitHub/SlaneckaDrivingSimulator/DerivedDataCache/DDC.ddp not found, will not use a pak cache.
[2022.05.02-20.50.59:822][  0]LogDerivedDataCache: Unable to find inner node Pak for hierarchical cache Hierarchy.
[2022.05.02-20.50.59:822][  0]LogDerivedDataCache: FDerivedDataBackendGraph:  CompressedPak pak cache file ../../../../../../Users/matej/Documents/GitHub/SlaneckaDrivingSimulator/DerivedDataCache/Compressed.ddp not found, will not use a pak cache.
[2022.05.02-20.50.59:822][  0]LogDerivedDataCache: Unable to find inner node CompressedPak for hierarchical cache Hierarchy.
[2022.05.02-20.50.59:840][  0]LogDerivedDataCache: Display: Pak cache opened for reading ../../../Engine/DerivedDataCache/Compressed.ddp.
[2022.05.02-20.50.59:840][  0]LogDerivedDataCache: FDerivedDataBackendGraph:  EnterprisePak pak cache file ../../../Enterprise/DerivedDataCache/Compressed.ddp not found, will not use a pak cache.
[2022.05.02-20.50.59:840][  0]LogDerivedDataCache: Unable to find inner node EnterprisePak for hierarchical cache Hierarchy.
[2022.05.02-20.50.59:852][  0]LogDerivedDataCache: Speed tests for C:/Users/matej/AppData/Local/UnrealEngine/Common/DerivedDataCache took 0.01 seconds
[2022.05.02-20.50.59:852][  0]LogDerivedDataCache: Display: Performance to C:/Users/matej/AppData/Local/UnrealEngine/Common/DerivedDataCache: Latency=0.03ms. RandomReadSpeed=214.73MBs, RandomWriteSpeed=144.08MBs. Assigned SpeedClass 'Local'
[2022.05.02-20.50.59:853][  0]LogDerivedDataCache: Using Local data cache path C:/Users/matej/AppData/Local/UnrealEngine/Common/DerivedDataCache: Writable
[2022.05.02-20.50.59:853][  0]LogDerivedDataCache: Shared data cache path not found in *engine.ini, will not use an Shared cache.
[2022.05.02-20.50.59:853][  0]LogDerivedDataCache: Unable to find inner node Shared for hierarchical cache Hierarchy.
[2022.05.02-20.50.59:895][  0]LogSlate: Using FreeType 2.10.0
[2022.05.02-20.50.59:895][  0]LogSlate: SlateFontServices - WITH_FREETYPE: 1, WITH_HARFBUZZ: 1
[2022.05.02-20.50.59:896][  0]LogHMD: Failed to enumerate extensions. Please check that you have a valid OpenXR runtime installed.
[2022.05.02-20.51.00:006][  0]LogInit: Using OS detected language (en-US).
[2022.05.02-20.51.00:006][  0]LogInit: Using OS detected locale (en-US).
[2022.05.02-20.51.00:006][  0]LogTextLocalizationManager: No localization for 'en-US' exists, so 'en' will be used for the language.
[2022.05.02-20.51.00:007][  0]LogTextLocalizationManager: No localization for 'en-US' exists, so 'en' will be used for the locale.
[2022.05.02-20.51.00:007][  0]LogSlate: FontCache flush requested. Reason: Culture for localization was changed
[2022.05.02-20.51.00:007][  0]LogSlate: FontCache flush requested. Reason: Culture for localization was changed
[2022.05.02-20.51.00:014][  0]LogTextLocalizationManager: Compacting localization data took   0.01ms
[2022.05.02-20.51.00:014][  0]LogAssetRegistry: FAssetRegistry took 0.0049 seconds to start up
[2022.05.02-20.51.00:210][  0]LogPackageLocalizationCache: Processed 26 localized package path(s) for 1 prioritized culture(s) in 0.001297 seconds
[2022.05.02-20.51.00:284][  0]LogInit: Selected Device Profile: [Windows]
[2022.05.02-20.51.00:284][  0]LogInit: Active device profile: [000001811F96B400][000001811895E5C0 49] Windows
[2022.05.02-20.51.00:285][  0]LogInit: Profiles: [000001811F96B400][000001811895E5C0 49] Windows, [000001811F91CE00][0000018118966740 49] WindowsNoEditor, [000001811F968E00][000001811896A8C0 49] WindowsServer, [000001811F91EB00][00000181144ACA40 49] WindowsClient, [000001811F96AA00][00000181144B0BC0 49] IOS, [000001811F91D800][00000181144B4D40 49] iPadAir, [000001811F969700][00000181144B8EC0 49] iPadAir2, [000001811F8C7900][00000181144C1180 49] IPadPro, [000001811F8C7A00][00000181144BD1C0 49] iPadAir3, [000001811F96A300][00000181144C5340 49] iPadAir4, [000001811F8C5300][00000181144C94C0 49] iPadMini2, [000001811F96BC00][00000181144CD640 49] iPadMini3, [000001811F8C6500][00000181144D17C0 49] iPadMini4, [000001811F969100][0000018118963900 49] iPadMini5, [000001811F91B200][00000181144D9B40 49] iPhone6, [000001811F91B300][00000181144D5B80 49] iPodTouch6, [000001811F8C4400][00000181144E4280 49] iPhone7, [000001811F8C4300][00000181144DC2C0 49] iPodTouch7, [000001811F919200][00000181144E8440 49] iPhone5S, [000001811F8C4A00][00000181144EC5C0 49] iPhone6Plus, [000001811F91A600][00000181144F0740 49] iPhone6S, [000001811F8C7E00][00000181144F48C0 49] iPhone6SPlus, [000001811F91BA00][0000018119188A40 49] iPhone7Plus, [000001811F8C5800][000001811918CBC0 49] iPhoneSE, [000001811F918900][0000018119190D40 49] iPhone8, [000001811F8C6800][0000018119194EC0 49] iPhone8Plus, [000001811F91A300][0000018119199040 49] iPhoneX, [000001811F8C6D00][000001811919D1C0 49] iPhoneXS, [000001811F91BC00][00000181191A1340 49] iPhoneXSMax, [000001811F8C7500][00000181191A54C0 49] iPhoneXR, [000001811F91B700][00000181191A9640 49] iPhone11, [000001811F8C5500][00000181191AD7C0 49] iPhone11Pro, [000001811F919E00][00000181191B1940 49] iPhone11ProMax, [000001811F8C4C00][00000181191B5AC0 49] iPhoneSE2, [000001811F918F00][00000181144E1C00 49] iPhone12Mini, [000001811F8C4F00][00000181191B81C0 49] iPhone12, [000001811F91A400][00000181191BC300 49] iPhone12Pro, [000001811F8C5400][00000181191C4480 49] iPhone12ProMax, [000001811F91BD00][00000181191C8600 49] iPadPro105, [000001811F8C6700][00000181191CC780 49] iPadPro129, [000001811F91B900][00000181191D0900 49] iPadPro97, [000001811F8C4900][00000181191D4A80 49] iPadPro2_129, [000001811F91AF00][00000181191D8C00 49] iPad5, [000001811F8C7600][00000181191DCD80 49] iPad6, [000001811F91AB00][00000181191E0F00 49] iPad7, [000001811F8C6300][00000181191E5080 49] iPad8, [000001811F919700][00000181191E9200 49] iPadPro11, [000001811F8C7400][00000181191ED380 49] iPadPro2_11, [000001811F91AD00][00000181191F1500 49] iPadPro3_129, [000001811F8C4200][00000181191F5680 49] iPadPro4_129, [000001811F919100][00000181191F9800 49] AppleTV, [000001811F8C6A00][00000181191FD980 49] AppleTV4K, [000001811F918400][0000018119201B00 49] TVOS, [000001811F8C5C00][0000018119204100 49] Mac, [000001811F918100][00000181191C0240 49] MacClient, [000001811F8C7300][0000018119208380 49] MacNoEditor, [000001811F91B600][000001811920C4C0 49] MacServer, [000001811F8C4B00][0000018119214640 49] Linux, [000001811F919B00][00000181192187C0 49] LinuxAArch64, [000001811F8C4E00][000001811921C940 49] LinuxNoEditor, [000001811F91E600][0000018119220AC0 49] LinuxAArch64NoEditor, [000001811F9A8300][0000018119224C40 49] LinuxClient, [000001811F91C400][0000018119228DC0 49] LinuxAArch64Client, [000001811F9A9800][000001811922CF40 49] LinuxServer, [000001811F91D500][00000181192310C0 49] LinuxAArch64Server, [000001811F9A8400][0000018119235240 49] Android, [000001811F91C900][00000181192393C0 49] Android_Low, [000001811F9A9B00][000001811923D540 49] Android_Mid, [000001811F91CF00][0000018118B336C0 49] Android_High, [000001811F9A8700][0000018118B37840 49] Android_Default, [000001811F91E900][0000018118B3B9C0 49] Android_Adreno4xx, [000001811F9A9300][0000018118B3FB40 49] Android_Adreno5xx_Low, [000001811F91C200][0000018118B42140 49] Android_Adreno5xx, [000001811F9A8500][0000018118B462C0 49] Android_Adreno6xx, [000001811F91F400][0000018119210400 49] Android_Adreno6xx_Vulkan, [000001811F9AA700][0000018118B4A540 49] Android_Mali_T6xx, [000001811F91D000][0000018118B4E680 49] Android_Mali_T7xx, [000001811F9A9900][0000018118B527C0 49] Android_Mali_T8xx, [000001811F91F100][0000018118B5A940 49] Android_Mali_G71, [000001811F9A8100][0000018118B5EAC0 49] Android_Mali_G72, [000001811F8C4500][0000018118B62C40 49] Android_Mali_G72_Vulkan, [000001811F919900][0000018118B66DC0 49] Android_Mali_G76, [000001811F8C5B00][0000018118B6AF40 49] Android_Mali_G76_Vulkan, [000001811F919800][0000018118B6F0C0 49] Android_Mali_G77, [000001811F8C4700][0000018118B73240 49] Android_Mali_G77_Vulkan, [000001811F91BB00][0000018118B773C0 49] Android_Mali_G78, [000001811F8C6B00][0000018118B7B540 49] Android_Mali_G78_Vulkan, [000001811F9A8A00][0000018118B7F6C0 49] Android_Mali_G710, [000001811F8C6600][0000018118B83840 49] Android_Mali_G710_Vulkan, [000001811F9A9100][0000018118B879C0 49] Android_Vulkan_SM5, [000001811F8C7200][0000018118B8BB40 49] Android_PowerVR_G6xxx, [000001811F9A8600][0000018118B8E140 49] Android_PowerVR_GT7xxx, [000001811F8C6100][0000018118B922C0 49] Android_PowerVR_GE8xxx, [000001811F9AA300][0000018118B96440 49] Android_PowerVR_GM9xxx, [000001811F8C6E00][0000018118B56580 49] Android_PowerVR_GM9xxx_Vulkan, [000001811F9A8900][0000018118B9A6C0 49] Android_TegraK1, [000001811F8C5D00][0000018118B9E800 49] Android_Unknown_Vulkan, [000001811F9A8E00][0000018118BA2940 49] Lumin, [000001811F8C4600][0000018118BAAAC0 49] Lumin_Desktop, [000001811F9AA500][0000018118BAEC40 49] HoloLens, 
[2022.05.02-20.51.00:327][  0]LogMeshReduction: Using QuadricMeshReduction for automatic static mesh reduction
[2022.05.02-20.51.00:327][  0]LogMeshReduction: Using SimplygonMeshReduction for automatic skeletal mesh reduction
[2022.05.02-20.51.00:327][  0]LogMeshReduction: Using ProxyLODMeshReduction for automatic mesh merging
[2022.05.02-20.51.00:327][  0]LogMeshReduction: No distributed automatic mesh merging module available
[2022.05.02-20.51.00:327][  0]LogMeshMerging: No distributed automatic mesh merging module available
[2022.05.02-20.51.00:443][  0]LogNetVersion: SlaneckaDrivingSim 1.0.0, NetCL: 17155196, EngineNetVer: 17, GameNetVer: 0 (Checksum: 2678730172)
[2022.05.02-20.51.00:705][  0]LogTexture: Default maximum texture size for cubemaps generated from long-lat sources has been changed from 512 to unlimited. In order to preserve old behaiour for '/Engine/MapTemplates/Sky/DaylightAmbientCubemap.DaylightAmbientCubemap', its maximum texture size has been explicitly set to 512.
[2022.05.02-20.51.00:762][  0]LogHMD: PokeAHoleMaterial loaded successfully
[2022.05.02-20.51.00:867][  0]LogMoviePlayer: Initializing movie player
[2022.05.02-20.51.01:054][  0]LogNiagaraDebuggerClient: Niagara Debugger Client Initialized | Session: 15B1CE73427EE53EA763A289B0593F06 | Instance: 65797F7A47FB3D615384C9B38E4936DA (DESKTOP-P9K8NQ2-10872).
[2022.05.02-20.51.01:075][  0]LogCollectionManager: Loaded 0 collections in 0.002095 seconds
[2022.05.02-20.51.01:077][  0]LogFileCache: Scanning file cache for directory 'C:/Users/matej/Documents/GitHub/SlaneckaDrivingSimulator/Saved/Collections/' took 0.00s
[2022.05.02-20.51.01:077][  0]LogFileCache: Scanning file cache for directory 'C:/Users/matej/Documents/GitHub/SlaneckaDrivingSimulator/Content/Developers/matej/Collections/' took 0.00s
[2022.05.02-20.51.01:077][  0]LogCollectionManager: Fixed up redirectors for 0 collections in 0.000002 seconds (updated 0 objects)
[2022.05.02-20.51.01:095][  0]LogFileCache: Scanning file cache for directory 'C:/Users/matej/Documents/GitHub/SlaneckaDrivingSimulator/Content/Collections/' took 0.00s
[2022.05.02-20.51.01:095][  0]LogTcpMessaging: Initializing TcpMessaging bridge
[2022.05.02-20.51.01:099][  0]LogUdpMessaging: Initializing bridge on interface 0.0.0.0:0 to multicast group 230.0.0.1:6666.
[2022.05.02-20.51.01:115][  0]LogPython: Using Python 3.7.7
[2022.05.02-20.51.01:687][  0]SourceControl: Source control is disabled
[2022.05.02-20.51.01:687][  0]SourceControl: Source control is disabled
[2022.05.02-20.51.01:689][  0]SourceControl: Source control is disabled
[2022.05.02-20.51.01:692][  0]LogUProjectInfo: Found projects:
[2022.05.02-20.51.01:699][  0]LogVSAccessor: Display: Unable to create Visual Studio setup instance: 80040154
[2022.05.02-20.51.01:701][  0]LogVSAccessor: Display: Unable to create Visual Studio setup instance: 80040154
[2022.05.02-20.51.01:701][  0]LogVSAccessor: Display: Unable to create Visual Studio setup instance: 80040154
[2022.05.02-20.51.01:805][  0]LogOpenImageDenoise: OIDN starting up
[2022.05.02-20.51.01:811][  0]LogAndroidPermission: UAndroidPermissionCallbackProxy::GetInstance
[2022.05.02-20.51.01:826][  0]LogAudioCaptureCore: Display: No Audio Capture implementations found. Audio input will be silent.
[2022.05.02-20.51.01:826][  0]LogAudioCaptureCore: Display: No Audio Capture implementations found. Audio input will be silent.
[2022.05.02-20.51.01:907][  0]LogOcInput: OculusInput pre-init called
[2022.05.02-20.51.01:918][  0]LogUObjectArray: 22082 objects as part of root set at end of initial load.
[2022.05.02-20.51.01:918][  0]LogUObjectAllocator: 5973552 out of 0 bytes used by permanent object pool.
[2022.05.02-20.51.01:918][  0]LogUObjectArray: CloseDisregardForGC: 0/0 objects in disregard for GC pool
[2022.05.02-20.51.01:965][  0]LogEngine: Initializing Engine...
[2022.05.02-20.51.01:967][  0]LogHMD: Failed to enumerate extensions. Please check that you have a valid OpenXR runtime installed.
[2022.05.02-20.51.01:967][  0]LogMagicLeap: Warning: VR disabled because ZI is not enabled.  To enable, in the editor, Edit -> Project Settings -> Plugins -> Magic Leap Plugin -> Enable Zero Iteration
[2022.05.02-20.51.01:968][  0]LogStats: UGameplayTagsManager::InitializeManager -  0.000 s
[2022.05.02-20.51.02:081][  0]LogInit: Initializing FReadOnlyCVARCache
[2022.05.02-20.51.02:081][  0]LogAudio: Display: Initializing Audio Device Manager...
[2022.05.02-20.51.02:084][  0]LogAudio: Display: Loading Default Audio Settings Objects...
[2022.05.02-20.51.02:085][  0]LogAudio: Display: No default SoundConcurrencyObject specified (or failed to load).
[2022.05.02-20.51.02:085][  0]LogAudio: Display: Audio Device Manager Initialized
[2022.05.02-20.51.02:085][  0]LogAudio: Display: Creating Audio Device:                 Id: 1, Scope: Shared, Realtime: True
[2022.05.02-20.51.02:085][  0]LogAudioMixer: Display: Audio Mixer Platform Settings:
[2022.05.02-20.51.02:085][  0]LogAudioMixer: Display: 	Sample Rate:						  48000
[2022.05.02-20.51.02:086][  0]LogAudioMixer: Display: 	Callback Buffer Frame Size Requested: 1024
[2022.05.02-20.51.02:086][  0]LogAudioMixer: Display: 	Callback Buffer Frame Size To Use:	  1024
[2022.05.02-20.51.02:086][  0]LogAudioMixer: Display: 	Number of buffers to queue:			  2
[2022.05.02-20.51.02:086][  0]LogAudioMixer: Display: 	Max Channels (voices):				  32
[2022.05.02-20.51.02:086][  0]LogAudioMixer: Display: 	Number of Async Source Workers:		  0
[2022.05.02-20.51.02:086][  0]LogAudio: Display: AudioDevice MaxSources: 32
[2022.05.02-20.51.02:086][  0]LogAudio: Display: Audio Spatialization Plugin: None (built-in).
[2022.05.02-20.51.02:086][  0]LogAudio: Display: Audio Reverb Plugin: None (built-in).
[2022.05.02-20.51.02:086][  0]LogAudio: Display: Audio Occlusion Plugin: None (built-in).
[2022.05.02-20.51.02:086][  0]LogAudioMixer: Display: Initializing audio mixer.
[2022.05.02-20.51.02:096][  0]LogAudioMixer: Display: 0: FrontLeft
[2022.05.02-20.51.02:096][  0]LogAudioMixer: Display: 1: FrontRight
[2022.05.02-20.51.02:121][  0]LogAudioMixer: Display: Using Audio Device Speakers (Realtek High Definition Audio(SST))
[2022.05.02-20.51.02:127][  0]LogAudioMixer: Display: Initializing Sound Submixes...
[2022.05.02-20.51.02:129][  0]LogAudioMixer: Display: Creating Master Submix 'MasterSubmixDefault'
[2022.05.02-20.51.02:129][  0]LogAudioMixer: Display: Creating Master Submix 'MasterReverbSubmixDefault'
[2022.05.02-20.51.02:130][  0]LogAudioMixer: Display: Creating Master Submix 'MasterEQSubmixDefault'
[2022.05.02-20.51.02:130][  0]LogAudioMixer: FMixerPlatformXAudio2::StartAudioStream() called
[2022.05.02-20.51.02:130][  0]LogAudioMixer: Display: Output buffers initialized: Frames=1024, Channels=2, Samples=2048
[2022.05.02-20.51.02:131][  0]LogAudioMixer: Display: Starting AudioMixerPlatformInterface::RunInternal()
[2022.05.02-20.51.02:131][  0]LogAudioMixer: Display: FMixerPlatformXAudio2::SubmitBuffer() called for the first time
[2022.05.02-20.51.02:131][  0]LogInit: FAudioDevice initialized.
[2022.05.02-20.51.02:133][  0]LogNetVersion: Set ProjectVersion to 1.0.0.0. Version Checksum will be recalculated on next use.
[2022.05.02-20.51.02:134][  0]LogInit: Texture streaming: Enabled
[2022.05.02-20.51.02:201][  0]LogAudio: Display: Audio Device (ID: 1) registered with world 'Untitled'.
[2022.05.02-20.51.02:201][  0]LogSlate: Updating window title bar state: overlay mode, drag disabled, window buttons hidden, title bar hidden
[2022.05.02-20.51.02:203][  0]LogInit: Display: Game Engine Initialized.
[2022.05.02-20.51.02:204][  0]LogNiagaraEditor: GEditor isn't valid! Particle reset commands will not work for Niagara components!
[2022.05.02-20.51.02:268][  0]LogInit: Display: Starting Game.
[2022.05.02-20.51.02:268][  0]LogNet: Browse: /Game/StarterContent/Maps/Minimal_Default?Name=Player
[2022.05.02-20.51.02:268][  0]LogLoad: LoadMap: /Game/StarterContent/Maps/Minimal_Default?Name=Player
[2022.05.02-20.51.02:268][  0]LogWorld: BeginTearingDown for /Temp/Untitled_0
[2022.05.02-20.51.02:270][  0]LogWorld: UWorld::CleanupWorld for Untitled, bSessionEnded=true, bCleanupResources=true
[2022.05.02-20.51.02:270][  0]LogSlate: InvalidateAllWidgets triggered.  All widgets were invalidated
[2022.05.02-20.51.02:275][  0]LogAudio: Display: Audio Device unregistered from world 'None'.
[2022.05.02-20.51.02:277][  0]LogUObjectHash: Compacting FUObjectHashTables data took   0.73ms
[2022.05.02-20.51.02:709][  0]LogAudio: Display: Audio Device (ID: 1) registered with world 'Minimal_Default'.
[2022.05.02-20.51.02:716][  0]LogAIModule: Creating AISystem for world Minimal_Default
[2022.05.02-20.51.02:717][  0]LogLoad: Game class is 'GameMode1_C'
[2022.05.02-20.51.02:732][  0]LogWorld: Bringing World /Game/StarterContent/Maps/Minimal_Default.Minimal_Default up for play (max tick rate 0) at 2022.05.02-22.51.02
[2022.05.02-20.51.02:732][  0]LogWorld: Bringing up level for play took: 0.014372
[2022.05.02-20.51.02:736][  0]LogSlate: Took 0.000205 seconds to synchronously load lazily loaded font '../../../Engine/Content/Slate/Fonts/Roboto-Regular.ttf' (155K)
[2022.05.02-20.51.02:737][  0]LogLoad: Took 0.468566 seconds to LoadMap(/Game/StarterContent/Maps/Minimal_Default)
[2022.05.02-20.51.02:802][  0]LogRenderer: Reallocating scene render targets to support 1024x1024 Format 10 NumSamples 1 (Frame:1).
[2022.05.02-20.51.02:802][  0]LogRenderer: Reallocating scene render targets to support 1280x1024 Format 10 NumSamples 1 (Frame:1).
[2022.05.02-20.51.02:802][  0]LogInit: Display: Engine is initialized. Leaving FEngineLoop::Init()
[2022.05.02-20.51.02:802][  0]LogLoad: (Engine Initialization) Total time: 6.83 seconds
[2022.05.02-20.51.02:802][  0]LogLoad: (Engine Initialization) Total Blueprint compile time: 0.00 seconds
[2022.05.02-20.51.02:834][  0]LogContentStreaming: Texture pool size now 1000 MB
[2022.05.02-20.51.02:838][  0]LogSlate: InvalidateAllWidgets triggered.  All widgets were invalidated
[2022.05.02-20.51.03:105][  1]LogSlate: Took 0.000196 seconds to synchronously load lazily loaded font '../../../Engine/Content/Slate/Fonts/Roboto-Regular.ttf' (155K)
[2022.05.02-20.51.03:119][  4]LogRenderer: Reallocating scene render targets to support 1280x720 Format 10 NumSamples 1 (Frame:4).
[2022.05.02-20.51.12:049][803]LogWindowsDesktop: Alt-F4 pressed!
[2022.05.02-20.51.12:070][803]LogSlate: Window 'Slanecka Driving Simulator (64-bit Development PCD3D_SM5) ' being destroyed
[2022.05.02-20.51.12:071][803]LogWindowsTextInputMethodSystem: Display: IME system deactivated.
[2022.05.02-20.51.12:076][803]LogSlate: Updating window title bar state: overlay mode, drag disabled, window buttons hidden, title bar hidden
[2022.05.02-20.51.12:076][803]LogEngine: All Windows Closed
[2022.05.02-20.51.12:076][803]LogWindows: FPlatformMisc::RequestExit(0)
[2022.05.02-20.51.12:076][803]LogWindows: FPlatformMisc::RequestExitWithStatus(0, 0)
[2022.05.02-20.51.12:076][803]LogCore: Engine exit requested (reason: Win RequestExit)
[2022.05.02-20.51.12:076][804]LogCore: Engine exit requested (reason: EngineExit() was called; note: exit was already requested)
[2022.05.02-20.51.12:076][804]LogInit: Display: PreExit Game.
[2022.05.02-20.51.12:094][804]LogWorld: BeginTearingDown for /Game/StarterContent/Maps/Minimal_Default
[2022.05.02-20.51.12:094][804]LogWorld: UWorld::CleanupWorld for Minimal_Default, bSessionEnded=true, bCleanupResources=true
[2022.05.02-20.51.12:095][804]LogSlate: InvalidateAllWidgets triggered.  All widgets were invalidated
[2022.05.02-20.51.12:976][804]LogAudio: Display: Beginning Audio Device Manager Shutdown (Module: AudioMixerXAudio2)...
[2022.05.02-20.51.12:976][804]LogAudio: Display: Destroying 1 Remaining Audio Device(s)...
[2022.05.02-20.51.12:976][804]LogAudio: Display: Audio Device unregistered from world 'Minimal_Default'.
[2022.05.02-20.51.13:004][804]LogAudioMixer: FMixerPlatformXAudio2::StopAudioStream() called
[2022.05.02-20.51.13:005][804]LogAudioMixer: FMixerPlatformXAudio2::StopAudioStream() called
[2022.05.02-20.51.13:010][804]LogAudio: Display: Audio Device Manager Shutdown
[2022.05.02-20.51.13:014][804]LogExit: Preparing to exit.
[2022.05.02-20.51.13:023][804]LogSlate: Updating window title bar state: overlay mode, drag disabled, window buttons hidden, title bar hidden
[2022.05.02-20.51.13:028][804]LogUObjectHash: Compacting FUObjectHashTables data took   1.12ms
[2022.05.02-20.51.13:108][804]LogMoviePlayer: Shutting down movie player
[2022.05.02-20.51.13:252][804]LogDemo: Cleaned up 0 splitscreen connections with owner deletion
[2022.05.02-20.51.13:254][804]LogExit: Game engine shut down
[2022.05.02-20.51.13:324][804]LogExit: Object subsystem successfully closed.
[2022.05.02-20.51.13:342][804]LogShaderCompilers: Display: === FShaderJobCache stats ===
[2022.05.02-20.51.13:342][804]LogShaderCompilers: Display: Total job queries 0, among them cache hits 0 (0.00%)
[2022.05.02-20.51.13:342][804]LogShaderCompilers: Display: Tracking 0 distinct input hashes that result in 0 distinct outputs (0.00%)
[2022.05.02-20.51.13:342][804]LogShaderCompilers: Display: RAM used: 0.00 MB (0.00 GB) of 819.20 MB (0.80 GB) budget. Usage: 0.00%
[2022.05.02-20.51.13:342][804]LogShaderCompilers: Display: ================================================
[2022.05.02-20.51.13:354][804]LogShaderCompilers: Display: Shaders left to compile 0
[2022.05.02-20.51.13:380][804]LogModuleManager: Shutting down and abandoning module SequenceRecorderSections (554)
[2022.05.02-20.51.13:381][804]LogModuleManager: Shutting down and abandoning module SequenceRecorder (552)
[2022.05.02-20.51.13:381][804]LogModuleManager: Shutting down and abandoning module AutomationController (550)
[2022.05.02-20.51.13:381][804]LogModuleManager: Shutting down and abandoning module AutomationWorker (548)
[2022.05.02-20.51.13:381][804]LogModuleManager: Shutting down and abandoning module Voice (546)
[2022.05.02-20.51.13:381][804]LogModuleManager: Shutting down and abandoning module AIModule (544)
[2022.05.02-20.51.13:381][804]LogModuleManager: Shutting down and abandoning module GameplayDebugger (543)
[2022.05.02-20.51.13:381][804]LogModuleManager: Shutting down and abandoning module AITestSuite (541)
[2022.05.02-20.51.13:381][804]LogModuleManager: Shutting down and abandoning module NavigationSystem (539)
[2022.05.02-20.51.13:381][804]LogModuleManager: Shutting down and abandoning module AnimGraph (536)
[2022.05.02-20.51.13:381][804]LogModuleManager: Shutting down and abandoning module OculusMR (534)
[2022.05.02-20.51.13:381][804]LogModuleManager: Shutting down and abandoning module OpenXRInput (532)
[2022.05.02-20.51.13:381][804]LogModuleManager: Shutting down and abandoning module TakeRecorderSources (530)
[2022.05.02-20.51.13:381][804]LogModuleManager: Shutting down and abandoning module TakeRecorder (529)
[2022.05.02-20.51.13:381][804]LogModuleManager: Shutting down and abandoning module TakeTrackRecorders (526)
[2022.05.02-20.51.13:381][804]LogModuleManager: Shutting down and abandoning module TakesCore (524)
[2022.05.02-20.51.13:382][804]LogModuleManager: Shutting down and abandoning module PlanarCut (522)
[2022.05.02-20.51.13:382][804]LogModuleManager: Shutting down and abandoning module WmfMediaFactory (520)
[2022.05.02-20.51.13:382][804]LogModuleManager: Shutting down and abandoning module WebMMediaFactory (518)
[2022.05.02-20.51.13:382][804]LogModuleManager: Shutting down and abandoning module WebMMedia (516)
[2022.05.02-20.51.13:382][804]LogModuleManager: Shutting down and abandoning module OpenExrWrapper (514)
[2022.05.02-20.51.13:382][804]LogModuleManager: Shutting down and abandoning module ImgMediaFactory (512)
[2022.05.02-20.51.13:382][804]LogModuleManager: Shutting down and abandoning module AvfMediaFactory (510)
[2022.05.02-20.51.13:382][804]LogModuleManager: Shutting down and abandoning module CharacterAI (508)
[2022.05.02-20.51.13:382][804]LogModuleManager: Shutting down and abandoning module MagicLeapMediaCodecFactory (506)
[2022.05.02-20.51.13:382][804]LogModuleManager: Shutting down and abandoning module MagicLeapMediaFactory (504)
[2022.05.02-20.51.13:382][804]LogModuleManager: Shutting down and abandoning module SessionServices (502)
[2022.05.02-20.51.13:382][804]LogModuleManager: Shutting down and abandoning module MovieSceneCapture (500)
[2022.05.02-20.51.13:382][804]LogModuleManager: Shutting down and abandoning module LiveCoding (498)
[2022.05.02-20.51.13:382][804]LogModuleManager: Shutting down and abandoning module LevelSequence (496)
[2022.05.02-20.51.13:382][804]LogModuleManager: Shutting down and abandoning module MovieSceneTracks (494)
[2022.05.02-20.51.13:382][804]LogModuleManager: Shutting down and abandoning module MovieScene (492)
[2022.05.02-20.51.13:382][804]LogModuleManager: Shutting down and abandoning module StreamingPauseRendering (490)
[2022.05.02-20.51.13:382][804]LogModuleManager: Shutting down and abandoning module PortalServices (488)
[2022.05.02-20.51.13:382][804]LogModuleManager: Shutting down and abandoning module PortalRpc (486)
[2022.05.02-20.51.13:382][804]LogModuleManager: Shutting down and abandoning module MessagingRpc (484)
[2022.05.02-20.51.13:382][804]LogModuleManager: Shutting down and abandoning module AudioMixerXAudio2 (482)
[2022.05.02-20.51.13:382][804]LogModuleManager: Shutting down and abandoning module AudioMixerCore (481)
[2022.05.02-20.51.13:382][804]LogModuleManager: Shutting down and abandoning module ImageWriteQueue (478)
[2022.05.02-20.51.13:382][804]LogModuleManager: Shutting down and abandoning module ProfilerService (476)
[2022.05.02-20.51.13:452][804]LogModuleManager: Shutting down and abandoning module TaskGraph (474)
[2022.05.02-20.51.13:453][804]LogModuleManager: Shutting down and abandoning module OculusInput (472)
[2022.05.02-20.51.13:453][804]LogModuleManager: Shutting down and abandoning module Synthesis (470)
[2022.05.02-20.51.13:453][804]LogModuleManager: Shutting down and abandoning module ProceduralMeshComponent (468)
[2022.05.02-20.51.13:453][804]LogModuleManager: Shutting down and abandoning module MobilePatchingUtils (466)
[2022.05.02-20.51.13:453][804]LogModuleManager: Shutting down and abandoning module TakeMovieScene (464)
[2022.05.02-20.51.13:453][804]LogModuleManager: Shutting down and abandoning module GooglePAD (462)
[2022.05.02-20.51.13:453][804]LogModuleManager: Shutting down and abandoning module CustomMeshComponent (460)
[2022.05.02-20.51.13:453][804]LogModuleManager: Shutting down and abandoning module EditableMesh (458)
[2022.05.02-20.51.13:453][804]LogModuleManager: Shutting down and abandoning module CableComponent (456)
[2022.05.02-20.51.13:453][804]LogModuleManager: Shutting down and abandoning module ArchVisCharacter (454)
[2022.05.02-20.51.13:453][804]LogModuleManager: Shutting down and abandoning module AudioCapture (452)
[2022.05.02-20.51.13:453][804]LogModuleManager: Shutting down and abandoning module AudioCaptureRtAudio (451)
[2022.05.02-20.51.13:453][804]LogModuleManager: Shutting down and abandoning module AssetTags (448)
[2022.05.02-20.51.13:453][804]LogModuleManager: Shutting down and abandoning module AppleImageUtilsBlueprintSupport (446)
[2022.05.02-20.51.13:453][804]LogModuleManager: Shutting down and abandoning module AppleImageUtils (444)
[2022.05.02-20.51.13:453][804]LogModuleManager: Shutting down and abandoning module AndroidPermission (442)
[2022.05.02-20.51.13:453][804]LogModuleManager: Shutting down and abandoning module ActorLayerUtilities (440)
[2022.05.02-20.51.13:453][804]LogModuleManager: Shutting down and abandoning module TemplateSequence (438)
[2022.05.02-20.51.13:453][804]LogModuleManager: Shutting down and abandoning module OpenImageDenoise (436)
[2022.05.02-20.51.13:453][804]LogOpenImageDenoise: OIDN shutting down
[2022.05.02-20.51.13:453][804]LogModuleManager: Shutting down and abandoning module MotoSynth (434)
[2022.05.02-20.51.13:453][804]LogModuleManager: Shutting down and abandoning module MeshConversion (432)
[2022.05.02-20.51.13:453][804]LogModuleManager: Shutting down and abandoning module DynamicMesh (430)
[2022.05.02-20.51.13:453][804]LogModuleManager: Shutting down and abandoning module GeometryAlgorithms (428)
[2022.05.02-20.51.13:453][804]LogModuleManager: Shutting down and abandoning module GeometricObjects (426)
[2022.05.02-20.51.13:453][804]LogModuleManager: Shutting down and abandoning module ImgMedia (424)
[2022.05.02-20.51.13:453][804]LogModuleManager: Shutting down and abandoning module MediaCompositing (422)
[2022.05.02-20.51.13:453][804]LogModuleManager: Shutting down and abandoning module UObjectPlugin (420)
[2022.05.02-20.51.13:453][804]LogModuleManager: Shutting down and abandoning module GeometryCollectionTracks (418)
[2022.05.02-20.51.13:453][804]LogModuleManager: Shutting down and abandoning module GeometryCollectionSequencer (417)
[2022.05.02-20.51.13:454][804]LogModuleManager: Shutting down and abandoning module GeometryCacheTracks (414)
[2022.05.02-20.51.13:454][804]LogModuleManager: Shutting down and abandoning module GeometryCacheSequencer (413)
[2022.05.02-20.51.13:454][804]LogModuleManager: Shutting down and abandoning module GeometryCache (410)
[2022.05.02-20.51.13:454][804]LogModuleManager: Shutting down and abandoning module GeometryCacheEd (409)
[2022.05.02-20.51.13:454][804]LogModuleManager: Shutting down and abandoning module ChaosNiagara (406)
[2022.05.02-20.51.13:454][804]LogModuleManager: Shutting down and abandoning module FieldSystemEngine (405)
[2022.05.02-20.51.13:454][804]LogModuleManager: Shutting down and abandoning module AutomationUtils (402)
[2022.05.02-20.51.13:454][804]LogModuleManager: Shutting down and abandoning module BackChannel (400)
[2022.05.02-20.51.13:454][804]LogModuleManager: Shutting down and abandoning module MagicLeapSharedWorld (398)
[2022.05.02-20.51.13:454][804]LogModuleManager: Shutting down and abandoning module MagicLeapLightEstimation (396)
[2022.05.02-20.51.13:454][804]LogModuleManager: Shutting down and abandoning module MagicLeapHelperVulkan (394)
[2022.05.02-20.51.13:454][804]LogModuleManager: Shutting down and abandoning module MagicLeapHelperOpenGL (392)
[2022.05.02-20.51.13:454][804]LogModuleManager: Shutting down and abandoning module MagicLeapAudio (390)
[2022.05.02-20.51.13:454][804]LogModuleManager: Shutting down and abandoning module OodleNetworkHandlerComponent (388)
[2022.05.02-20.51.13:454][804]LogModuleManager: Shutting down and abandoning module VisualStudioSourceCodeAccess (386)
[2022.05.02-20.51.13:454][804]LogModuleManager: Shutting down and abandoning module HotReload (385)
[2022.05.02-20.51.13:454][804]LogModuleManager: Shutting down and abandoning module VisualStudioCodeSourceCodeAccess (382)
[2022.05.02-20.51.13:454][804]LogModuleManager: Shutting down and abandoning module PerforceSourceControl (380)
[2022.05.02-20.51.13:454][804]LogModuleManager: Shutting down and abandoning module SubversionSourceControl (378)
[2022.05.02-20.51.13:454][804]LogModuleManager: Shutting down and abandoning module SourceControl (377)
[2022.05.02-20.51.13:454][804]LogModuleManager: Shutting down and abandoning module CLionSourceCodeAccess (374)
[2022.05.02-20.51.13:455][804]LogModuleManager: Shutting down and abandoning module LiveLinkSequencer (372)
[2022.05.02-20.51.13:455][804]LogModuleManager: Shutting down and abandoning module LiveLinkMovieScene (370)
[2022.05.02-20.51.13:455][804]LogModuleManager: Shutting down and abandoning module LiveLinkGraphNode (368)
[2022.05.02-20.51.13:455][804]LogModuleManager: Shutting down and abandoning module LiveLinkComponents (366)
[2022.05.02-20.51.13:455][804]LogModuleManager: Shutting down and abandoning module LiveLink (364)
[2022.05.02-20.51.13:648][804]LogModuleManager: Shutting down and abandoning module EnvironmentQueryEditor (362)
[2022.05.02-20.51.13:648][804]LogModuleManager: Shutting down and abandoning module SignificanceManager (360)
[2022.05.02-20.51.13:648][804]LogModuleManager: Shutting down and abandoning module SoundFields (358)
[2022.05.02-20.51.13:648][804]LogModuleManager: Shutting down and abandoning module PhysXVehiclesEditor (356)
[2022.05.02-20.51.13:648][804]LogModuleManager: Shutting down and abandoning module RuntimePhysXCooking (352)
[2022.05.02-20.51.13:648][804]LogModuleManager: Shutting down and abandoning module PropertyAccessEditor (350)
[2022.05.02-20.51.13:648][804]LogModuleManager: Shutting down and abandoning module LocationServicesBPLibrary (348)
[2022.05.02-20.51.13:648][804]LogModuleManager: Shutting down and abandoning module AudioSynesthesia (346)
[2022.05.02-20.51.13:648][804]LogModuleManager: Shutting down and abandoning module AudioSynesthesiaCore (344)
[2022.05.02-20.51.13:648][804]LogModuleManager: Shutting down and abandoning module ApexDestructionEditor (342)
[2022.05.02-20.51.13:651][804]LogModuleManager: Shutting down and abandoning module ApexDestruction (340)
[2022.05.02-20.51.13:651][804]LogModuleManager: Shutting down and abandoning module ActorSequence (338)
[2022.05.02-20.51.13:652][804]LogModuleManager: Shutting down and abandoning module PythonScriptPlugin (336)
[2022.05.02-20.51.13:652][804]LogModuleManager: Shutting down and abandoning module ImgMediaEngine (334)
[2022.05.02-20.51.13:652][804]LogModuleManager: Shutting down and abandoning module UdpMessaging (332)
[2022.05.02-20.51.13:753][804]LogModuleManager: Shutting down and abandoning module TcpMessaging (330)
[2022.05.02-20.51.14:108][804]LogModuleManager: Shutting down and abandoning module NiagaraAnimNotifies (328)
[2022.05.02-20.51.14:108][804]LogModuleManager: Shutting down and abandoning module Niagara (326)
[2022.05.02-20.51.14:108][804]LogModuleManager: Shutting down and abandoning module SignalProcessing (325)
[2022.05.02-20.51.14:108][804]LogModuleManager: Shutting down and abandoning module NiagaraEditor (323)
[2022.05.02-20.51.14:109][804]LogModuleManager: Shutting down and abandoning module ContentBrowser (322)
[2022.05.02-20.51.14:109][804]LogModuleManager: Shutting down and abandoning module CollectionManager (321)
[2022.05.02-20.51.14:110][804]LogModuleManager: Shutting down and abandoning module DirectoryWatcher (320)
[2022.05.02-20.51.14:110][804]LogModuleManager: Shutting down and abandoning module ContentBrowserData (317)
[2022.05.02-20.51.14:110][804]LogModuleManager: Shutting down and abandoning module NiagaraCore (312)
[2022.05.02-20.51.14:110][804]LogModuleManager: Shutting down and abandoning module MagicLeapARPin (310)
[2022.05.02-20.51.14:110][804]LogModuleManager: Shutting down and abandoning module MagicLeapHandMeshing (308)
[2022.05.02-20.51.14:110][804]LogModuleManager: Shutting down and abandoning module MagicLeapSecureStorage (306)
[2022.05.02-20.51.14:110][804]LogModuleManager: Shutting down and abandoning module MagicLeapPrivileges (304)
[2022.05.02-20.51.14:110][804]LogModuleManager: Shutting down and abandoning module MagicLeapPlanes (302)
[2022.05.02-20.51.14:110][804]LogMagicLeapPlanes: Planes tracker already destroyed.
[2022.05.02-20.51.14:110][804]LogModuleManager: Shutting down and abandoning module MagicLeapImageTracker (300)
[2022.05.02-20.51.14:110][804]LogModuleManager: Shutting down and abandoning module MagicLeapIdentity (298)
[2022.05.02-20.51.14:110][804]LogModuleManager: Shutting down and abandoning module MagicLeapHandTracking (296)
[2022.05.02-20.51.14:110][804]LogModuleManager: Shutting down and abandoning module MagicLeapEyeTracker (294)
[2022.05.02-20.51.14:110][804]LogModuleManager: Shutting down and abandoning module MagicLeapController (292)
[2022.05.02-20.51.14:110][804]LogModuleManager: Shutting down and abandoning module MagicLeapARPinImpl (290)
[2022.05.02-20.51.14:110][804]LogModuleManager: Shutting down and abandoning module MagicLeapAR (288)
[2022.05.02-20.51.14:110][804]LogModuleManager: Shutting down and abandoning module GameplayTagsEditor (286)
[2022.05.02-20.51.14:110][804]LogModuleManager: Shutting down and abandoning module FacialAnimation (284)
[2022.05.02-20.51.14:110][804]LogModuleManager: Shutting down and abandoning module AssetManagerEditor (282)
[2022.05.02-20.51.14:110][804]LogModuleManager: Shutting down and abandoning module TreeMap (281)
[2022.05.02-20.51.14:110][804]LogModuleManager: Shutting down and abandoning module PropertyAccessNode (278)
[2022.05.02-20.51.14:111][804]LogModuleManager: Shutting down and abandoning module GameplayCameras (276)
[2022.05.02-20.51.14:111][804]LogModuleManager: Shutting down and abandoning module AnimationSharing (274)
[2022.05.02-20.51.14:111][804]LogModuleManager: Shutting down and abandoning module LightPropagationVolumeRuntime (272)
[2022.05.02-20.51.14:111][804]LogModuleManager: Shutting down and abandoning module Paper2D (270)
[2022.05.02-20.51.14:111][804]LogModuleManager: Shutting down and abandoning module WindowsMoviePlayer (268)
[2022.05.02-20.51.14:112][804]LogModuleManager: Shutting down and abandoning module WebMMoviePlayer (266)
[2022.05.02-20.51.14:112][804]LogModuleManager: Shutting down and abandoning module NetworkReplayStreaming (264)
[2022.05.02-20.51.14:112][804]LogModuleManager: Shutting down and abandoning module PacketHandler (262)
[2022.05.02-20.51.14:112][804]LogModuleManager: Shutting down and abandoning module ClothingSystemEditor (260)
[2022.05.02-20.51.14:112][804]LogModuleManager: Shutting down and abandoning module ClothingSystemRuntimeNv (258)
[2022.05.02-20.51.14:112][804]LogModuleManager: Shutting down and abandoning module MediaAssets (256)
[2022.05.02-20.51.14:112][804]LogModuleManager: Shutting down and abandoning module Overlay (254)
[2022.05.02-20.51.14:112][804]LogModuleManager: Shutting down and abandoning module OverlayEditor (253)
[2022.05.02-20.51.14:112][804]LogModuleManager: Shutting down and abandoning module VREditor (250)
[2022.05.02-20.51.14:112][804]LogModuleManager: Shutting down and abandoning module StringTableEditor (248)
[2022.05.02-20.51.14:112][804]LogModuleManager: Shutting down and abandoning module GameplayTasksEditor (246)
[2022.05.02-20.51.14:112][804]LogModuleManager: Shutting down and abandoning module BehaviorTreeEditor (244)
[2022.05.02-20.51.14:113][804]LogModuleManager: Shutting down and abandoning module FunctionalTesting (242)
[2022.05.02-20.51.14:113][804]LogModuleManager: Shutting down and abandoning module CollisionAnalyzer (240)
[2022.05.02-20.51.14:113][804]LogModuleManager: Shutting down and abandoning module WorkspaceMenuStructure (239)
[2022.05.02-20.51.14:113][804]LogModuleManager: Shutting down and abandoning module UMG (236)
[2022.05.02-20.51.14:113][804]LogModuleManager: Shutting down and abandoning module UMGEditor (235)
[2022.05.02-20.51.14:113][804]LogModuleManager: Shutting down and abandoning module Sequencer (234)
[2022.05.02-20.51.14:113][804]LogModuleManager: Shutting down and abandoning module MessageLog (231)
[2022.05.02-20.51.14:114][804]LogModuleManager: Shutting down and abandoning module SlateReflector (226)
[2022.05.02-20.51.14:114][804]LogModuleManager: Shutting down and abandoning module Slate (224)
[2022.05.02-20.51.14:114][804]LogModuleManager: Shutting down and abandoning module SlateCore (222)
[2022.05.02-20.51.14:116][804]LogModuleManager: Shutting down and abandoning module LandscapeEditorUtilities (220)
[2022.05.02-20.51.14:116][804]LogModuleManager: Shutting down and abandoning module UnrealEd (218)
[2022.05.02-20.51.14:116][804]LogModuleManager: Shutting down and abandoning module MRMesh (216)
[2022.05.02-20.51.14:116][804]LogModuleManager: Shutting down and abandoning module Messaging (214)
[2022.05.02-20.51.14:116][804]LogModuleManager: Shutting down and abandoning module SourceCodeAccess (212)
[2022.05.02-20.51.14:116][804]LogModuleManager: Shutting down and abandoning module HeadMountedDisplay (210)
[2022.05.02-20.51.14:116][804]LogModuleManager: Shutting down and abandoning module XAudio2 (208)
[2022.05.02-20.51.14:117][804]LogModuleManager: Shutting down and abandoning module Networking (206)
[2022.05.02-20.51.14:117][804]LogModuleManager: Shutting down and abandoning module Core (204)
[2022.05.02-20.51.14:117][804]LogModuleManager: Shutting down and abandoning module MaterialEditor (202)
[2022.05.02-20.51.14:117][804]LogModuleManager: Shutting down and abandoning module MovieSceneTools (200)
[2022.05.02-20.51.14:117][804]LogModuleManager: Shutting down and abandoning module EditorStyle (199)
[2022.05.02-20.51.14:118][804]LogModuleManager: Shutting down and abandoning module KismetCompiler (196)
[2022.05.02-20.51.14:118][804]LogModuleManager: Shutting down and abandoning module MeshBuilder (194)
[2022.05.02-20.51.14:118][804]LogModuleManager: Shutting down and abandoning module MeshUtilities (192)
[2022.05.02-20.51.14:118][804]LogModuleManager: Shutting down and abandoning module MeshMergeUtilities (191)
[2022.05.02-20.51.14:118][804]LogModuleManager: Shutting down and abandoning module MeshReductionInterface (190)
[2022.05.02-20.51.14:118][804]LogModuleManager: Shutting down and abandoning module MeshBoneReduction (189)
[2022.05.02-20.51.14:118][804]LogModuleManager: Shutting down and abandoning module SkeletalMeshReduction (187)
[2022.05.02-20.51.14:118][804]LogModuleManager: Shutting down and abandoning module ProxyLODMeshReduction (185)
[2022.05.02-20.51.14:118][804]LogModuleManager: Shutting down and abandoning module QuadricMeshReduction (183)
[2022.05.02-20.51.14:118][804]LogModuleManager: Shutting down and abandoning module MaterialBaking (179)
[2022.05.02-20.51.14:119][804]LogModuleManager: Shutting down and abandoning module NullInstallBundleManager (174)
[2022.05.02-20.51.14:119][804]LogModuleManager: Shutting down and abandoning module PIEPreviewDeviceProfileSelector (172)
[2022.05.02-20.51.14:119][804]LogModuleManager: Shutting down and abandoning module DerivedDataCache (170)
[2022.05.02-20.51.14:119][804]LogModuleManager: Shutting down and abandoning module TargetPlatform (168)
[2022.05.02-20.51.14:119][804]LogModuleManager: Shutting down and abandoning module VulkanShaderFormat (167)
[2022.05.02-20.51.14:119][804]LogModuleManager: Shutting down and abandoning module ShaderFormatVectorVM (165)
[2022.05.02-20.51.14:119][804]LogModuleManager: Shutting down and abandoning module ShaderFormatOpenGL (163)
[2022.05.02-20.51.14:119][804]LogModuleManager: Shutting down and abandoning module ShaderFormatD3D (161)
[2022.05.02-20.51.14:119][804]LogModuleManager: Shutting down and abandoning module MetalShaderFormat (159)
[2022.05.02-20.51.14:119][804]LogModuleManager: Shutting down and abandoning module TextureFormatOodle (157)
[2022.05.02-20.51.14:119][804]LogModuleManager: Shutting down and abandoning module TextureFormatUncompressed (155)
[2022.05.02-20.51.14:119][804]LogModuleManager: Shutting down and abandoning module TextureFormatPVR (153)
[2022.05.02-20.51.14:119][804]LogModuleManager: Shutting down and abandoning module TextureFormatETC2 (151)
[2022.05.02-20.51.14:119][804]LogModuleManager: Shutting down and abandoning module TextureFormatDXT (149)
[2022.05.02-20.51.14:119][804]LogModuleManager: Shutting down and abandoning module TextureFormatIntelISPCTexComp (147)
[2022.05.02-20.51.14:119][804]LogModuleManager: Shutting down and abandoning module TextureFormatASTC (145)
[2022.05.02-20.51.14:119][804]LogModuleManager: Shutting down and abandoning module ImageWrapper (144)
[2022.05.02-20.51.14:119][804]LogModuleManager: Shutting down and abandoning module AudioFormatOpus (141)
[2022.05.02-20.51.14:119][804]LogModuleManager: Shutting down and abandoning module AudioFormatOgg (139)
[2022.05.02-20.51.14:119][804]LogModuleManager: Shutting down and abandoning module AudioFormatADPCM (137)
[2022.05.02-20.51.14:119][804]LogModuleManager: Shutting down and abandoning module WindowsServerTargetPlatform (135)
[2022.05.02-20.51.14:119][804]LogModuleManager: Shutting down and abandoning module WindowsClientTargetPlatform (133)
[2022.05.02-20.51.14:119][804]LogModuleManager: Shutting down and abandoning module WindowsTargetPlatform (131)
[2022.05.02-20.51.14:119][804]LogModuleManager: Shutting down and abandoning module WindowsNoEditorTargetPlatform (129)
[2022.05.02-20.51.14:120][804]LogModuleManager: Shutting down and abandoning module D3D11RHI (126)
[2022.05.02-20.51.14:120][804]LogModuleManager: Shutting down and abandoning module InputCore (124)
[2022.05.02-20.51.14:120][804]LogModuleManager: Shutting down and abandoning module Settings (122)
[2022.05.02-20.51.14:120][804]LogModuleManager: Shutting down and abandoning module PhysXCooking (120)
[2022.05.02-20.51.14:120][804]LogModuleManager: Shutting down and abandoning module Chaos (118)
[2022.05.02-20.51.14:120][804]LogModuleManager: Shutting down and abandoning module WindowsPlatformFeatures (116)
[2022.05.02-20.51.14:120][804]LogModuleManager: Shutting down and abandoning module GameplayMediaEncoder (115)
[2022.05.02-20.51.14:120][804]LogModuleManager: Shutting down and abandoning module AVEncoder (114)
[2022.05.02-20.51.14:120][804]LogModuleManager: Shutting down and abandoning module OculusHMD (110)
[2022.05.02-20.51.14:120][804]LogModuleManager: Shutting down and abandoning module AISupportModule (108)
[2022.05.02-20.51.14:120][804]LogModuleManager: Shutting down and abandoning module OpenXRHandTracking (106)
[2022.05.02-20.51.14:120][804]LogSlate: Slate User Destroyed.  User Index 0, Is Virtual User: 0
[2022.05.02-20.51.14:120][804]LogModuleManager: Shutting down and abandoning module OpenXREyeTracker (104)
[2022.05.02-20.51.14:120][804]LogModuleManager: Shutting down and abandoning module OpenXRAR (102)
[2022.05.02-20.51.14:120][804]LogModuleManager: Shutting down and abandoning module AugmentedReality (101)
[2022.05.02-20.51.14:120][804]LogModuleManager: Shutting down and abandoning module OpenXRHMD (98)
[2022.05.02-20.51.14:120][804]LogModuleManager: Shutting down and abandoning module ExampleDeviceProfileSelector (96)
[2022.05.02-20.51.14:120][804]LogModuleManager: Shutting down and abandoning module ChunkDownloader (94)
[2022.05.02-20.51.14:120][804]LogModuleManager: Shutting down and abandoning module OnlineBlueprintSupport (92)
[2022.05.02-20.51.14:120][804]LogModuleManager: Shutting down and abandoning module LauncherChunkInstaller (88)
[2022.05.02-20.51.14:120][804]LogModuleManager: Shutting down and abandoning module OnlineSubsystem (86)
[2022.05.02-20.51.14:120][804]LogModuleManager: Shutting down and abandoning module XMPP (81)
[2022.05.02-20.51.14:121][804]LogModuleManager: Shutting down and abandoning module WebSockets (80)
[2022.05.02-20.51.14:150][804]LogModuleManager: Shutting down and abandoning module HTTP (77)
[2022.05.02-20.51.14:150][804]LogHttp: Display: cleaning up 0 outstanding Http requests.
[2022.05.02-20.51.14:159][804]LogModuleManager: Shutting down and abandoning module SSL (76)
[2022.05.02-20.51.14:161][804]LogModuleManager: Shutting down and abandoning module WmfMedia (72)
[2022.05.02-20.51.14:162][804]LogModuleManager: Shutting down and abandoning module Media (71)
[2022.05.02-20.51.14:164][804]LogModuleManager: Shutting down and abandoning module MediaInfo (70)
[2022.05.02-20.51.14:164][804]LogModuleManager: Shutting down and abandoning module ExrReaderGpu (66)
[2022.05.02-20.51.14:164][804]LogModuleManager: Shutting down and abandoning module ChaosCloth (64)
[2022.05.02-20.51.14:164][804]LogModuleManager: Shutting down and abandoning module NiagaraVertexFactories (62)
[2022.05.02-20.51.14:164][804]LogModuleManager: Shutting down and abandoning module NiagaraShader (60)
[2022.05.02-20.51.14:164][804]LogModuleManager: Shutting down and abandoning module MLSDK (58)
[2022.05.02-20.51.14:164][804]LogModuleManager: Shutting down and abandoning module VariantManagerContent (56)
[2022.05.02-20.51.14:164][804]LogModuleManager: Shutting down and abandoning module MagicLeap (54)
[2022.05.02-20.51.14:164][804]LogModuleManager: Shutting down and abandoning module DatasmithContent (52)
[2022.05.02-20.51.14:165][804]LogModuleManager: Shutting down and abandoning module PixWinPlugin (50)
[2022.05.02-20.51.14:166][804]LogModuleManager: Shutting down and abandoning module DesktopPlatform (48)
[2022.05.02-20.51.14:166][804]LogModuleManager: Shutting down and abandoning module PythonScriptPluginPreload (46)
[2022.05.02-20.51.14:166][804]LogModuleManager: Shutting down and abandoning module PlatformCryptoOpenSSL (44)
[2022.05.02-20.51.14:166][804]LogModuleManager: Shutting down and abandoning module PlatformCryptoTypes (42)
[2022.05.02-20.51.14:166][804]LogModuleManager: Shutting down and abandoning module PlatformCrypto (40)
[2022.05.02-20.51.14:166][804]LogModuleManager: Shutting down and abandoning module OodleDataCompressionFormat (38)
[2022.05.02-20.51.14:166][804]LogModuleManager: Shutting down and abandoning module XGEController (36)
[2022.05.02-20.51.14:166][804]LogModuleManager: Shutting down and abandoning module AnimationModifiers (34)
[2022.05.02-20.51.14:166][804]LogModuleManager: Shutting down and abandoning module AudioEditor (32)
[2022.05.02-20.51.14:166][804]LogModuleManager: Shutting down and abandoning module PropertyEditor (31)
[2022.05.02-20.51.14:166][804]LogModuleManager: Shutting down and abandoning module TextureCompressor (28)
[2022.05.02-20.51.14:167][804]LogModuleManager: Shutting down and abandoning module RenderCore (26)
[2022.05.02-20.51.14:167][804]LogModuleManager: Shutting down and abandoning module Landscape (24)
[2022.05.02-20.51.14:167][804]LogModuleManager: Shutting down and abandoning module SlateRHIRenderer (22)
[2022.05.02-20.51.14:167][804]LogModuleManager: Shutting down and abandoning module AnimGraphRuntime (20)
[2022.05.02-20.51.14:167][804]LogModuleManager: Shutting down and abandoning module Renderer (18)
[2022.05.02-20.51.14:167][804]LogModuleManager: Shutting down and abandoning module Engine (16)
[2022.05.02-20.51.14:167][804]LogModuleManager: Shutting down and abandoning module CoreUObject (14)
[2022.05.02-20.51.14:167][804]LogModuleManager: Shutting down and abandoning module NetworkFile (12)
[2022.05.02-20.51.14:167][804]LogModuleManager: Shutting down and abandoning module CookedIterativeFile (10)
[2022.05.02-20.51.14:167][804]LogModuleManager: Shutting down and abandoning module StreamingFile (8)
[2022.05.02-20.51.14:167][804]LogModuleManager: Shutting down and abandoning module SandboxFile (6)
[2022.05.02-20.51.14:167][804]LogModuleManager: Shutting down and abandoning module PakFile (4)
[2022.05.02-20.51.14:167][804]LogModuleManager: Shutting down and abandoning module RSA (3)
[2022.05.02-20.51.14:306][804]LogContentStreaming: Display: There are 1 unreleased StreamingManagers
[2022.05.02-20.51.14:318][804]LogD3D11RHI: Shutdown
[2022.05.02-20.51.14:318][804]LogD3D11RHI: CleanupD3DDevice
[2022.05.02-20.51.14:320][804]LogExit: Exiting.
[2022.05.02-20.51.14:332][804]Log file closed, 05/02/22 22:51:14
