Log file open, 05/02/22 22:50:45
LogWindows: Failed to load 'aqProf.dll' (GetLastError=126)
LogWindows: File 'aqProf.dll' does not exist
LogWindows: Failed to load 'VtuneApi.dll' (GetLastError=126)
LogWindows: File 'VtuneApi.dll' does not exist
LogWindows: Failed to load 'VtuneApi32e.dll' (GetLastError=126)
LogWindows: File 'VtuneApi32e.dll' does not exist
LogConsoleResponse: Display: Failed to find resolution value strings in scalability ini. Falling back to default.
LogConsoleResponse: Display: Failed to find resolution value strings in scalability ini. Falling back to default.
LogInit: Display: Running engine for game: SlaneckaDrivingSim
LogPlatformFile: Not using cached read wrapper
LogTaskGraph: Started task graph with 5 named threads and 23 total threads with 3 sets of task threads.
LogStats: Stats thread started at 0.360131
LogICUInternationalization: ICU TimeZone Detection - Raw Offset: +1:00, Platform Override: ''
LogInit: Display: Loading text-based GConfig....
LogPluginManager: Mounting plugin MeshPainting
LogPluginManager: Mounting plugin XGEController
LogPluginManager: Mounting plugin Paper2D
LogPluginManager: Mounting plugin AISupport
LogPluginManager: Mounting plugin EnvironmentQueryEditor
LogPluginManager: Mounting plugin LightPropagationVolume
LogPluginManager: Mounting plugin LiveLink
LogPluginManager: Mounting plugin CameraShakePreviewer
LogPluginManager: Mounting plugin AnimationSharing
LogPluginManager: Mounting plugin CLionSourceCodeAccess
LogPluginManager: Mounting plugin GitSourceControl
LogPluginManager: Mounting plugin KDevelopSourceCodeAccess
LogPluginManager: Mounting plugin NullSourceCodeAccess
LogPluginManager: Mounting plugin CodeLiteSourceCodeAccess
LogPluginManager: Mounting plugin GameplayCameras
LogPluginManager: Mounting plugin PerforceSourceControl
LogPluginManager: Mounting plugin PlasticSourceControl
LogPluginManager: Mounting plugin PluginUtils
LogPluginManager: Mounting plugin PixWinPlugin
LogPluginManager: Mounting plugin DatasmithContent
LogPluginManager: Mounting plugin RiderSourceCodeAccess
LogPluginManager: Mounting plugin TextureFormatOodle
LogPluginManager: Mounting plugin SubversionSourceControl
LogPluginManager: Mounting plugin PropertyAccessNode
LogPluginManager: Mounting plugin VariantManagerContent
LogPluginManager: Mounting plugin VisualStudioSourceCodeAccess
LogPluginManager: Mounting plugin VisualStudioCodeSourceCodeAccess
LogPluginManager: Mounting plugin UObjectPlugin
LogPluginManager: Mounting plugin XCodeSourceCodeAccess
LogPluginManager: Mounting plugin CurveEditorTools
LogPluginManager: Mounting plugin DataValidation
LogPluginManager: Mounting plugin FacialAnimation
LogPluginManager: Mounting plugin GameplayTagsEditor
LogPluginManager: Mounting plugin CryptoKeys
LogPluginManager: Mounting plugin MacGraphicsSwitching
LogPluginManager: Mounting plugin MaterialAnalyzer
LogPluginManager: Mounting plugin MobileLauncherProfileWizard
LogPluginManager: Mounting plugin PluginBrowser
LogPluginManager: Mounting plugin SpeedTreeImporter
LogPluginManager: Mounting plugin Niagara
LogPluginManager: Mounting plugin LuminPlatformFeatures
LogPluginManager: Mounting plugin MagicLeap
LogPluginManager: Mounting plugin AssetManagerEditor
LogPluginManager: Mounting plugin GeometryMode
LogPluginManager: Mounting plugin MagicLeapLightEstimation
LogPluginManager: Mounting plugin AlembicImporter
LogPluginManager: Mounting plugin AutomationUtils
LogPluginManager: Mounting plugin BackChannel
LogPluginManager: Mounting plugin MagicLeapMedia
LogPluginManager: Mounting plugin MagicLeapPassableWorld
LogPluginManager: Mounting plugin MLSDK
LogPluginManager: Mounting plugin ChaosEditor
LogPluginManager: Mounting plugin ChaosCloth
LogPluginManager: Mounting plugin ChaosClothEditor
LogPluginManager: Mounting plugin ChaosSolverPlugin
LogPluginManager: Mounting plugin ChaosNiagara
LogPluginManager: Mounting plugin CharacterAI
LogPluginManager: Mounting plugin GeometryCache
LogPluginManager: Mounting plugin GeometryCollectionPlugin
LogPluginManager: Mounting plugin AndroidMedia
LogPluginManager: Mounting plugin AvfMedia
LogPluginManager: Mounting plugin ImgMedia
LogPluginManager: Mounting plugin MediaCompositing
LogPluginManager: Mounting plugin MediaPlayerEditor
LogPluginManager: Mounting plugin WebMMedia
LogPluginManager: Mounting plugin WmfMedia
LogPluginManager: Mounting plugin GeometryProcessing
LogPluginManager: Mounting plugin MotoSynth
LogPluginManager: Mounting plugin OpenImageDenoise
LogPluginManager: Mounting plugin PlanarCut
LogPluginManager: Mounting plugin PlatformCrypto
LogPluginManager: Mounting plugin PythonScriptPlugin
LogPluginManager: Mounting plugin SkeletalReduction
LogPluginManager: Mounting plugin TcpMessaging
LogPluginManager: Mounting plugin UdpMessaging
LogPluginManager: Mounting plugin ActorSequence
LogPluginManager: Mounting plugin ProxyLODPlugin
LogPluginManager: Mounting plugin LevelSequenceEditor
LogPluginManager: Mounting plugin MatineeToLevelSequence
LogPluginManager: Mounting plugin TemplateSequence
LogPluginManager: Mounting plugin OnlineSubsystem
LogPluginManager: Mounting plugin LauncherChunkInstaller
LogPluginManager: Mounting plugin OnlineSubsystemNull
LogPluginManager: Mounting plugin OnlineSubsystemUtils
LogPluginManager: Mounting plugin ActorLayerUtilities
LogPluginManager: Mounting plugin AndroidDeviceProfileSelector
LogPluginManager: Mounting plugin AndroidPermission
LogPluginManager: Mounting plugin AndroidMoviePlayer
LogPluginManager: Mounting plugin ApexDestruction
LogPluginManager: Mounting plugin AppleImageUtils
LogPluginManager: Mounting plugin AssetTags
LogPluginManager: Mounting plugin AppleMoviePlayer
LogPluginManager: Mounting plugin ArchVisCharacter
LogPluginManager: Mounting plugin AudioCapture
LogPluginManager: Mounting plugin CableComponent
LogPluginManager: Mounting plugin AudioSynesthesia
LogPluginManager: Mounting plugin ChunkDownloader
LogPluginManager: Mounting plugin CustomMeshComponent
LogPluginManager: Mounting plugin EditableMesh
LogPluginManager: Mounting plugin ExampleDeviceProfileSelector
LogPluginManager: Mounting plugin GoogleCloudMessaging
LogPluginManager: Mounting plugin GooglePAD
LogPluginManager: Mounting plugin ScreenshotTools
LogPluginManager: Mounting plugin IOSDeviceProfileSelector
LogPluginManager: Mounting plugin LinuxDeviceProfileSelector
LogPluginManager: Mounting plugin LocationServicesBPLibrary
LogPluginManager: Mounting plugin MobilePatchingUtils
LogPluginManager: Mounting plugin OpenXR
LogPluginManager: Mounting plugin OpenXRHandTracking
LogPluginManager: Mounting plugin OpenXREyeTracker
LogPluginManager: Mounting plugin PostSplashScreen
LogPluginManager: Mounting plugin PhysXVehicles
LogPluginManager: Mounting plugin ProceduralMeshComponent
LogPluginManager: Mounting plugin PropertyAccessEditor
LogPluginManager: Mounting plugin RuntimePhysXCooking
LogPluginManager: Mounting plugin SignificanceManager
LogPluginManager: Mounting plugin SoundFields
LogPluginManager: Mounting plugin Synthesis
LogPluginManager: Mounting plugin WebMMoviePlayer
LogPluginManager: Mounting plugin WindowsMoviePlayer
LogPluginManager: Mounting plugin OodleData
LogPluginManager: Mounting plugin OodleNetwork
LogPluginManager: Mounting plugin Takes
LogPluginManager: Mounting plugin ContentBrowserAssetDataSource
LogPluginManager: Mounting plugin ContentBrowserClassDataSource
LogPluginManager: Mounting plugin ContentBrowserFileDataSource
LogPluginManager: Mounting plugin OnlineSubsystemGooglePlay
LogPluginManager: Mounting plugin OnlineSubsystemIOS
LogPluginManager: Mounting plugin OculusVR
PixWinPlugin: PIX capture plugin failed to initialize! Check that the process is launched from PIX.
LogInit: Using libcurl 7.55.1-DEV
LogInit:  - built for x86_64-pc-win32
LogInit:  - supports SSL with OpenSSL/1.1.1
LogInit:  - supports HTTP deflate (compression) using libz 1.2.8
LogInit:  - other features:
LogInit:      CURL_VERSION_SSL
LogInit:      CURL_VERSION_LIBZ
LogInit:      CURL_VERSION_IPV6
LogInit:      CURL_VERSION_ASYNCHDNS
LogInit:      CURL_VERSION_LARGEFILE
LogInit:      CURL_VERSION_IDN
LogInit:  CurlRequestOptions (configurable via config and command line):
LogInit:  - bVerifyPeer = true  - Libcurl will verify peer certificate
LogInit:  - bUseHttpProxy = false  - Libcurl will NOT use HTTP proxy
LogInit:  - bDontReuseConnections = false  - Libcurl will reuse connections
LogInit:  - MaxHostConnections = 16  - Libcurl will limit the number of connections to a host
LogInit:  - LocalHostAddr = Default
LogInit:  - BufferSize = 65536
LogOnline: OSS: Creating online subsystem instance for: NULL
LogInit: WinSock: version 1.1 (2.2), MaxSocks=32767, MaxUdp=65467
LogOnline: OSS: TryLoadSubsystemAndSetDefault: Loaded subsystem for module [NULL]
LogOculusPluginWrapper: OculusPlugin initialized successfully
LogHMD: Failed initializing OVRPlugin 1.59.0
LogInit: Build: ++UE4+Release-4.27-CL-18319896
LogInit: Engine Version: 4.27.2-18319896+++UE4+Release-4.27
LogInit: Compatible Engine Version: 4.27.0-17155196+++UE4+Release-4.27
LogInit: Net CL: 17155196
LogInit: OS: Windows 10 (Release 2009) (), CPU: Intel(R) Core(TM) i7-7700HQ CPU @ 2.80GHz, GPU: Intel(R) HD Graphics 630
LogInit: Compiled (64-bit): Nov 30 2021 07:12:08
LogInit: Compiled with Visual C++: 19.24.28315.00
LogInit: Build Configuration: Development
LogInit: Branch Name: ++UE4+Release-4.27
LogInit: Command Line:  /Game/StarterContent/Maps/Minimal_Default -game -PIEVIACONSOLE -Multiprocess GameUserSettingsINI=C:/Users/matej/Documents/GitHub/SlaneckaDrivingSimulator/Saved/Config/Windows/PIEGameUserSettings0.ini -MultiprocessSaveConfig -forcepassthrough -messaging -SessionName="Play in Standalone Game" -windowed -WinX=315 -WinY=178 SAVEWINPOS=1 -ResX=1280 -ResY=720
LogInit: Base Directory: C:/Program Files/Epic Games/UE_4.27/Engine/Binaries/Win64/
LogInit: Allocator: TBB
LogInit: Installed Engine Build: 1
LogDevObjectVersion: Number of dev versions registered: 29
LogDevObjectVersion:   Dev-Blueprints (B0D832E4-1F89-4F0D-ACCF-7EB736FD4AA2): 10
LogDevObjectVersion:   Dev-Build (E1C64328-A22C-4D53-A36C-8E866417BD8C): 0
LogDevObjectVersion:   Dev-Core (375EC13C-06E4-48FB-B500-84F0262A717E): 4
LogDevObjectVersion:   Dev-Editor (E4B068ED-F494-42E9-A231-DA0B2E46BB41): 40
LogDevObjectVersion:   Dev-Framework (CFFC743F-43B0-4480-9391-14DF171D2073): 37
LogDevObjectVersion:   Dev-Mobile (B02B49B5-BB20-44E9-A304-32B752E40360): 3
LogDevObjectVersion:   Dev-Networking (A4E4105C-59A1-49B5-A7C5-40C4547EDFEE): 0
LogDevObjectVersion:   Dev-Online (39C831C9-5AE6-47DC-9A44-9C173E1C8E7C): 0
LogDevObjectVersion:   Dev-Physics (78F01B33-EBEA-4F98-B9B4-84EACCB95AA2): 14
LogDevObjectVersion:   Dev-Platform (6631380F-2D4D-43E0-8009-CF276956A95A): 0
LogDevObjectVersion:   Dev-Rendering (12F88B9F-8875-4AFC-A67C-D90C383ABD29): 45
LogDevObjectVersion:   Dev-Sequencer (7B5AE74C-D270-4C10-A958-57980B212A5A): 13
LogDevObjectVersion:   Dev-VR (D7296918-1DD6-4BDD-9DE2-64A83CC13884): 3
LogDevObjectVersion:   Dev-LoadTimes (C2A15278-BFE7-4AFE-6C17-90FF531DF755): 1
LogDevObjectVersion:   Private-Geometry (6EACA3D4-40EC-4CC1-B786-8BED09428FC5): 3
LogDevObjectVersion:   Dev-AnimPhys (29E575DD-E0A3-4627-9D10-D276232CDCEA): 17
LogDevObjectVersion:   Dev-Anim (AF43A65D-7FD3-4947-9873-3E8ED9C1BB05): 15
LogDevObjectVersion:   Dev-ReflectionCapture (6B266CEC-1EC7-4B8F-A30B-E4D90942FC07): 1
LogDevObjectVersion:   Dev-Automation (0DF73D61-A23F-47EA-B727-89E90C41499A): 1
LogDevObjectVersion:   FortniteMain (601D1886-AC64-4F84-AA16-D3DE0DEAC7D6): 47
LogDevObjectVersion:   FortniteRelease (E7086368-6B23-4C58-8439-1B7016265E91): 1
LogDevObjectVersion:   Dev-Enterprise (9DFFBCD6-494F-0158-E221-12823C92A888): 10
LogDevObjectVersion:   Dev-Niagara (F2AED0AC-9AFE-416F-8664-AA7FFA26D6FC): 1
LogDevObjectVersion:   Dev-Destruction (174F1F0B-B4C6-45A5-B13F-2EE8D0FB917D): 10
LogDevObjectVersion:   Dev-Physics-Ext (35F94A83-E258-406C-A318-09F59610247C): 41
LogDevObjectVersion:   Dev-PhysicsMaterial-Chaos (B68FC16E-8B1B-42E2-B453-215C058844FE): 1
LogDevObjectVersion:   Dev-CineCamera (B2E18506-4273-CFC2-A54E-F4BB758BBA07): 1
LogDevObjectVersion:   Dev-VirtualProduction (64F58936-FD1B-42BA-BA96-7289D5D0FA4E): 1
LogDevObjectVersion:   Dev-MediaFramework (6F0ED827-A609-4895-9C91-998D90180EA4): 2
LogInit: Presizing for max 25165824 objects, including 0 objects not considered by GC, pre-allocating 0 bytes for permanent pool.
LogConfig: Applying CVar settings from Section [/Script/Engine.StreamingSettings] File [C:/Users/matej/Documents/GitHub/SlaneckaDrivingSimulator/Saved/Config/Windows/Engine.ini]
LogConfig: Setting CVar [[s.MinBulkDataSizeForAsyncLoading:131072]]
LogConfig: Setting CVar [[s.AsyncLoadingThreadEnabled:0]]
LogConfig: Setting CVar [[s.EventDrivenLoaderEnabled:1]]
LogConfig: Setting CVar [[s.WarnIfTimeLimitExceeded:0]]
LogConfig: Setting CVar [[s.TimeLimitExceededMultiplier:1.5]]
LogConfig: Setting CVar [[s.TimeLimitExceededMinTime:0.005]]
LogConfig: Setting CVar [[s.UseBackgroundLevelStreaming:1]]
LogConfig: Setting CVar [[s.PriorityAsyncLoadingExtraTime:15.0]]
LogConfig: Setting CVar [[s.LevelStreamingActorsUpdateTimeLimit:5.0]]
LogConfig: Setting CVar [[s.PriorityLevelStreamingActorsUpdateExtraTime:5.0]]
LogConfig: Setting CVar [[s.LevelStreamingComponentsRegistrationGranularity:10]]
LogConfig: Setting CVar [[s.UnregisterComponentsTimeLimit:1.0]]
LogConfig: Setting CVar [[s.LevelStreamingComponentsUnregistrationGranularity:5]]
LogConfig: Setting CVar [[s.FlushStreamingOnExit:1]]
LogInit: Object subsystem initialized
LogConfig: Setting CVar [[con.DebugEarlyDefault:1]]
LogConfig: Setting CVar [[r.setres:1280x720]]
[2022.05.02-20.50.46:781][  0]LogConfig: Setting CVar [[con.DebugEarlyDefault:1]]
[2022.05.02-20.50.46:781][  0]LogConfig: Setting CVar [[r.setres:1280x720]]
[2022.05.02-20.50.46:781][  0]LogConfig: Applying CVar settings from Section [/Script/Engine.RendererSettings] File [C:/Users/matej/Documents/GitHub/SlaneckaDrivingSimulator/Saved/Config/Windows/Engine.ini]
[2022.05.02-20.50.46:781][  0]LogConfig: Setting CVar [[r.GPUCrashDebugging:0]]
[2022.05.02-20.50.46:781][  0]LogConfig: Setting CVar [[r.DefaultFeature.AutoExposure.ExtendDefaultLuminanceRange:1]]
[2022.05.02-20.50.46:781][  0]LogConfig: Setting CVar [[r.DefaultFeature.MotionBlur:0]]
[2022.05.02-20.50.46:781][  0]LogConfig: Setting CVar [[r.GenerateMeshDistanceFields:1]]
[2022.05.02-20.50.46:781][  0]LogConfig: Applying CVar settings from Section [/Script/Engine.RendererOverrideSettings] File [C:/Users/matej/Documents/GitHub/SlaneckaDrivingSimulator/Saved/Config/Windows/Engine.ini]
[2022.05.02-20.50.46:781][  0]LogConfig: Applying CVar settings from Section [/Script/Engine.StreamingSettings] File [C:/Users/matej/Documents/GitHub/SlaneckaDrivingSimulator/Saved/Config/Windows/Engine.ini]
[2022.05.02-20.50.46:781][  0]LogConfig: Setting CVar [[s.MinBulkDataSizeForAsyncLoading:131072]]
[2022.05.02-20.50.46:781][  0]LogConfig: Setting CVar [[s.AsyncLoadingThreadEnabled:0]]
[2022.05.02-20.50.46:781][  0]LogConfig: Setting CVar [[s.EventDrivenLoaderEnabled:1]]
[2022.05.02-20.50.46:781][  0]LogConfig: Setting CVar [[s.WarnIfTimeLimitExceeded:0]]
[2022.05.02-20.50.46:781][  0]LogConfig: Setting CVar [[s.TimeLimitExceededMultiplier:1.5]]
[2022.05.02-20.50.46:781][  0]LogConfig: Setting CVar [[s.TimeLimitExceededMinTime:0.005]]
[2022.05.02-20.50.46:781][  0]LogConfig: Setting CVar [[s.UseBackgroundLevelStreaming:1]]
[2022.05.02-20.50.46:781][  0]LogConfig: Setting CVar [[s.PriorityAsyncLoadingExtraTime:15.0]]
[2022.05.02-20.50.46:781][  0]LogConfig: Setting CVar [[s.LevelStreamingActorsUpdateTimeLimit:5.0]]
[2022.05.02-20.50.46:781][  0]LogConfig: Setting CVar [[s.PriorityLevelStreamingActorsUpdateExtraTime:5.0]]
[2022.05.02-20.50.46:781][  0]LogConfig: Setting CVar [[s.LevelStreamingComponentsRegistrationGranularity:10]]
[2022.05.02-20.50.46:781][  0]LogConfig: Setting CVar [[s.UnregisterComponentsTimeLimit:1.0]]
[2022.05.02-20.50.46:781][  0]LogConfig: Setting CVar [[s.LevelStreamingComponentsUnregistrationGranularity:5]]
[2022.05.02-20.50.46:781][  0]LogConfig: Setting CVar [[s.FlushStreamingOnExit:1]]
[2022.05.02-20.50.46:781][  0]LogConfig: Applying CVar settings from Section [/Script/Engine.GarbageCollectionSettings] File [C:/Users/matej/Documents/GitHub/SlaneckaDrivingSimulator/Saved/Config/Windows/Engine.ini]
[2022.05.02-20.50.46:781][  0]LogConfig: Setting CVar [[gc.MaxObjectsNotConsideredByGC:1]]
[2022.05.02-20.50.46:781][  0]LogConfig: Setting CVar [[gc.SizeOfPermanentObjectPool:0]]
[2022.05.02-20.50.46:781][  0]LogConfig: Setting CVar [[gc.FlushStreamingOnGC:0]]
[2022.05.02-20.50.46:781][  0]LogConfig: Setting CVar [[gc.NumRetriesBeforeForcingGC:10]]
[2022.05.02-20.50.46:781][  0]LogConfig: Setting CVar [[gc.AllowParallelGC:1]]
[2022.05.02-20.50.46:781][  0]LogConfig: Setting CVar [[gc.TimeBetweenPurgingPendingKillObjects:61.1]]
[2022.05.02-20.50.46:781][  0]LogConfig: Setting CVar [[gc.MaxObjectsInEditor:25165824]]
[2022.05.02-20.50.46:781][  0]LogConfig: Setting CVar [[gc.IncrementalBeginDestroyEnabled:1]]
[2022.05.02-20.50.46:781][  0]LogConfig: Setting CVar [[gc.CreateGCClusters:1]]
[2022.05.02-20.50.46:781][  0]LogConfig: Setting CVar [[gc.MinGCClusterSize:5]]
[2022.05.02-20.50.46:781][  0]LogConfig: Setting CVar [[gc.ActorClusteringEnabled:0]]
[2022.05.02-20.50.46:781][  0]LogConfig: Setting CVar [[gc.BlueprintClusteringEnabled:0]]
[2022.05.02-20.50.46:781][  0]LogConfig: Setting CVar [[gc.UseDisregardForGCOnDedicatedServers:0]]
[2022.05.02-20.50.46:781][  0]LogConfig: Setting CVar [[gc.MultithreadedDestructionEnabled:1]]
[2022.05.02-20.50.46:781][  0]LogConfig: Applying CVar settings from Section [/Script/Engine.NetworkSettings] File [C:/Users/matej/Documents/GitHub/SlaneckaDrivingSimulator/Saved/Config/Windows/Engine.ini]
[2022.05.02-20.50.46:781][  0]LogConfig: Applying CVar settings from Section [/Script/UnrealEd.CookerSettings] File [C:/Users/matej/Documents/GitHub/SlaneckaDrivingSimulator/Saved/Config/Windows/Engine.ini]
[2022.05.02-20.50.46:789][  0]LogConfig: Applying CVar settings from Section [ViewDistanceQuality@3] File [C:/Users/matej/Documents/GitHub/SlaneckaDrivingSimulator/Saved/Config/Windows/Scalability.ini]
[2022.05.02-20.50.46:789][  0]LogConfig: Setting CVar [[r.SkeletalMeshLODBias:0]]
[2022.05.02-20.50.46:789][  0]LogConfig: Setting CVar [[r.ViewDistanceScale:1.0]]
[2022.05.02-20.50.46:789][  0]LogConfig: Applying CVar settings from Section [AntiAliasingQuality@3] File [C:/Users/matej/Documents/GitHub/SlaneckaDrivingSimulator/Saved/Config/Windows/Scalability.ini]
[2022.05.02-20.50.46:789][  0]LogConfig: Setting CVar [[r.PostProcessAAQuality:4]]
[2022.05.02-20.50.46:789][  0]LogConfig: Applying CVar settings from Section [ShadowQuality@3] File [C:/Users/matej/Documents/GitHub/SlaneckaDrivingSimulator/Saved/Config/Windows/Scalability.ini]
[2022.05.02-20.50.46:789][  0]LogConfig: Setting CVar [[r.LightFunctionQuality:1]]
[2022.05.02-20.50.46:789][  0]LogConfig: Setting CVar [[r.ShadowQuality:5]]
[2022.05.02-20.50.46:789][  0]LogConfig: Setting CVar [[r.Shadow.CSM.MaxCascades:10]]
[2022.05.02-20.50.46:789][  0]LogConfig: Setting CVar [[r.Shadow.MaxResolution:2048]]
[2022.05.02-20.50.46:789][  0]LogConfig: Setting CVar [[r.Shadow.MaxCSMResolution:2048]]
[2022.05.02-20.50.46:789][  0]LogConfig: Setting CVar [[r.Shadow.RadiusThreshold:0.01]]
[2022.05.02-20.50.46:789][  0]LogConfig: Setting CVar [[r.Shadow.DistanceScale:1.0]]
[2022.05.02-20.50.46:789][  0]LogConfig: Setting CVar [[r.Shadow.CSM.TransitionScale:1.0]]
[2022.05.02-20.50.46:789][  0]LogConfig: Setting CVar [[r.Shadow.PreShadowResolutionFactor:1.0]]
[2022.05.02-20.50.46:789][  0]LogConfig: Setting CVar [[r.DistanceFieldShadowing:1]]
[2022.05.02-20.50.46:789][  0]LogConfig: Setting CVar [[r.DistanceFieldAO:1]]
[2022.05.02-20.50.46:789][  0]LogConfig: Setting CVar [[r.AOQuality:2]]
[2022.05.02-20.50.46:789][  0]LogConfig: Setting CVar [[r.VolumetricFog:1]]
[2022.05.02-20.50.46:789][  0]LogConfig: Setting CVar [[r.VolumetricFog.GridPixelSize:8]]
[2022.05.02-20.50.46:789][  0]LogConfig: Setting CVar [[r.VolumetricFog.GridSizeZ:128]]
[2022.05.02-20.50.46:789][  0]LogConfig: Setting CVar [[r.VolumetricFog.HistoryMissSupersampleCount:4]]
[2022.05.02-20.50.46:789][  0]LogConfig: Setting CVar [[r.LightMaxDrawDistanceScale:1]]
[2022.05.02-20.50.46:789][  0]LogConfig: Setting CVar [[r.CapsuleShadows:1]]
[2022.05.02-20.50.46:789][  0]LogConfig: Applying CVar settings from Section [PostProcessQuality@3] File [C:/Users/matej/Documents/GitHub/SlaneckaDrivingSimulator/Saved/Config/Windows/Scalability.ini]
[2022.05.02-20.50.46:789][  0]LogConfig: Setting CVar [[r.MotionBlurQuality:4]]
[2022.05.02-20.50.46:789][  0]LogConfig: Setting CVar [[r.AmbientOcclusionMipLevelFactor:0.4]]
[2022.05.02-20.50.46:789][  0]LogConfig: Setting CVar [[r.AmbientOcclusionMaxQuality:100]]
[2022.05.02-20.50.46:789][  0]LogConfig: Setting CVar [[r.AmbientOcclusionLevels:-1]]
[2022.05.02-20.50.46:789][  0]LogConfig: Setting CVar [[r.AmbientOcclusionRadiusScale:1.0]]
[2022.05.02-20.50.46:789][  0]LogConfig: Setting CVar [[r.DepthOfFieldQuality:2]]
[2022.05.02-20.50.46:789][  0]LogConfig: Setting CVar [[r.RenderTargetPoolMin:400]]
[2022.05.02-20.50.46:789][  0]LogConfig: Setting CVar [[r.LensFlareQuality:2]]
[2022.05.02-20.50.46:789][  0]LogConfig: Setting CVar [[r.SceneColorFringeQuality:1]]
[2022.05.02-20.50.46:789][  0]LogConfig: Setting CVar [[r.EyeAdaptationQuality:2]]
[2022.05.02-20.50.46:789][  0]LogConfig: Setting CVar [[r.BloomQuality:5]]
[2022.05.02-20.50.46:789][  0]LogConfig: Setting CVar [[r.FastBlurThreshold:100]]
[2022.05.02-20.50.46:789][  0]LogConfig: Setting CVar [[r.Upscale.Quality:3]]
[2022.05.02-20.50.46:789][  0]LogConfig: Setting CVar [[r.Tonemapper.GrainQuantization:1]]
[2022.05.02-20.50.46:789][  0]LogConfig: Setting CVar [[r.LightShaftQuality:1]]
[2022.05.02-20.50.46:789][  0]LogConfig: Setting CVar [[r.Filter.SizeScale:1]]
[2022.05.02-20.50.46:790][  0]LogConfig: Setting CVar [[r.Tonemapper.Quality:5]]
[2022.05.02-20.50.46:790][  0]LogConfig: Setting CVar [[r.DOF.Gather.AccumulatorQuality:1        ; higher gathering accumulator quality]]
[2022.05.02-20.50.46:790][  0]LogConfig: Setting CVar [[r.DOF.Gather.PostfilterMethod:1          ; Median3x3 postfilering method]]
[2022.05.02-20.50.46:790][  0]LogConfig: Setting CVar [[r.DOF.Gather.EnableBokehSettings:0       ; no bokeh simulation when gathering]]
[2022.05.02-20.50.46:790][  0]LogConfig: Setting CVar [[r.DOF.Gather.RingCount:4                 ; medium number of samples when gathering]]
[2022.05.02-20.50.46:790][  0]LogConfig: Setting CVar [[r.DOF.Scatter.ForegroundCompositing:1    ; additive foreground scattering]]
[2022.05.02-20.50.46:790][  0]LogConfig: Setting CVar [[r.DOF.Scatter.BackgroundCompositing:2    ; additive background scattering]]
[2022.05.02-20.50.46:790][  0]LogConfig: Setting CVar [[r.DOF.Scatter.EnableBokehSettings:1      ; bokeh simulation when scattering]]
[2022.05.02-20.50.46:790][  0]LogConfig: Setting CVar [[r.DOF.Scatter.MaxSpriteRatio:0.1         ; only a maximum of 10% of scattered bokeh]]
[2022.05.02-20.50.46:790][  0]LogConfig: Setting CVar [[r.DOF.Recombine.Quality:1                ; cheap slight out of focus]]
[2022.05.02-20.50.46:790][  0]LogConfig: Setting CVar [[r.DOF.Recombine.EnableBokehSettings:0    ; no bokeh simulation on slight out of focus]]
[2022.05.02-20.50.46:790][  0]LogConfig: Setting CVar [[r.DOF.TemporalAAQuality:1                ; more stable temporal accumulation]]
[2022.05.02-20.50.46:790][  0]LogConfig: Setting CVar [[r.DOF.Kernel.MaxForegroundRadius:0.025]]
[2022.05.02-20.50.46:790][  0]LogConfig: Setting CVar [[r.DOF.Kernel.MaxBackgroundRadius:0.025]]
[2022.05.02-20.50.46:790][  0]LogConfig: Applying CVar settings from Section [TextureQuality@3] File [C:/Users/matej/Documents/GitHub/SlaneckaDrivingSimulator/Saved/Config/Windows/Scalability.ini]
[2022.05.02-20.50.46:790][  0]LogConfig: Setting CVar [[r.Streaming.MipBias:0]]
[2022.05.02-20.50.46:790][  0]LogConfig: Setting CVar [[r.Streaming.AmortizeCPUToGPUCopy:0]]
[2022.05.02-20.50.46:790][  0]LogConfig: Setting CVar [[r.Streaming.MaxNumTexturesToStreamPerFrame:0]]
[2022.05.02-20.50.46:790][  0]LogConfig: Setting CVar [[r.Streaming.Boost:1]]
[2022.05.02-20.50.46:790][  0]LogConfig: Setting CVar [[r.MaxAnisotropy:8]]
[2022.05.02-20.50.46:790][  0]LogConfig: Setting CVar [[r.VT.MaxAnisotropy:8]]
[2022.05.02-20.50.46:790][  0]LogConfig: Setting CVar [[r.Streaming.LimitPoolSizeToVRAM:0]]
[2022.05.02-20.50.46:790][  0]LogConfig: Setting CVar [[r.Streaming.PoolSize:1000]]
[2022.05.02-20.50.46:790][  0]LogConfig: Setting CVar [[r.Streaming.MaxEffectiveScreenSize:0]]
[2022.05.02-20.50.46:790][  0]LogConfig: Applying CVar settings from Section [EffectsQuality@3] File [C:/Users/matej/Documents/GitHub/SlaneckaDrivingSimulator/Saved/Config/Windows/Scalability.ini]
[2022.05.02-20.50.46:790][  0]LogConfig: Setting CVar [[r.TranslucencyLightingVolumeDim:64]]
[2022.05.02-20.50.46:790][  0]LogConfig: Setting CVar [[r.RefractionQuality:2]]
[2022.05.02-20.50.46:790][  0]LogConfig: Setting CVar [[r.SSR.Quality:3]]
[2022.05.02-20.50.46:790][  0]LogConfig: Setting CVar [[r.SSR.HalfResSceneColor:0]]
[2022.05.02-20.50.46:790][  0]LogConfig: Setting CVar [[r.SceneColorFormat:4]]
[2022.05.02-20.50.46:790][  0]LogConfig: Setting CVar [[r.DetailMode:2]]
[2022.05.02-20.50.46:790][  0]LogConfig: Setting CVar [[r.TranslucencyVolumeBlur:1]]
[2022.05.02-20.50.46:790][  0]LogConfig: Setting CVar [[r.MaterialQualityLevel:1 ; High quality]]
[2022.05.02-20.50.46:790][  0]LogConfig: Setting CVar [[r.AnisotropicMaterials:1]]
[2022.05.02-20.50.46:790][  0]LogConfig: Setting CVar [[r.SSS.Scale:1]]
[2022.05.02-20.50.46:790][  0]LogConfig: Setting CVar [[r.SSS.SampleSet:2]]
[2022.05.02-20.50.46:790][  0]LogConfig: Setting CVar [[r.SSS.Quality:1]]
[2022.05.02-20.50.46:790][  0]LogConfig: Setting CVar [[r.SSS.HalfRes:0]]
[2022.05.02-20.50.46:790][  0]LogConfig: Setting CVar [[r.SSGI.Quality:3]]
[2022.05.02-20.50.46:790][  0]LogConfig: Setting CVar [[r.EmitterSpawnRateScale:1.0]]
[2022.05.02-20.50.46:790][  0]LogConfig: Setting CVar [[r.ParticleLightQuality:2]]
[2022.05.02-20.50.46:790][  0]LogConfig: Setting CVar [[r.SkyAtmosphere.AerialPerspectiveLUT.FastApplyOnOpaque:1 ; Always have FastSkyLUT 1 in this case to avoid wrong sky]]
[2022.05.02-20.50.46:790][  0]LogConfig: Setting CVar [[r.SkyAtmosphere.AerialPerspectiveLUT.SampleCountMaxPerSlice:4]]
[2022.05.02-20.50.46:790][  0]LogConfig: Setting CVar [[r.SkyAtmosphere.AerialPerspectiveLUT.DepthResolution:16.0]]
[2022.05.02-20.50.46:790][  0]LogConfig: Setting CVar [[r.SkyAtmosphere.FastSkyLUT:1]]
[2022.05.02-20.50.46:790][  0]LogConfig: Setting CVar [[r.SkyAtmosphere.FastSkyLUT.SampleCountMin:4.0]]
[2022.05.02-20.50.46:790][  0]LogConfig: Setting CVar [[r.SkyAtmosphere.FastSkyLUT.SampleCountMax:128.0]]
[2022.05.02-20.50.46:790][  0]LogConfig: Setting CVar [[r.SkyAtmosphere.SampleCountMin:4.0]]
[2022.05.02-20.50.46:790][  0]LogConfig: Setting CVar [[r.SkyAtmosphere.SampleCountMax:128.0]]
[2022.05.02-20.50.46:790][  0]LogConfig: Setting CVar [[r.SkyAtmosphere.TransmittanceLUT.UseSmallFormat:0]]
[2022.05.02-20.50.46:790][  0]LogConfig: Setting CVar [[r.SkyAtmosphere.TransmittanceLUT.SampleCount:10.0]]
[2022.05.02-20.50.46:790][  0]LogConfig: Setting CVar [[r.SkyAtmosphere.MultiScatteringLUT.SampleCount:15.0]]
[2022.05.02-20.50.46:790][  0]LogConfig: Setting CVar [[r.SkyLight.RealTimeReflectionCapture:1]]
[2022.05.02-20.50.46:790][  0]LogConfig: Applying CVar settings from Section [FoliageQuality@3] File [C:/Users/matej/Documents/GitHub/SlaneckaDrivingSimulator/Saved/Config/Windows/Scalability.ini]
[2022.05.02-20.50.46:790][  0]LogConfig: Setting CVar [[foliage.DensityScale:1.0]]
[2022.05.02-20.50.46:790][  0]LogConfig: Setting CVar [[grass.DensityScale:1.0]]
[2022.05.02-20.50.46:790][  0]LogConfig: Applying CVar settings from Section [ShadingQuality@3] File [C:/Users/matej/Documents/GitHub/SlaneckaDrivingSimulator/Saved/Config/Windows/Scalability.ini]
[2022.05.02-20.50.46:790][  0]LogConfig: Setting CVar [[r.HairStrands.SkyLighting.IntegrationType:2]]
[2022.05.02-20.50.46:790][  0]LogConfig: Setting CVar [[r.HairStrands.SkyAO.SampleCount:4]]
[2022.05.02-20.50.46:791][  0]LogConfig: Setting CVar [[r.HairStrands.Visibility.MSAA.SamplePerPixel:4]]
[2022.05.02-20.50.46:791][  0]LogInit: Selected Device Profile: [Windows]
[2022.05.02-20.50.46:791][  0]LogInit: Applying CVar settings loaded from the selected device profile: [Windows]
[2022.05.02-20.50.46:791][  0]LogHAL: Display: Platform has ~ 16 GB [17057812480 / 17179869184 / 16], which maps to Larger [LargestMinGB=32, LargerMinGB=12, DefaultMinGB=8, SmallerMinGB=6, SmallestMinGB=0)
[2022.05.02-20.50.46:791][  0]LogInit: Going up to parent DeviceProfile []
[2022.05.02-20.50.46:791][  0]LogConfig: Applying CVar settings from Section [ViewDistanceQuality@3] File [C:/Users/matej/Documents/GitHub/SlaneckaDrivingSimulator/Saved/Config/Windows/Scalability.ini]
[2022.05.02-20.50.46:791][  0]LogConfig: Setting CVar [[r.SkeletalMeshLODBias:0]]
[2022.05.02-20.50.46:791][  0]LogConfig: Setting CVar [[r.ViewDistanceScale:1.0]]
[2022.05.02-20.50.46:791][  0]LogConfig: Applying CVar settings from Section [AntiAliasingQuality@3] File [C:/Users/matej/Documents/GitHub/SlaneckaDrivingSimulator/Saved/Config/Windows/Scalability.ini]
[2022.05.02-20.50.46:791][  0]LogConfig: Setting CVar [[r.PostProcessAAQuality:4]]
[2022.05.02-20.50.46:791][  0]LogConfig: Applying CVar settings from Section [ShadowQuality@3] File [C:/Users/matej/Documents/GitHub/SlaneckaDrivingSimulator/Saved/Config/Windows/Scalability.ini]
[2022.05.02-20.50.46:791][  0]LogConfig: Setting CVar [[r.LightFunctionQuality:1]]
[2022.05.02-20.50.46:791][  0]LogConfig: Setting CVar [[r.ShadowQuality:5]]
[2022.05.02-20.50.46:791][  0]LogConfig: Setting CVar [[r.Shadow.CSM.MaxCascades:10]]
[2022.05.02-20.50.46:791][  0]LogConfig: Setting CVar [[r.Shadow.MaxResolution:2048]]
[2022.05.02-20.50.46:791][  0]LogConfig: Setting CVar [[r.Shadow.MaxCSMResolution:2048]]
[2022.05.02-20.50.46:791][  0]LogConfig: Setting CVar [[r.Shadow.RadiusThreshold:0.01]]
[2022.05.02-20.50.46:791][  0]LogConfig: Setting CVar [[r.Shadow.DistanceScale:1.0]]
[2022.05.02-20.50.46:791][  0]LogConfig: Setting CVar [[r.Shadow.CSM.TransitionScale:1.0]]
[2022.05.02-20.50.46:791][  0]LogConfig: Setting CVar [[r.Shadow.PreShadowResolutionFactor:1.0]]
[2022.05.02-20.50.46:791][  0]LogConfig: Setting CVar [[r.DistanceFieldShadowing:1]]
[2022.05.02-20.50.46:791][  0]LogConfig: Setting CVar [[r.DistanceFieldAO:1]]
[2022.05.02-20.50.46:791][  0]LogConfig: Setting CVar [[r.AOQuality:2]]
[2022.05.02-20.50.46:791][  0]LogConfig: Setting CVar [[r.VolumetricFog:1]]
[2022.05.02-20.50.46:791][  0]LogConfig: Setting CVar [[r.VolumetricFog.GridPixelSize:8]]
[2022.05.02-20.50.46:791][  0]LogConfig: Setting CVar [[r.VolumetricFog.GridSizeZ:128]]
[2022.05.02-20.50.46:791][  0]LogConfig: Setting CVar [[r.VolumetricFog.HistoryMissSupersampleCount:4]]
[2022.05.02-20.50.46:791][  0]LogConfig: Setting CVar [[r.LightMaxDrawDistanceScale:1]]
[2022.05.02-20.50.46:791][  0]LogConfig: Setting CVar [[r.CapsuleShadows:1]]
[2022.05.02-20.50.46:791][  0]LogConfig: Applying CVar settings from Section [PostProcessQuality@3] File [C:/Users/matej/Documents/GitHub/SlaneckaDrivingSimulator/Saved/Config/Windows/Scalability.ini]
[2022.05.02-20.50.46:791][  0]LogConfig: Setting CVar [[r.MotionBlurQuality:4]]
[2022.05.02-20.50.46:791][  0]LogConfig: Setting CVar [[r.AmbientOcclusionMipLevelFactor:0.4]]
[2022.05.02-20.50.46:791][  0]LogConfig: Setting CVar [[r.AmbientOcclusionMaxQuality:100]]
[2022.05.02-20.50.46:791][  0]LogConfig: Setting CVar [[r.AmbientOcclusionLevels:-1]]
[2022.05.02-20.50.46:791][  0]LogConfig: Setting CVar [[r.AmbientOcclusionRadiusScale:1.0]]
[2022.05.02-20.50.46:791][  0]LogConfig: Setting CVar [[r.DepthOfFieldQuality:2]]
[2022.05.02-20.50.46:791][  0]LogConfig: Setting CVar [[r.RenderTargetPoolMin:400]]
[2022.05.02-20.50.46:791][  0]LogConfig: Setting CVar [[r.LensFlareQuality:2]]
[2022.05.02-20.50.46:791][  0]LogConfig: Setting CVar [[r.SceneColorFringeQuality:1]]
[2022.05.02-20.50.46:791][  0]LogConfig: Setting CVar [[r.EyeAdaptationQuality:2]]
[2022.05.02-20.50.46:791][  0]LogConfig: Setting CVar [[r.BloomQuality:5]]
[2022.05.02-20.50.46:791][  0]LogConfig: Setting CVar [[r.FastBlurThreshold:100]]
[2022.05.02-20.50.46:791][  0]LogConfig: Setting CVar [[r.Upscale.Quality:3]]
[2022.05.02-20.50.46:791][  0]LogConfig: Setting CVar [[r.Tonemapper.GrainQuantization:1]]
[2022.05.02-20.50.46:791][  0]LogConfig: Setting CVar [[r.LightShaftQuality:1]]
[2022.05.02-20.50.46:791][  0]LogConfig: Setting CVar [[r.Filter.SizeScale:1]]
[2022.05.02-20.50.46:792][  0]LogConfig: Setting CVar [[r.Tonemapper.Quality:5]]
[2022.05.02-20.50.46:792][  0]LogConfig: Setting CVar [[r.DOF.Gather.AccumulatorQuality:1        ; higher gathering accumulator quality]]
[2022.05.02-20.50.46:792][  0]LogConfig: Setting CVar [[r.DOF.Gather.PostfilterMethod:1          ; Median3x3 postfilering method]]
[2022.05.02-20.50.46:792][  0]LogConfig: Setting CVar [[r.DOF.Gather.EnableBokehSettings:0       ; no bokeh simulation when gathering]]
[2022.05.02-20.50.46:792][  0]LogConfig: Setting CVar [[r.DOF.Gather.RingCount:4                 ; medium number of samples when gathering]]
[2022.05.02-20.50.46:792][  0]LogConfig: Setting CVar [[r.DOF.Scatter.ForegroundCompositing:1    ; additive foreground scattering]]
[2022.05.02-20.50.46:792][  0]LogConfig: Setting CVar [[r.DOF.Scatter.BackgroundCompositing:2    ; additive background scattering]]
[2022.05.02-20.50.46:792][  0]LogConfig: Setting CVar [[r.DOF.Scatter.EnableBokehSettings:1      ; bokeh simulation when scattering]]
[2022.05.02-20.50.46:792][  0]LogConfig: Setting CVar [[r.DOF.Scatter.MaxSpriteRatio:0.1         ; only a maximum of 10% of scattered bokeh]]
[2022.05.02-20.50.46:792][  0]LogConfig: Setting CVar [[r.DOF.Recombine.Quality:1                ; cheap slight out of focus]]
[2022.05.02-20.50.46:792][  0]LogConfig: Setting CVar [[r.DOF.Recombine.EnableBokehSettings:0    ; no bokeh simulation on slight out of focus]]
[2022.05.02-20.50.46:792][  0]LogConfig: Setting CVar [[r.DOF.TemporalAAQuality:1                ; more stable temporal accumulation]]
[2022.05.02-20.50.46:792][  0]LogConfig: Setting CVar [[r.DOF.Kernel.MaxForegroundRadius:0.025]]
[2022.05.02-20.50.46:792][  0]LogConfig: Setting CVar [[r.DOF.Kernel.MaxBackgroundRadius:0.025]]
[2022.05.02-20.50.46:792][  0]LogConfig: Applying CVar settings from Section [TextureQuality@3] File [C:/Users/matej/Documents/GitHub/SlaneckaDrivingSimulator/Saved/Config/Windows/Scalability.ini]
[2022.05.02-20.50.46:792][  0]LogConfig: Setting CVar [[r.Streaming.MipBias:0]]
[2022.05.02-20.50.46:792][  0]LogConfig: Setting CVar [[r.Streaming.AmortizeCPUToGPUCopy:0]]
[2022.05.02-20.50.46:792][  0]LogConfig: Setting CVar [[r.Streaming.MaxNumTexturesToStreamPerFrame:0]]
[2022.05.02-20.50.46:792][  0]LogConfig: Setting CVar [[r.Streaming.Boost:1]]
[2022.05.02-20.50.46:792][  0]LogConfig: Setting CVar [[r.MaxAnisotropy:8]]
[2022.05.02-20.50.46:792][  0]LogConfig: Setting CVar [[r.VT.MaxAnisotropy:8]]
[2022.05.02-20.50.46:792][  0]LogConfig: Setting CVar [[r.Streaming.LimitPoolSizeToVRAM:0]]
[2022.05.02-20.50.46:792][  0]LogConfig: Setting CVar [[r.Streaming.PoolSize:1000]]
[2022.05.02-20.50.46:792][  0]LogConfig: Setting CVar [[r.Streaming.MaxEffectiveScreenSize:0]]
[2022.05.02-20.50.46:792][  0]LogConfig: Applying CVar settings from Section [EffectsQuality@3] File [C:/Users/matej/Documents/GitHub/SlaneckaDrivingSimulator/Saved/Config/Windows/Scalability.ini]
[2022.05.02-20.50.46:792][  0]LogConfig: Setting CVar [[r.TranslucencyLightingVolumeDim:64]]
[2022.05.02-20.50.46:792][  0]LogConfig: Setting CVar [[r.RefractionQuality:2]]
[2022.05.02-20.50.46:792][  0]LogConfig: Setting CVar [[r.SSR.Quality:3]]
[2022.05.02-20.50.46:792][  0]LogConfig: Setting CVar [[r.SSR.HalfResSceneColor:0]]
[2022.05.02-20.50.46:792][  0]LogConfig: Setting CVar [[r.SceneColorFormat:4]]
[2022.05.02-20.50.46:792][  0]LogConfig: Setting CVar [[r.DetailMode:2]]
[2022.05.02-20.50.46:792][  0]LogConfig: Setting CVar [[r.TranslucencyVolumeBlur:1]]
[2022.05.02-20.50.46:792][  0]LogConfig: Setting CVar [[r.MaterialQualityLevel:1 ; High quality]]
[2022.05.02-20.50.46:792][  0]LogConfig: Setting CVar [[r.AnisotropicMaterials:1]]
[2022.05.02-20.50.46:792][  0]LogConfig: Setting CVar [[r.SSS.Scale:1]]
[2022.05.02-20.50.46:792][  0]LogConfig: Setting CVar [[r.SSS.SampleSet:2]]
[2022.05.02-20.50.46:792][  0]LogConfig: Setting CVar [[r.SSS.Quality:1]]
[2022.05.02-20.50.46:792][  0]LogConfig: Setting CVar [[r.SSS.HalfRes:0]]
[2022.05.02-20.50.46:792][  0]LogConfig: Setting CVar [[r.SSGI.Quality:3]]
[2022.05.02-20.50.46:792][  0]LogConfig: Setting CVar [[r.EmitterSpawnRateScale:1.0]]
[2022.05.02-20.50.46:792][  0]LogConfig: Setting CVar [[r.ParticleLightQuality:2]]
[2022.05.02-20.50.46:792][  0]LogConfig: Setting CVar [[r.SkyAtmosphere.AerialPerspectiveLUT.FastApplyOnOpaque:1 ; Always have FastSkyLUT 1 in this case to avoid wrong sky]]
[2022.05.02-20.50.46:792][  0]LogConfig: Setting CVar [[r.SkyAtmosphere.AerialPerspectiveLUT.SampleCountMaxPerSlice:4]]
[2022.05.02-20.50.46:792][  0]LogConfig: Setting CVar [[r.SkyAtmosphere.AerialPerspectiveLUT.DepthResolution:16.0]]
[2022.05.02-20.50.46:792][  0]LogConfig: Setting CVar [[r.SkyAtmosphere.FastSkyLUT:1]]
[2022.05.02-20.50.46:793][  0]LogConfig: Setting CVar [[r.SkyAtmosphere.FastSkyLUT.SampleCountMin:4.0]]
[2022.05.02-20.50.46:793][  0]LogConfig: Setting CVar [[r.SkyAtmosphere.FastSkyLUT.SampleCountMax:128.0]]
[2022.05.02-20.50.46:793][  0]LogConfig: Setting CVar [[r.SkyAtmosphere.SampleCountMin:4.0]]
[2022.05.02-20.50.46:793][  0]LogConfig: Setting CVar [[r.SkyAtmosphere.SampleCountMax:128.0]]
[2022.05.02-20.50.46:793][  0]LogConfig: Setting CVar [[r.SkyAtmosphere.TransmittanceLUT.UseSmallFormat:0]]
[2022.05.02-20.50.46:793][  0]LogConfig: Setting CVar [[r.SkyAtmosphere.TransmittanceLUT.SampleCount:10.0]]
[2022.05.02-20.50.46:793][  0]LogConfig: Setting CVar [[r.SkyAtmosphere.MultiScatteringLUT.SampleCount:15.0]]
[2022.05.02-20.50.46:793][  0]LogConfig: Setting CVar [[r.SkyLight.RealTimeReflectionCapture:1]]
[2022.05.02-20.50.46:793][  0]LogConfig: Applying CVar settings from Section [FoliageQuality@3] File [C:/Users/matej/Documents/GitHub/SlaneckaDrivingSimulator/Saved/Config/Windows/Scalability.ini]
[2022.05.02-20.50.46:793][  0]LogConfig: Setting CVar [[foliage.DensityScale:1.0]]
[2022.05.02-20.50.46:793][  0]LogConfig: Setting CVar [[grass.DensityScale:1.0]]
[2022.05.02-20.50.46:793][  0]LogConfig: Applying CVar settings from Section [ShadingQuality@3] File [C:/Users/matej/Documents/GitHub/SlaneckaDrivingSimulator/Saved/Config/Windows/Scalability.ini]
[2022.05.02-20.50.46:793][  0]LogConfig: Setting CVar [[r.HairStrands.SkyLighting.IntegrationType:2]]
[2022.05.02-20.50.46:793][  0]LogConfig: Setting CVar [[r.HairStrands.SkyAO.SampleCount:4]]
[2022.05.02-20.50.46:793][  0]LogConfig: Setting CVar [[r.HairStrands.Visibility.MSAA.SamplePerPixel:4]]
[2022.05.02-20.50.46:793][  0]LogConfig: Applying CVar settings from Section [Startup] File [../../../Engine/Config/ConsoleVariables.ini]
[2022.05.02-20.50.46:794][  0]LogConfig: Setting CVar [[net.UseAdaptiveNetUpdateFrequency:0]]
[2022.05.02-20.50.46:794][  0]LogConfig: Setting CVar [[p.chaos.AllowCreatePhysxBodies:1]]
[2022.05.02-20.50.46:794][  0]LogConfig: Setting CVar [[fx.SkipVectorVMBackendOptimizations:1]]
[2022.05.02-20.50.46:794][  0]LogConfig: Applying CVar settings from Section [ConsoleVariables] File [C:/Users/matej/Documents/GitHub/SlaneckaDrivingSimulator/Saved/Config/Windows/Engine.ini]
[2022.05.02-20.50.46:794][  0]LogConfig: Applying CVar settings from Section [ConsoleVariables] File [C:/Users/matej/Documents/GitHub/SlaneckaDrivingSimulator/Saved/Config/Windows/Editor.ini]
[2022.05.02-20.50.46:795][  0]LogInit: Computer: DESKTOP-P9K8NQ2
[2022.05.02-20.50.46:795][  0]LogInit: User: matej
[2022.05.02-20.50.46:795][  0]LogInit: CPU Page size=4096, Cores=4
[2022.05.02-20.50.46:795][  0]LogInit: High frequency timer resolution =10.000000 MHz
[2022.05.02-20.50.46:795][  0]LogMemory: Memory total: Physical=15.9GB (16GB approx)
[2022.05.02-20.50.46:795][  0]LogMemory: Platform Memory Stats for Windows
[2022.05.02-20.50.46:795][  0]LogMemory: Process Physical Memory: 143.27 MB used, 143.27 MB peak
[2022.05.02-20.50.46:795][  0]LogMemory: Process Virtual Memory: 118.34 MB used, 118.34 MB peak
[2022.05.02-20.50.46:795][  0]LogMemory: Physical Memory: 7321.03 MB used,  8946.57 MB free, 16267.60 MB total
[2022.05.02-20.50.46:795][  0]LogMemory: Virtual Memory: 134208896.00 MB used,  8834.47 MB free, 134217728.00 MB total
[2022.05.02-20.50.46:801][  0]LogWindows: WindowsPlatformFeatures enabled
[2022.05.02-20.50.46:838][  0]LogInit: Physics initialised using underlying interface: PhysX
[2022.05.02-20.50.46:839][  0]LogInit: Using OS detected language (en-US).
[2022.05.02-20.50.46:839][  0]LogInit: Using OS detected locale (en-US).
[2022.05.02-20.50.46:849][  0]LogTextLocalizationManager: No specific localization for 'en-US' exists, so the 'en' localization will be used.
[2022.05.02-20.50.47:211][  0]LogWindowsTextInputMethodSystem: Display: IME system deactivated.
[2022.05.02-20.50.47:237][  0]LogSlate: New Slate User Created.  User Index 0, Is Virtual User: 0
[2022.05.02-20.50.47:237][  0]LogSlate: Slate User Registered.  User Index 0, Is Virtual User: 0
[2022.05.02-20.50.47:265][  0]LogD3D11RHI: Loaded GFSDK_Aftermath_Lib.x64.dll
[2022.05.02-20.50.47:340][  0]LogHMD: Failed to enumerate extensions. Please check that you have a valid OpenXR runtime installed.
[2022.05.02-20.50.47:341][  0]LogD3D11RHI: D3D11 min allowed feature level: 11_0
[2022.05.02-20.50.47:341][  0]LogD3D11RHI: D3D11 max allowed feature level: 11_0
[2022.05.02-20.50.47:341][  0]LogD3D11RHI: D3D11 adapters:
[2022.05.02-20.50.47:497][  0]LogD3D11RHI:    0. 'NVIDIA GeForce GTX 1050 Ti' (Feature Level 11_0)
[2022.05.02-20.50.47:497][  0]LogD3D11RHI:       4018/0/8133 MB DedicatedVideo/DedicatedSystem/SharedSystem, Outputs:1, VendorId:0x10de
[2022.05.02-20.50.47:523][  0]LogD3D11RHI:    1. 'Intel(R) HD Graphics 630' (Feature Level 11_0)
[2022.05.02-20.50.47:523][  0]LogD3D11RHI:       128/0/8133 MB DedicatedVideo/DedicatedSystem/SharedSystem, Outputs:0, VendorId:0x8086
[2022.05.02-20.50.47:527][  0]LogD3D11RHI:    2. 'Microsoft Basic Render Driver' (Feature Level 11_0)
[2022.05.02-20.50.47:527][  0]LogD3D11RHI:       0/0/8133 MB DedicatedVideo/DedicatedSystem/SharedSystem, Outputs:0, VendorId:0x1414
[2022.05.02-20.50.47:527][  0]LogD3D11RHI: Chosen D3D11 Adapter:
[2022.05.02-20.50.47:527][  0]LogD3D11RHI:     Description : NVIDIA GeForce GTX 1050 Ti
[2022.05.02-20.50.47:527][  0]LogD3D11RHI:     VendorId    : 10de
[2022.05.02-20.50.47:527][  0]LogD3D11RHI:     DeviceId    : 1c8c
[2022.05.02-20.50.47:527][  0]LogD3D11RHI:     SubSysId    : 118b1025
[2022.05.02-20.50.47:527][  0]LogD3D11RHI:     Revision    : 00a1
[2022.05.02-20.50.47:527][  0]LogD3D11RHI:     DedicatedVideoMemory : 4213178368 bytes
[2022.05.02-20.50.47:527][  0]LogD3D11RHI:     DedicatedSystemMemory : 0 bytes
[2022.05.02-20.50.47:527][  0]LogD3D11RHI:     SharedSystemMemory : 8528906240 bytes
[2022.05.02-20.50.47:527][  0]LogD3D11RHI:     AdapterLuid : 0 41313630
[2022.05.02-20.50.47:535][  0]LogD3D11RHI: Creating new Direct3DDevice
[2022.05.02-20.50.47:535][  0]LogD3D11RHI:     GPU DeviceId: 0x1c8c (for the marketing name, search the web for "GPU Device Id")
[2022.05.02-20.50.47:535][  0]LogWindows: EnumDisplayDevices:
[2022.05.02-20.50.47:535][  0]LogWindows:    0. 'Intel(R) HD Graphics 630' (P:1 D:1)
[2022.05.02-20.50.47:536][  0]LogWindows:    1. 'Intel(R) HD Graphics 630' (P:0 D:0)
[2022.05.02-20.50.47:536][  0]LogWindows:    2. 'Intel(R) HD Graphics 630' (P:0 D:0)
[2022.05.02-20.50.47:536][  0]LogWindows:    3. 'NVIDIA GeForce GTX 1050 Ti' (P:0 D:0)
[2022.05.02-20.50.47:537][  0]LogWindows: DebugString: PrimaryIsNotTheChoosenAdapter PrimaryIsNotTheChoosenAdapter PrimaryIsNotTheChoosenAdapter 
[2022.05.02-20.50.47:537][  0]LogD3D11RHI:     Adapter Name: NVIDIA GeForce GTX 1050 Ti
[2022.05.02-20.50.47:537][  0]LogD3D11RHI:   Driver Version: 512.59 (internal:30.0.15.1259, unified:512.59)
[2022.05.02-20.50.47:537][  0]LogD3D11RHI:      Driver Date: 4-20-2022
[2022.05.02-20.50.47:537][  0]LogRHI: Texture pool is 2812 MB (70% of 4018 MB)
[2022.05.02-20.50.47:537][  0]LogD3D11RHI: Creating D3DDevice using adapter:
[2022.05.02-20.50.47:537][  0]LogD3D11RHI:     Description : NVIDIA GeForce GTX 1050 Ti
[2022.05.02-20.50.47:537][  0]LogD3D11RHI:     VendorId    : 10de
[2022.05.02-20.50.47:537][  0]LogD3D11RHI:     DeviceId    : 1c8c
[2022.05.02-20.50.47:537][  0]LogD3D11RHI:     SubSysId    : 118b1025
[2022.05.02-20.50.47:537][  0]LogD3D11RHI:     Revision    : 00a1
[2022.05.02-20.50.47:537][  0]LogD3D11RHI:     DedicatedVideoMemory : 4213178368 bytes
[2022.05.02-20.50.47:537][  0]LogD3D11RHI:     DedicatedSystemMemory : 0 bytes
[2022.05.02-20.50.47:537][  0]LogD3D11RHI:     SharedSystemMemory : 8528906240 bytes
[2022.05.02-20.50.47:537][  0]LogD3D11RHI:     AdapterLuid : 0 41313630
[2022.05.02-20.50.47:639][  0]LogD3D11RHI: RHI has support for 64 bit atomics
[2022.05.02-20.50.47:639][  0]LogD3D11RHI: Async texture creation enabled
[2022.05.02-20.50.47:639][  0]LogD3D11RHI: Array index from any shader is supported
[2022.05.02-20.50.47:680][  0]LogD3D11RHI: GPU Timing Frequency: 1000.000000 (Debug: 2 2)
[2022.05.02-20.50.47:747][  0]LogRHI: GeForceNow SDK initialized: 1
[2022.05.02-20.50.48:274][  0]LogTargetPlatformManager: Display: Loaded TargetPlatform 'WindowsNoEditor'
[2022.05.02-20.50.48:282][  0]LogTargetPlatformManager: Display: Loaded TargetPlatform 'Windows'
[2022.05.02-20.50.48:289][  0]LogTargetPlatformManager: Display: Loaded TargetPlatform 'WindowsClient'
[2022.05.02-20.50.48:298][  0]LogTargetPlatformManager: Display: Loaded TargetPlatform 'WindowsServer'
[2022.05.02-20.50.48:298][  0]LogTargetPlatformManager: Display: Building Assets For Windows
[2022.05.02-20.50.48:309][  0]LogAudioDebug: Display: Lib vorbis DLL was dynamically loaded.
[2022.05.02-20.50.48:362][  0]LogTextureFormatOodle: Display: Oodle Texture 2.9.0 init RDO Off
[2022.05.02-20.50.48:411][  0]LogRendererCore: Ray tracing is disabled. Reason: r.RayTracing=0.
[2022.05.02-20.50.48:411][  0]LogShaderCompilers: Guid format shader working directory is -26 characters bigger than the processId version (../../../../../../Users/matej/Documents/GitHub/SlaneckaDrivingSimulator/Intermediate/Shaders/WorkingDirectory/13560/).
[2022.05.02-20.50.48:411][  0]LogShaderCompilers: Cleaned the shader compiler working directory 'C:/Users/matej/AppData/Local/Temp/UnrealShaderWorkingDir/F64AD1634E318B5AE849A7A3EB824CA8/'.
[2022.05.02-20.50.48:411][  0]LogXGEController: Cannot use XGE Controller as Incredibuild is not installed on this machine.
[2022.05.02-20.50.48:412][  0]LogShaderCompilers: Cannot use XGE Shader Compiler as Incredibuild is not installed on this machine.
[2022.05.02-20.50.48:412][  0]LogShaderCompilers: Display: Using Local Shader Compiler.
[2022.05.02-20.50.49:607][  0]LogDerivedDataCache: Display: Max Cache Size: 512 MB
[2022.05.02-20.50.49:719][  0]LogDerivedDataCache: Loaded boot cache 0.11s 97MB C:/Users/matej/AppData/Local/UnrealEngine/4.27/DerivedDataCache/Boot.ddc.
[2022.05.02-20.50.49:719][  0]LogDerivedDataCache: Display: Loaded Boot cache: C:/Users/matej/AppData/Local/UnrealEngine/4.27/DerivedDataCache/Boot.ddc
[2022.05.02-20.50.49:720][  0]LogDerivedDataCache: FDerivedDataBackendGraph:  Pak pak cache file ../../../../../../Users/matej/Documents/GitHub/SlaneckaDrivingSimulator/DerivedDataCache/DDC.ddp not found, will not use a pak cache.
[2022.05.02-20.50.49:720][  0]LogDerivedDataCache: Unable to find inner node Pak for hierarchical cache Hierarchy.
[2022.05.02-20.50.49:720][  0]LogDerivedDataCache: FDerivedDataBackendGraph:  CompressedPak pak cache file ../../../../../../Users/matej/Documents/GitHub/SlaneckaDrivingSimulator/DerivedDataCache/Compressed.ddp not found, will not use a pak cache.
[2022.05.02-20.50.49:720][  0]LogDerivedDataCache: Unable to find inner node CompressedPak for hierarchical cache Hierarchy.
[2022.05.02-20.50.49:746][  0]LogDerivedDataCache: Display: Pak cache opened for reading ../../../Engine/DerivedDataCache/Compressed.ddp.
[2022.05.02-20.50.49:746][  0]LogDerivedDataCache: FDerivedDataBackendGraph:  EnterprisePak pak cache file ../../../Enterprise/DerivedDataCache/Compressed.ddp not found, will not use a pak cache.
[2022.05.02-20.50.49:746][  0]LogDerivedDataCache: Unable to find inner node EnterprisePak for hierarchical cache Hierarchy.
[2022.05.02-20.50.50:001][  0]LogDerivedDataCache: Speed tests for C:/Users/matej/AppData/Local/UnrealEngine/Common/DerivedDataCache took 0.25 seconds
[2022.05.02-20.50.50:001][  0]LogDerivedDataCache: Display: Performance to C:/Users/matej/AppData/Local/UnrealEngine/Common/DerivedDataCache: Latency=0.04ms. RandomReadSpeed=131.38MBs, RandomWriteSpeed=3.76MBs. Assigned SpeedClass 'Local'
[2022.05.02-20.50.50:002][  0]LogDerivedDataCache: Using Local data cache path C:/Users/matej/AppData/Local/UnrealEngine/Common/DerivedDataCache: Writable
[2022.05.02-20.50.50:002][  0]LogDerivedDataCache: Shared data cache path not found in *engine.ini, will not use an Shared cache.
[2022.05.02-20.50.50:002][  0]LogDerivedDataCache: Unable to find inner node Shared for hierarchical cache Hierarchy.
[2022.05.02-20.50.50:061][  0]LogSlate: Using FreeType 2.10.0
[2022.05.02-20.50.50:062][  0]LogSlate: SlateFontServices - WITH_FREETYPE: 1, WITH_HARFBUZZ: 1
[2022.05.02-20.50.50:062][  0]LogHMD: Failed to enumerate extensions. Please check that you have a valid OpenXR runtime installed.
[2022.05.02-20.50.50:203][  0]LogInit: Using OS detected language (en-US).
[2022.05.02-20.50.50:203][  0]LogInit: Using OS detected locale (en-US).
[2022.05.02-20.50.50:203][  0]LogTextLocalizationManager: No localization for 'en-US' exists, so 'en' will be used for the language.
[2022.05.02-20.50.50:203][  0]LogTextLocalizationManager: No localization for 'en-US' exists, so 'en' will be used for the locale.
[2022.05.02-20.50.50:204][  0]LogSlate: FontCache flush requested. Reason: Culture for localization was changed
[2022.05.02-20.50.50:204][  0]LogSlate: FontCache flush requested. Reason: Culture for localization was changed
[2022.05.02-20.50.50:208][  0]LogTextLocalizationManager: Compacting localization data took   0.00ms
[2022.05.02-20.50.50:208][  0]LogAssetRegistry: FAssetRegistry took 0.0026 seconds to start up
[2022.05.02-20.50.50:461][  0]LogPackageLocalizationCache: Processed 26 localized package path(s) for 1 prioritized culture(s) in 0.002030 seconds
[2022.05.02-20.50.50:573][  0]LogInit: Selected Device Profile: [Windows]
[2022.05.02-20.50.50:573][  0]LogInit: Active device profile: [000002282E4B0D00][00000228274B6E40 49] Windows
[2022.05.02-20.50.50:573][  0]LogInit: Profiles: [000002282E4B0D00][00000228274B6E40 49] Windows, [000002282E492400][00000228274BEFC0 49] WindowsNoEditor, [000002282E4B1C00][00000228274C3140 49] WindowsServer, [000002282E493200][0000022827D632C0 49] WindowsClient, [000002282E4B2900][0000022827D67440 49] IOS, [000002282E491B00][0000022827D6B5C0 49] iPadAir, [000002282E4B3E00][0000022827D6F740 49] iPadAir2, [000002282E441100][00000228274BB9C0 49] IPadPro, [000002282E441200][0000022827D73A00 49] iPadAir3, [000002282E490C00][0000022827D77B40 49] iPadAir4, [000002282E441E00][0000022827D7A100 49] iPadMini2, [000002282E493400][0000022827D82280 49] iPadMini3, [000002282E443900][0000022827D86400 49] iPadMini4, [000002282E491000][0000022827D8A580 49] iPadMini5, [000002282E478A00][0000022827D92840 49] iPhone6, [000002282E478B00][0000022827D8E880 49] iPodTouch6, [000002282E4B2D00][0000022827D9AB40 49] iPhone7, [000002282E4B2E00][0000022827D96B80 49] iPodTouch7, [000002282E443E00][0000022827F26D00 49] iPhone5S, [000002282E4B0E00][0000022827F2AE80 49] iPhone6Plus, [000002282E478100][0000022827F2F000 49] iPhone6S, [000002282E440300][0000022827F33180 49] iPhone6SPlus, [000002282E47A900][0000022827F37300 49] iPhone7Plus, [000002282E442200][0000022827F3B480 49] iPhoneSE, [000002282E47A700][0000022827F3F600 49] iPhone8, [000002282E440700][0000022827F43780 49] iPhone8Plus, [000002282E47B200][0000022827F47900 49] iPhoneX, [000002282E4B1500][0000022827F4BA80 49] iPhoneXS, [000002282E47AC00][0000022827D7FBC0 49] iPhoneXSMax, [000002282E4B1A00][0000022827F4E180 49] iPhoneXR, [000002282E478600][0000022827F522C0 49] iPhone11, [000002282E4B0F00][0000022827F5A440 49] iPhone11Pro, [000002282E479B00][0000022827F5E5C0 49] iPhone11ProMax, [000002282E4B3300][0000022827F62740 49] iPhoneSE2, [000002282E47BB00][0000022827F668C0 49] iPhone12Mini, [000002282E4B2300][0000022827F6AA40 49] iPhone12, [000002282E479000][0000022827F6EBC0 49] iPhone12Pro, [000002282E4B3F00][0000022827692D40 49] iPhone12ProMax, [000002282E479600][0000022827696EC0 49] iPadPro105, [000002282E4B0900][000002282769B040 49] iPadPro129, [000002282E47BE00][000002282769F1C0 49] iPadPro97, [000002282E4B3700][00000228276A3340 49] iPadPro2_129, [000002282E478D00][00000228276A74C0 49] iPad5, [000002282E4B1F00][00000228276AB640 49] iPad6, [000002282E479200][00000228276AF7C0 49] iPad7, [000002282E4B1100][00000228276B3940 49] iPad8, [000002282E47A400][00000228276B7AC0 49] iPadPro11, [000002282E4B3B00][00000228276BA0C0 49] iPadPro2_11, [000002282E47BF00][0000022827F56200 49] iPadPro3_129, [000002282E4B3800][00000228276BE340 49] iPadPro4_129, [000002282E47AA00][00000228276C2480 49] AppleTV, [000002282E4B2600][00000228276C65C0 49] AppleTV4K, [000002282E478F00][00000228276CE740 49] TVOS, [000002282E4B1800][00000228276D28C0 49] Mac, [000002282E479400][00000228276D6A40 49] MacClient, [000002282E4B2400][00000228276DABC0 49] MacNoEditor, [000002282E47AF00][00000228276DED40 49] MacServer, [000002282E4B1400][00000228276E2EC0 49] Linux, [000002282E479F00][00000228276E7040 49] LinuxAArch64, [000002282E4B0700][00000228276EB1C0 49] LinuxNoEditor, [000002282E47B300][00000228276EF340 49] LinuxAArch64NoEditor, [000002282E4B1600][00000228276F34C0 49] LinuxClient, [000002282E478800][00000228276F7640 49] LinuxAArch64Client, [000002282E4B0200][00000228276FB7C0 49] LinuxServer, [000002282E479100][00000228276FF940 49] LinuxAArch64Server, [000002282E4B1000][0000022827703AC0 49] Android, [000002282E47B700][00000228277060C0 49] Android_Low, [000002282E4B3C00][000002282770A240 49] Android_Mid, [000002282E47B900][00000228276CA380 49] Android_High, [000002282E4B3400][000002282770E4C0 49] Android_Default, [000002282E478900][0000022827712600 49] Android_Adreno4xx, [000002282E4B3500][0000022827716740 49] Android_Adreno5xx_Low, [000002282E47A500][000002282771E8C0 49] Android_Adreno5xx, [000002282E4B2500][0000022827722A40 49] Android_Adreno6xx, [000002282E490500][0000022827726BC0 49] Android_Adreno6xx_Vulkan, [000002282E443600][000002282772AD40 49] Android_Mali_T6xx, [000002282E490600][000002282772EEC0 49] Android_Mali_T7xx, [000002282E443A00][0000022827733040 49] Android_Mali_T8xx, [000002282E490100][00000228277371C0 49] Android_Mali_G71, [000002282E443500][000002282773B340 49] Android_Mali_G72, [000002282E490400][000002282773F4C0 49] Android_Mali_G72_Vulkan, [000002282E441800][0000022827743640 49] Android_Mali_G76, [000002282E493900][00000228277477C0 49] Android_Mali_G76_Vulkan, [000002282E442A00][000002282774B940 49] Android_Mali_G77, [000002282E493300][000002282774FAC0 49] Android_Mali_G77_Vulkan, [000002282E441600][00000228277520C0 49] Android_Mali_G78, [000002282E492300][0000022827756240 49] Android_Mali_G78_Vulkan, [000002282E440600][000002282775A3C0 49] Android_Mali_G710, [000002282E490300][000002282775E540 49] Android_Mali_G710_Vulkan, [000002282E440200][000002282771A680 49] Android_Vulkan_SM5, [000002282E490200][00000228277627C0 49] Android_PowerVR_G6xxx, [000002282E442500][0000022827766900 49] Android_PowerVR_GT7xxx, [000002282E492700][000002282776EA80 49] Android_PowerVR_GE8xxx, [000002282E441300][0000022827772C00 49] Android_PowerVR_GM9xxx, [000002282E490D00][0000022827776D80 49] Android_PowerVR_GM9xxx_Vulkan, [000002282E443D00][000002282777AF00 49] Android_TegraK1, [000002282E492A00][000002282777F080 49] Android_Unknown_Vulkan, [000002282E443200][0000022827783200 49] Lumin, [000002282E490A00][0000022827787380 49] Lumin_Desktop, [000002282E443300][000002282778B500 49] HoloLens, 
[2022.05.02-20.50.50:623][  0]LogMeshReduction: Using QuadricMeshReduction for automatic static mesh reduction
[2022.05.02-20.50.50:623][  0]LogMeshReduction: Using SimplygonMeshReduction for automatic skeletal mesh reduction
[2022.05.02-20.50.50:623][  0]LogMeshReduction: Using ProxyLODMeshReduction for automatic mesh merging
[2022.05.02-20.50.50:623][  0]LogMeshReduction: No distributed automatic mesh merging module available
[2022.05.02-20.50.50:623][  0]LogMeshMerging: No distributed automatic mesh merging module available
[2022.05.02-20.50.50:774][  0]LogNetVersion: SlaneckaDrivingSim 1.0.0, NetCL: 17155196, EngineNetVer: 17, GameNetVer: 0 (Checksum: 2678730172)
[2022.05.02-20.50.51:096][  0]LogTexture: Default maximum texture size for cubemaps generated from long-lat sources has been changed from 512 to unlimited. In order to preserve old behaiour for '/Engine/MapTemplates/Sky/DaylightAmbientCubemap.DaylightAmbientCubemap', its maximum texture size has been explicitly set to 512.
[2022.05.02-20.50.51:178][  0]LogHMD: PokeAHoleMaterial loaded successfully
[2022.05.02-20.50.51:299][  0]LogMoviePlayer: Initializing movie player
[2022.05.02-20.50.51:424][  0]LogNiagaraDebuggerClient: Niagara Debugger Client Initialized | Session: 3D049D4B4E1053E904D0859EBF7781BA | Instance: 0D3CDA28470E2648498D1A8E0D984B86 (DESKTOP-P9K8NQ2-13560).
[2022.05.02-20.50.51:452][  0]LogCollectionManager: Loaded 0 collections in 0.002475 seconds
[2022.05.02-20.50.51:457][  0]LogFileCache: Scanning file cache for directory 'C:/Users/matej/Documents/GitHub/SlaneckaDrivingSimulator/Saved/Collections/' took 0.00s
[2022.05.02-20.50.51:457][  0]LogFileCache: Scanning file cache for directory 'C:/Users/matej/Documents/GitHub/SlaneckaDrivingSimulator/Content/Developers/matej/Collections/' took 0.00s
[2022.05.02-20.50.51:457][  0]LogFileCache: Scanning file cache for directory 'C:/Users/matej/Documents/GitHub/SlaneckaDrivingSimulator/Content/Collections/' took 0.00s
[2022.05.02-20.50.51:457][  0]LogCollectionManager: Fixed up redirectors for 0 collections in 0.000004 seconds (updated 0 objects)
[2022.05.02-20.50.51:600][  0]LogPython: Using Python 3.7.7
[2022.05.02-20.50.52:219][  0]LogTcpMessaging: Initializing TcpMessaging bridge
[2022.05.02-20.50.52:223][  0]LogUdpMessaging: Initializing bridge on interface 0.0.0.0:0 to multicast group 230.0.0.1:6666.
[2022.05.02-20.50.52:350][  0]SourceControl: Source control is disabled
[2022.05.02-20.50.52:350][  0]SourceControl: Source control is disabled
[2022.05.02-20.50.52:353][  0]SourceControl: Source control is disabled
[2022.05.02-20.50.52:361][  0]LogUProjectInfo: Found projects:
[2022.05.02-20.50.52:363][  0]LogVSAccessor: Display: Unable to create Visual Studio setup instance: 80040154
[2022.05.02-20.50.52:365][  0]LogVSAccessor: Display: Unable to create Visual Studio setup instance: 80040154
[2022.05.02-20.50.52:366][  0]LogVSAccessor: Display: Unable to create Visual Studio setup instance: 80040154
[2022.05.02-20.50.52:511][  0]LogOpenImageDenoise: OIDN starting up
[2022.05.02-20.50.52:520][  0]LogAndroidPermission: UAndroidPermissionCallbackProxy::GetInstance
[2022.05.02-20.50.52:551][  0]LogAudioCaptureCore: Display: No Audio Capture implementations found. Audio input will be silent.
[2022.05.02-20.50.52:551][  0]LogAudioCaptureCore: Display: No Audio Capture implementations found. Audio input will be silent.
[2022.05.02-20.50.52:656][  0]LogOcInput: OculusInput pre-init called
[2022.05.02-20.50.52:669][  0]LogUObjectArray: 22082 objects as part of root set at end of initial load.
[2022.05.02-20.50.52:669][  0]LogUObjectAllocator: 5973552 out of 0 bytes used by permanent object pool.
[2022.05.02-20.50.52:669][  0]LogUObjectArray: CloseDisregardForGC: 0/0 objects in disregard for GC pool
[2022.05.02-20.50.52:726][  0]LogEngine: Initializing Engine...
[2022.05.02-20.50.52:728][  0]LogHMD: Failed to enumerate extensions. Please check that you have a valid OpenXR runtime installed.
[2022.05.02-20.50.52:728][  0]LogMagicLeap: Warning: VR disabled because ZI is not enabled.  To enable, in the editor, Edit -> Project Settings -> Plugins -> Magic Leap Plugin -> Enable Zero Iteration
[2022.05.02-20.50.52:730][  0]LogStats: UGameplayTagsManager::InitializeManager -  0.000 s
[2022.05.02-20.50.52:886][  0]LogInit: Initializing FReadOnlyCVARCache
[2022.05.02-20.50.52:886][  0]LogAudio: Display: Initializing Audio Device Manager...
[2022.05.02-20.50.52:892][  0]LogAudio: Display: Loading Default Audio Settings Objects...
[2022.05.02-20.50.52:892][  0]LogAudio: Display: No default SoundConcurrencyObject specified (or failed to load).
[2022.05.02-20.50.52:893][  0]LogAudio: Display: Audio Device Manager Initialized
[2022.05.02-20.50.52:893][  0]LogAudio: Display: Creating Audio Device:                 Id: 1, Scope: Shared, Realtime: True
[2022.05.02-20.50.52:894][  0]LogAudioMixer: Display: Audio Mixer Platform Settings:
[2022.05.02-20.50.52:894][  0]LogAudioMixer: Display: 	Sample Rate:						  48000
[2022.05.02-20.50.52:894][  0]LogAudioMixer: Display: 	Callback Buffer Frame Size Requested: 1024
[2022.05.02-20.50.52:894][  0]LogAudioMixer: Display: 	Callback Buffer Frame Size To Use:	  1024
[2022.05.02-20.50.52:894][  0]LogAudioMixer: Display: 	Number of buffers to queue:			  2
[2022.05.02-20.50.52:894][  0]LogAudioMixer: Display: 	Max Channels (voices):				  32
[2022.05.02-20.50.52:894][  0]LogAudioMixer: Display: 	Number of Async Source Workers:		  0
[2022.05.02-20.50.52:894][  0]LogAudio: Display: AudioDevice MaxSources: 32
[2022.05.02-20.50.52:895][  0]LogAudio: Display: Audio Spatialization Plugin: None (built-in).
[2022.05.02-20.50.52:895][  0]LogAudio: Display: Audio Reverb Plugin: None (built-in).
[2022.05.02-20.50.52:895][  0]LogAudio: Display: Audio Occlusion Plugin: None (built-in).
[2022.05.02-20.50.52:895][  0]LogAudioMixer: Display: Initializing audio mixer.
[2022.05.02-20.50.52:906][  0]LogAudioMixer: Display: 0: FrontLeft
[2022.05.02-20.50.52:907][  0]LogAudioMixer: Display: 1: FrontRight
[2022.05.02-20.50.52:939][  0]LogAudioMixer: Display: Using Audio Device Speakers (Realtek High Definition Audio(SST))
[2022.05.02-20.50.52:947][  0]LogAudioMixer: Display: Initializing Sound Submixes...
[2022.05.02-20.50.52:949][  0]LogAudioMixer: Display: Creating Master Submix 'MasterSubmixDefault'
[2022.05.02-20.50.52:949][  0]LogAudioMixer: Display: Creating Master Submix 'MasterReverbSubmixDefault'
[2022.05.02-20.50.52:949][  0]LogAudioMixer: Display: Creating Master Submix 'MasterEQSubmixDefault'
[2022.05.02-20.50.52:950][  0]LogAudioMixer: FMixerPlatformXAudio2::StartAudioStream() called
[2022.05.02-20.50.52:950][  0]LogAudioMixer: Display: Output buffers initialized: Frames=1024, Channels=2, Samples=2048
[2022.05.02-20.50.52:951][  0]LogAudioMixer: Display: Starting AudioMixerPlatformInterface::RunInternal()
[2022.05.02-20.50.52:951][  0]LogAudioMixer: Display: FMixerPlatformXAudio2::SubmitBuffer() called for the first time
[2022.05.02-20.50.52:951][  0]LogInit: FAudioDevice initialized.
[2022.05.02-20.50.52:954][  0]LogNetVersion: Set ProjectVersion to 1.0.0.0. Version Checksum will be recalculated on next use.
[2022.05.02-20.50.52:954][  0]LogInit: Texture streaming: Enabled
[2022.05.02-20.50.53:050][  0]LogAudio: Display: Audio Device (ID: 1) registered with world 'Untitled'.
[2022.05.02-20.50.53:051][  0]LogSlate: Updating window title bar state: overlay mode, drag disabled, window buttons hidden, title bar hidden
[2022.05.02-20.50.53:053][  0]LogInit: Display: Game Engine Initialized.
[2022.05.02-20.50.53:053][  0]LogNiagaraEditor: GEditor isn't valid! Particle reset commands will not work for Niagara components!
[2022.05.02-20.50.53:139][  0]LogInit: Display: Starting Game.
[2022.05.02-20.50.53:142][  0]LogNet: Browse: /Game/StarterContent/Maps/Minimal_Default?Name=Player
[2022.05.02-20.50.53:142][  0]LogLoad: LoadMap: /Game/StarterContent/Maps/Minimal_Default?Name=Player
[2022.05.02-20.50.53:142][  0]LogWorld: BeginTearingDown for /Temp/Untitled_0
[2022.05.02-20.50.53:151][  0]LogWorld: UWorld::CleanupWorld for Untitled, bSessionEnded=true, bCleanupResources=true
[2022.05.02-20.50.53:151][  0]LogSlate: InvalidateAllWidgets triggered.  All widgets were invalidated
[2022.05.02-20.50.53:160][  0]LogAudio: Display: Audio Device unregistered from world 'None'.
[2022.05.02-20.50.53:165][  0]LogUObjectHash: Compacting FUObjectHashTables data took   1.33ms
[2022.05.02-20.50.53:717][  0]LogAudio: Display: Audio Device (ID: 1) registered with world 'Minimal_Default'.
[2022.05.02-20.50.53:727][  0]LogAIModule: Creating AISystem for world Minimal_Default
[2022.05.02-20.50.53:728][  0]LogLoad: Game class is 'GameMode1_C'
[2022.05.02-20.50.53:766][  0]LogWorld: Bringing World /Game/StarterContent/Maps/Minimal_Default.Minimal_Default up for play (max tick rate 0) at 2022.05.02-22.50.53
[2022.05.02-20.50.53:768][  0]LogWorld: Bringing up level for play took: 0.037645
[2022.05.02-20.50.53:797][  0]LogSlate: Took 0.000309 seconds to synchronously load lazily loaded font '../../../Engine/Content/Slate/Fonts/Roboto-Regular.ttf' (155K)
[2022.05.02-20.50.53:802][  0]LogLoad: Took 0.660071 seconds to LoadMap(/Game/StarterContent/Maps/Minimal_Default)
[2022.05.02-20.50.53:885][  0]LogRenderer: Reallocating scene render targets to support 1024x1024 Format 10 NumSamples 1 (Frame:1).
[2022.05.02-20.50.53:885][  0]LogRenderer: Reallocating scene render targets to support 1280x1024 Format 10 NumSamples 1 (Frame:1).
[2022.05.02-20.50.53:885][  0]LogInit: Display: Engine is initialized. Leaving FEngineLoop::Init()
[2022.05.02-20.50.53:885][  0]LogLoad: (Engine Initialization) Total time: 8.98 seconds
[2022.05.02-20.50.53:885][  0]LogLoad: (Engine Initialization) Total Blueprint compile time: 0.00 seconds
[2022.05.02-20.50.53:913][  0]LogContentStreaming: Texture pool size now 1000 MB
[2022.05.02-20.50.53:921][  0]LogSlate: InvalidateAllWidgets triggered.  All widgets were invalidated
[2022.05.02-20.50.54:647][  1]LogSlate: Took 0.000257 seconds to synchronously load lazily loaded font '../../../Engine/Content/Slate/Fonts/Roboto-Regular.ttf' (155K)
[2022.05.02-20.50.54:950][  4]LogRenderer: Reallocating scene render targets to support 1280x720 Format 10 NumSamples 1 (Frame:4).
